<?xml version="1.0" encoding="UTF-8"?>
<testsuite name="ch.ergon.zebra.monitoring.service.file.FileServiceTest" tests="3" skipped="0" failures="0" errors="0" timestamp="2015-05-29T08:09:32" hostname="SESA" time="0.004">
  <properties/>
  <testcase name="testAbortFileService" classname="ch.ergon.zebra.monitoring.service.file.FileServiceTest" time="0.003"/>
  <testcase name="testFinishFileService" classname="ch.ergon.zebra.monitoring.service.file.FileServiceTest" time="0.0"/>
  <testcase name="testStartFileService" classname="ch.ergon.zebra.monitoring.service.file.FileServiceTest" time="0.0"/>
  <system-out><![CDATA[]]></system-out>
  <system-err><![CDATA[]]></system-err>
</testsuite>
