<?xml version="1.0" encoding="UTF-8"?>
<testsuite name="ch.ergon.zebra.monitoring.service.memory.MemoryUsageMappingsTest" tests="1" skipped="0" failures="0" errors="0" timestamp="2015-05-29T08:09:32" hostname="SESA" time="0.002">
  <properties/>
  <testcase name="testCreateMemoryUsage" classname="ch.ergon.zebra.monitoring.service.memory.MemoryUsageMappingsTest" time="0.002"/>
  <system-out><![CDATA[]]></system-out>
  <system-err><![CDATA[]]></system-err>
</testsuite>
