<?xml version="1.0" encoding="UTF-8"?>
<testsuite name="ch.ergon.zebra.monitoring.service.config.ImporterConfigurationTest" tests="3" skipped="0" failures="0" errors="0" timestamp="2015-05-29T08:09:32" hostname="SESA" time="0.001">
  <properties/>
  <testcase name="testDoneDirectoryNull" classname="ch.ergon.zebra.monitoring.service.config.ImporterConfigurationTest" time="0.001"/>
  <testcase name="testFailedDirectoryNull" classname="ch.ergon.zebra.monitoring.service.config.ImporterConfigurationTest" time="0.0"/>
  <testcase name="testPendingDirectoryNull" classname="ch.ergon.zebra.monitoring.service.config.ImporterConfigurationTest" time="0.0"/>
  <system-out><![CDATA[]]></system-out>
  <system-err><![CDATA[]]></system-err>
</testsuite>
