<?xml version="1.0" encoding="UTF-8"?>
<testsuite name="ch.ergon.zebra.monitoring.service.cpu.CpuUsageMappingsTest" tests="1" skipped="0" failures="0" errors="0" timestamp="2015-05-29T08:09:32" hostname="SESA" time="0.015">
  <properties/>
  <testcase name="testCreateCpuUsage" classname="ch.ergon.zebra.monitoring.service.cpu.CpuUsageMappingsTest" time="0.015"/>
  <system-out><![CDATA[]]></system-out>
  <system-err><![CDATA[]]></system-err>
</testsuite>
