<?xml version="1.0" encoding="UTF-8"?>
<testsuite name="ch.ergon.zebra.monitoring.data.profiling.SqlUseCaseProfilerRepositoryTest" tests="6" skipped="0" failures="0" errors="0" timestamp="2015-05-29T08:09:18" hostname="SESA" time="0.197">
  <properties/>
  <testcase name="testFindForElasticsearchWithPaging" classname="ch.ergon.zebra.monitoring.data.profiling.SqlUseCaseProfilerRepositoryTest" time="0.044"/>
  <testcase name="testGetMaxId" classname="ch.ergon.zebra.monitoring.data.profiling.SqlUseCaseProfilerRepositoryTest" time="0.03"/>
  <testcase name="testFindHashes" classname="ch.ergon.zebra.monitoring.data.profiling.SqlUseCaseProfilerRepositoryTest" time="0.033"/>
  <testcase name="testFindById" classname="ch.ergon.zebra.monitoring.data.profiling.SqlUseCaseProfilerRepositoryTest" time="0.026"/>
  <testcase name="testDataExists" classname="ch.ergon.zebra.monitoring.data.profiling.SqlUseCaseProfilerRepositoryTest" time="0.029"/>
  <testcase name="testFindForElasticsearch" classname="ch.ergon.zebra.monitoring.data.profiling.SqlUseCaseProfilerRepositoryTest" time="0.031"/>
  <system-out><![CDATA[10:09:18.870 [Test worker] INFO  o.f.c.i.dbsupport.DbSupportFactory - Database: jdbc:h2:mem:test (H2 1.4)
10:09:18.870 [Test worker] DEBUG org.flywaydb.core.Flyway - DDL Transactions Supported: false
10:09:18.871 [Test worker] DEBUG org.flywaydb.core.Flyway - Schema: PUBLIC
10:09:18.871 [Test worker] DEBUG o.f.c.i.u.s.c.ClassPathScanner - Scanning for classpath resources at 'db/migration/h2' (Prefix: '', Suffix: '.sql')
10:09:18.871 [Test worker] DEBUG o.f.c.i.u.s.c.ClassPathScanner - Scanning URL: file:/C:/Workspace/ergon.zebra/zebra-utils/monitoring/monitoring-data/build/resources/main/db/migration/h2
10:09:18.871 [Test worker] DEBUG o.f.c.internal.util.FeatureDetector - JBoss VFS v2 available: false
10:09:18.871 [Test worker] DEBUG o.f.c.i.u.s.c.FileSystemClassPathLocationScanner - Scanning starting at classpath root in filesystem: C:\Workspace\ergon.zebra\zebra-utils\monitoring\monitoring-data\build\resources\main\
10:09:18.871 [Test worker] DEBUG o.f.c.i.u.s.c.FileSystemClassPathLocationScanner - Scanning for resources in path: C:\Workspace\ergon.zebra\zebra-utils\monitoring\monitoring-data\build\resources\main\db\migration\h2 (db/migration/h2)
10:09:18.872 [Test worker] DEBUG o.f.c.i.u.s.c.ClassPathScanner - Found resource: db/migration/h2/V1__Create_profiling_table.sql
10:09:18.872 [Test worker] DEBUG o.f.c.i.u.s.c.ClassPathScanner - Found resource: db/migration/h2/V2__Create_cpu_table.sql
10:09:18.872 [Test worker] DEBUG o.f.c.i.u.s.c.ClassPathScanner - Found resource: db/migration/h2/V3__Create_memory_table.sql
10:09:18.872 [Test worker] DEBUG o.f.c.i.u.s.c.ClassPathScanner - Found resource: db/migration/h2/V4__Create_imported_file_table.sql
10:09:18.872 [Test worker] DEBUG o.f.c.i.u.s.c.ClassPathScanner - Found resource: db/migration/h2/V5__Create_events_table.sql
10:09:18.872 [Test worker] DEBUG o.f.c.internal.util.FeatureDetector - Spring Jdbc available: false
10:09:18.872 [Test worker] DEBUG o.f.core.internal.command.DbValidate - Validating migrations ...
10:09:18.872 [Test worker] DEBUG o.f.c.i.u.s.c.ClassPathScanner - Scanning for classpath resources at 'db/migration/h2' (Prefix: 'V', Suffix: '.sql')
10:09:18.872 [Test worker] DEBUG o.f.c.i.u.s.c.ClassPathScanner - Scanning URL: file:/C:/Workspace/ergon.zebra/zebra-utils/monitoring/monitoring-data/build/resources/main/db/migration/h2
10:09:18.873 [Test worker] DEBUG o.f.c.internal.util.FeatureDetector - JBoss VFS v2 available: false
10:09:18.873 [Test worker] DEBUG o.f.c.i.u.s.c.FileSystemClassPathLocationScanner - Scanning starting at classpath root in filesystem: C:\Workspace\ergon.zebra\zebra-utils\monitoring\monitoring-data\build\resources\main\
10:09:18.873 [Test worker] DEBUG o.f.c.i.u.s.c.FileSystemClassPathLocationScanner - Scanning for resources in path: C:\Workspace\ergon.zebra\zebra-utils\monitoring\monitoring-data\build\resources\main\db\migration\h2 (db/migration/h2)
10:09:18.873 [Test worker] DEBUG o.f.c.i.u.s.c.ClassPathScanner - Found resource: db/migration/h2/V1__Create_profiling_table.sql
10:09:18.873 [Test worker] DEBUG o.f.c.i.u.s.c.ClassPathScanner - Found resource: db/migration/h2/V2__Create_cpu_table.sql
10:09:18.873 [Test worker] DEBUG o.f.c.i.u.s.c.ClassPathScanner - Found resource: db/migration/h2/V3__Create_memory_table.sql
10:09:18.873 [Test worker] DEBUG o.f.c.i.u.s.c.ClassPathScanner - Found resource: db/migration/h2/V4__Create_imported_file_table.sql
10:09:18.873 [Test worker] DEBUG o.f.c.i.u.s.c.ClassPathScanner - Found resource: db/migration/h2/V5__Create_events_table.sql
10:09:18.875 [Test worker] DEBUG o.f.c.i.u.s.c.ClassPathScanner - Scanning for classes at 'db/migration/h2' (Implementing: 'org.flywaydb.core.api.migration.jdbc.JdbcMigration')
10:09:18.875 [Test worker] DEBUG o.f.c.i.u.s.c.ClassPathScanner - Scanning URL: file:/C:/Workspace/ergon.zebra/zebra-utils/monitoring/monitoring-data/build/resources/main/db/migration/h2
10:09:18.875 [Test worker] DEBUG o.f.c.internal.util.FeatureDetector - JBoss VFS v2 available: false
10:09:18.875 [Test worker] DEBUG o.f.c.i.u.s.c.FileSystemClassPathLocationScanner - Scanning starting at classpath root in filesystem: C:\Workspace\ergon.zebra\zebra-utils\monitoring\monitoring-data\build\resources\main\
10:09:18.875 [Test worker] DEBUG o.f.c.i.u.s.c.FileSystemClassPathLocationScanner - Scanning for resources in path: C:\Workspace\ergon.zebra\zebra-utils\monitoring\monitoring-data\build\resources\main\db\migration\h2 (db/migration/h2)
10:09:18.875 [Test worker] DEBUG o.f.c.i.u.s.c.ClassPathScanner - Filtering out resource: db/migration/h2/V1__Create_profiling_table.sql (filename: V1__Create_profiling_table.sql)
10:09:18.875 [Test worker] DEBUG o.f.c.i.u.s.c.ClassPathScanner - Filtering out resource: db/migration/h2/V2__Create_cpu_table.sql (filename: V2__Create_cpu_table.sql)
10:09:18.875 [Test worker] DEBUG o.f.c.i.u.s.c.ClassPathScanner - Filtering out resource: db/migration/h2/V3__Create_memory_table.sql (filename: V3__Create_memory_table.sql)
10:09:18.875 [Test worker] DEBUG o.f.c.i.u.s.c.ClassPathScanner - Filtering out resource: db/migration/h2/V4__Create_imported_file_table.sql (filename: V4__Create_imported_file_table.sql)
10:09:18.876 [Test worker] DEBUG o.f.c.i.u.s.c.ClassPathScanner - Filtering out resource: db/migration/h2/V5__Create_events_table.sql (filename: V5__Create_events_table.sql)
10:09:18.876 [Test worker] INFO  o.f.core.internal.command.DbValidate - Validated 5 migrations (execution time 00:00.004s)
10:09:18.876 [Test worker] DEBUG o.f.core.internal.command.DbSchemas - Schema "PUBLIC" already exists. Skipping schema creation.
10:09:18.877 [Test worker] INFO  o.f.c.i.m.MetaDataTableImpl - Creating Metadata table: "PUBLIC"."schema_version"
10:09:18.878 [Test worker] DEBUG o.f.c.internal.dbsupport.SqlScript - Found statement at line 17: CREATE TABLE "PUBLIC"."schema_version" (
    "version_rank" INT NOT NULL,
    "installed_rank" INT NOT NULL,
    "version" VARCHAR(50) NOT NULL,
    "description" VARCHAR(200) NOT NULL,
    "type" VARCHAR(20) NOT NULL,
    "script" VARCHAR(1000) NOT NULL,
    "checksum" INT,
    "installed_by" VARCHAR(100) NOT NULL,
    "installed_on" TIMESTAMP NOT NULL DEFAULT CURRENT_TIMESTAMP,
    "execution_time" INT NOT NULL,
    "success" BOOLEAN NOT NULL
)
10:09:18.878 [Test worker] DEBUG o.f.c.internal.dbsupport.SqlScript - Found statement at line 30: ALTER TABLE "PUBLIC"."schema_version" ADD CONSTRAINT "schema_version_pk" PRIMARY KEY ("version")
10:09:18.878 [Test worker] DEBUG o.f.c.internal.dbsupport.SqlScript - Found statement at line 32: CREATE INDEX "PUBLIC"."schema_version_vr_idx" ON "PUBLIC"."schema_version" ("version_rank")
10:09:18.878 [Test worker] DEBUG o.f.c.internal.dbsupport.SqlScript - Found statement at line 33: CREATE INDEX "PUBLIC"."schema_version_ir_idx" ON "PUBLIC"."schema_version" ("installed_rank")
10:09:18.878 [Test worker] DEBUG o.f.c.internal.dbsupport.SqlScript - Found statement at line 34: CREATE INDEX "PUBLIC"."schema_version_s_idx" ON "PUBLIC"."schema_version" ("success")
10:09:18.878 [Test worker] DEBUG o.f.c.internal.dbsupport.SqlScript - Executing SQL: CREATE TABLE "PUBLIC"."schema_version" (
    "version_rank" INT NOT NULL,
    "installed_rank" INT NOT NULL,
    "version" VARCHAR(50) NOT NULL,
    "description" VARCHAR(200) NOT NULL,
    "type" VARCHAR(20) NOT NULL,
    "script" VARCHAR(1000) NOT NULL,
    "checksum" INT,
    "installed_by" VARCHAR(100) NOT NULL,
    "installed_on" TIMESTAMP NOT NULL DEFAULT CURRENT_TIMESTAMP,
    "execution_time" INT NOT NULL,
    "success" BOOLEAN NOT NULL
)
10:09:18.879 [Test worker] DEBUG o.f.c.internal.dbsupport.SqlScript - Executing SQL: ALTER TABLE "PUBLIC"."schema_version" ADD CONSTRAINT "schema_version_pk" PRIMARY KEY ("version")
10:09:18.879 [Test worker] DEBUG o.f.c.internal.dbsupport.SqlScript - Executing SQL: CREATE INDEX "PUBLIC"."schema_version_vr_idx" ON "PUBLIC"."schema_version" ("version_rank")
10:09:18.879 [Test worker] DEBUG o.f.c.internal.dbsupport.SqlScript - Executing SQL: CREATE INDEX "PUBLIC"."schema_version_ir_idx" ON "PUBLIC"."schema_version" ("installed_rank")
10:09:18.879 [Test worker] DEBUG o.f.c.internal.dbsupport.SqlScript - Executing SQL: CREATE INDEX "PUBLIC"."schema_version_s_idx" ON "PUBLIC"."schema_version" ("success")
10:09:18.879 [Test worker] DEBUG o.f.c.i.m.MetaDataTableImpl - Metadata table "PUBLIC"."schema_version" created.
10:09:18.879 [Test worker] DEBUG o.f.core.internal.dbsupport.Table - Locking table "PUBLIC"."schema_version"...
10:09:18.879 [Test worker] DEBUG o.f.core.internal.dbsupport.Table - Lock acquired for table "PUBLIC"."schema_version"
10:09:18.880 [Test worker] INFO  o.f.core.internal.command.DbMigrate - Current version of schema "PUBLIC": << Empty Schema >>
10:09:18.880 [Test worker] INFO  o.f.core.internal.command.DbMigrate - Migrating schema "PUBLIC" to version 1 - Create profiling table
10:09:18.881 [Test worker] DEBUG o.f.c.internal.dbsupport.SqlScript - Found statement at line 1: CREATE TABLE PROFILING
  (
    ID                             BIGINT PRIMARY KEY AUTO_INCREMENT,
    CLIENT                         VARCHAR(255) NOT NULL,
    ENVIRONMENT                    VARCHAR(255) NOT NULL,
    USECASE_ID                     VARCHAR(255),
    SERVER_EXECUTION_TIME_MS       DECIMAL(65535,2),
    SERVER_WAIT_TIME_MS            DECIMAL(65535,2),
    SERVER_EXEC_NO_WAIT_TIME_MS    DECIMAL(65535,2),
    SERVER_OVERHEAD_TIME_MS        DECIMAL(65535,2),
    REQUEST_ID                     DECIMAL(65535,2),
    SESSION_ID                     VARCHAR(255),
    SESSION_AGE_IN_MINUTES         DECIMAL(65535,2),
    USER_AGENT                     VARCHAR(255),
    HOST                           VARCHAR(255),
    CLIENT_IP_ADDRESS              VARCHAR(255),
    USECASE_EXPECTS_NAV_TIME       TINYINT CHECK(USECASE_EXPECTS_NAV_TIME = 1 || USECASE_EXPECTS_NAV_TIME = 0),
    STATEMENTS_EXECUTED            DECIMAL(65535,2),
    TOTAL_EXECUTION_TIME_MS        DECIMAL(65535,2),
    TOTAL_FETCH_TIME_MS            DECIMAL(65535,2),
    TOTAL_DATABASE_TIME_MS         DECIMAL(65535,2),
    MANDANT                        VARCHAR(255),
    LOGIN_NAME                     VARCHAR(255),
    FOCUS_DATE                     DATE,
    FOCUS_DATE_MINUS_SYSTEMDATE    DECIMAL(65535,2),
    FOCUS_KST_NUMMER               VARCHAR(255),
    FOCUS_KST_NR_OF_MITARBEITER    DECIMAL(65535,2),
    NR_OF_ACC_KOSTENSTELLE_TODAY   DECIMAL(65535,2),
    LIMIT_PEE_NUMMER               VARCHAR(255),
    SYS_DATETIME                   TIMESTAMP,
    WEEKDAY                        VARCHAR(255),
    ZEITART_NUMMER                 VARCHAR(255),
    MIN_ACTION_DATE                DATE,
    MAX_ACTION_DATE                DATE,
    MIN_ACTION_DATE_MINUS_SYSDAYS  DECIMAL(65535,2),
    MAX_ACTION_DATE_MINUS_SYSDAYS  DECIMAL(65535,2),
    ACTION_DATE_INTEVAL_DAYS       DECIMAL(65535,2),
    BW_DAUER_MS                    DECIMAL(65535,2),
    BW_MODE                        VARCHAR(255),
    PLANUNGEN_GENERIEREN_TAGE      DECIMAL(65535,2),
    PLANUNGEN_GENERIEREN_DAUER_MS  DECIMAL(65535,2),
    SOLL_GLEICH_IST_TAGE           DECIMAL(65535,2),
    SOLL_GLEICH_IST_DAUER_MS       DECIMAL(65535,2),
    BUCHUNGSLAUF_TAGE              DECIMAL(65535,2),
    BUCHUNGSLAUF_DAUER_MS          DECIMAL(65535,2),
    KONTOLAUF_TAGE                 DECIMAL(65535,2),
    KONTOLAUF_DAUER_MS             DECIMAL(65535,2),
    KONTOLAUF_ITERATIONEN          DECIMAL(65535,2),
    PLANUNGEN_NEURECHNEN_TAGE      DECIMAL(65535,2),
    PLANUNGEN_NEURECHNEN_DAUER_MS  DECIMAL(65535,2),
    FORCE_PLANUNG_NEURECHNEN       TINYINT CHECK(FORCE_PLANUNG_NEURECHNEN = 1 || FORCE_PLANUNG_NEURECHNEN = 0),
    ZEITART_REGEL_ENFORCM_ANZAHL   DECIMAL(65535,2),
    ZEITART_REGEL_ENFORCM_DAUER_MS DECIMAL(65535,2),
    WOCHE_NEU_RECHNEN_ANZAHL       DECIMAL(65535,2),
    WOCHE_NEU_RECHNEN_DAUER_MS     DECIMAL(65535,2),
    SYSTEM_CPU_LOAD                DECIMAL(65535,2),
    PROCESS_CPU_LOAD               DECIMAL(65535,2),
    SYSTEM_LOAD_AVERAGE            DECIMAL(65535,2),
    ZEBRA_VERSION                  VARCHAR(255),
    JAVA_VERSION                   VARCHAR(255),
    PAGE_LOADS_PER_SECOND          DECIMAL(65535,2),
    ACTIVE_SESSIONS_1              DECIMAL(65535,2),
    ACTIVE_SESSIONS_5              DECIMAL(65535,2),
    REAL_SERVER_TIME               TINYINT CHECK(REAL_SERVER_TIME = 1 || REAL_SERVER_TIME = 0),
    NAVIGATION_TIME_RECEIVED       TINYINT CHECK(NAVIGATION_TIME_RECEIVED = 1 || NAVIGATION_TIME_RECEIVED = 0),
    NAVIGATION_START               DECIMAL(65535,2),
    UNLOAD_EVENT_START             DECIMAL(65535,2),
    UNLOAD_EVENT_END               DECIMAL(65535,2),
    UNLOAD_EVENT_DURATION          DECIMAL(65535,2),
    REDIRECT_START                 DECIMAL(65535,2),
    REDIRECT_END                   DECIMAL(65535,2),
    REDIRECT_DURATION              DECIMAL(65535,2),
    FETCH_START                    DECIMAL(65535,2),
    DOMAIN_LOOKUP_START            DECIMAL(65535,2),
    DOMAIN_LOOKUP_END              DECIMAL(65535,2),
    DOMAIN_LOOKUP_DURATION         DECIMAL(65535,2),
    CONNECT_START                  DECIMAL(65535,2),
    CONNECT_END                    DECIMAL(65535,2),
    CONNECT_DURATION               DECIMAL(65535,2),
    REQUEST_START                  DECIMAL(65535,2),
    RESPONSE_START                 DECIMAL(65535,2),
    RESPONSE_END                   DECIMAL(65535,2),
    RESPONSE_DURATION              DECIMAL(65535,2),
    REQUEST_TO_RESPONSE_DURATION   DECIMAL(65535,2),
    DOM_LOADING                    DECIMAL(65535,2),
    DOM_INTERACTIVE                DECIMAL(65535,2),
    DOM_CONTENT_LOADED_EVENT_START DECIMAL(65535,2),
    DOM_CONTENT_LOADED_EVENT_END   DECIMAL(65535,2),
    DOM_CONTENT_LOADED_EVENT       DECIMAL(65535,2),
    DOM_COMPLETE_DURATION          DECIMAL(65535,2),
    LOAD_EVENT_START               DECIMAL(65535,2),
    LOAD_EVENT_END                 DECIMAL(65535,2),
    LOAD_EVENT_DURATION            DECIMAL(65535,2),
    LATENCY_DURATION               DECIMAL(65535,2),
    PAGE_LOAD_DURATION             DECIMAL(65535,2),
    TOTAL_TIME_DURATION            DECIMAL(65535,2),
    MS_FIRST_PAINT                 DECIMAL(65535,2),
    MS_FIRST_PAINT_NAVSTARTDUR_MS  DECIMAL(65535,2),
    MS_FIRST_PAINT_LOAD_ENDDUR_MS  DECIMAL(65535,2),
    TYPE_NAME                      VARCHAR(255),
    REDIRECT_COUNT                 DECIMAL(65535,2),
    HASH 						   CHAR(64)
  )
10:09:18.881 [Test worker] DEBUG o.f.c.internal.dbsupport.SqlScript - Executing SQL: CREATE TABLE PROFILING
  (
    ID                             BIGINT PRIMARY KEY AUTO_INCREMENT,
    CLIENT                         VARCHAR(255) NOT NULL,
    ENVIRONMENT                    VARCHAR(255) NOT NULL,
    USECASE_ID                     VARCHAR(255),
    SERVER_EXECUTION_TIME_MS       DECIMAL(65535,2),
    SERVER_WAIT_TIME_MS            DECIMAL(65535,2),
    SERVER_EXEC_NO_WAIT_TIME_MS    DECIMAL(65535,2),
    SERVER_OVERHEAD_TIME_MS        DECIMAL(65535,2),
    REQUEST_ID                     DECIMAL(65535,2),
    SESSION_ID                     VARCHAR(255),
    SESSION_AGE_IN_MINUTES         DECIMAL(65535,2),
    USER_AGENT                     VARCHAR(255),
    HOST                           VARCHAR(255),
    CLIENT_IP_ADDRESS              VARCHAR(255),
    USECASE_EXPECTS_NAV_TIME       TINYINT CHECK(USECASE_EXPECTS_NAV_TIME = 1 || USECASE_EXPECTS_NAV_TIME = 0),
    STATEMENTS_EXECUTED            DECIMAL(65535,2),
    TOTAL_EXECUTION_TIME_MS        DECIMAL(65535,2),
    TOTAL_FETCH_TIME_MS            DECIMAL(65535,2),
    TOTAL_DATABASE_TIME_MS         DECIMAL(65535,2),
    MANDANT                        VARCHAR(255),
    LOGIN_NAME                     VARCHAR(255),
    FOCUS_DATE                     DATE,
    FOCUS_DATE_MINUS_SYSTEMDATE    DECIMAL(65535,2),
    FOCUS_KST_NUMMER               VARCHAR(255),
    FOCUS_KST_NR_OF_MITARBEITER    DECIMAL(65535,2),
    NR_OF_ACC_KOSTENSTELLE_TODAY   DECIMAL(65535,2),
    LIMIT_PEE_NUMMER               VARCHAR(255),
    SYS_DATETIME                   TIMESTAMP,
    WEEKDAY                        VARCHAR(255),
    ZEITART_NUMMER                 VARCHAR(255),
    MIN_ACTION_DATE                DATE,
    MAX_ACTION_DATE                DATE,
    MIN_ACTION_DATE_MINUS_SYSDAYS  DECIMAL(65535,2),
    MAX_ACTION_DATE_MINUS_SYSDAYS  DECIMAL(65535,2),
    ACTION_DATE_INTEVAL_DAYS       DECIMAL(65535,2),
    BW_DAUER_MS                    DECIMAL(65535,2),
    BW_MODE                        VARCHAR(255),
    PLANUNGEN_GENERIEREN_TAGE      DECIMAL(65535,2),
    PLANUNGEN_GENERIEREN_DAUER_MS  DECIMAL(65535,2),
    SOLL_GLEICH_IST_TAGE           DECIMAL(65535,2),
    SOLL_GLEICH_IST_DAUER_MS       DECIMAL(65535,2),
    BUCHUNGSLAUF_TAGE              DECIMAL(65535,2),
    BUCHUNGSLAUF_DAUER_MS          DECIMAL(65535,2),
    KONTOLAUF_TAGE                 DECIMAL(65535,2),
    KONTOLAUF_DAUER_MS             DECIMAL(65535,2),
    KONTOLAUF_ITERATIONEN          DECIMAL(65535,2),
    PLANUNGEN_NEURECHNEN_TAGE      DECIMAL(65535,2),
    PLANUNGEN_NEURECHNEN_DAUER_MS  DECIMAL(65535,2),
    FORCE_PLANUNG_NEURECHNEN       TINYINT CHECK(FORCE_PLANUNG_NEURECHNEN = 1 || FORCE_PLANUNG_NEURECHNEN = 0),
    ZEITART_REGEL_ENFORCM_ANZAHL   DECIMAL(65535,2),
    ZEITART_REGEL_ENFORCM_DAUER_MS DECIMAL(65535,2),
    WOCHE_NEU_RECHNEN_ANZAHL       DECIMAL(65535,2),
    WOCHE_NEU_RECHNEN_DAUER_MS     DECIMAL(65535,2),
    SYSTEM_CPU_LOAD                DECIMAL(65535,2),
    PROCESS_CPU_LOAD               DECIMAL(65535,2),
    SYSTEM_LOAD_AVERAGE            DECIMAL(65535,2),
    ZEBRA_VERSION                  VARCHAR(255),
    JAVA_VERSION                   VARCHAR(255),
    PAGE_LOADS_PER_SECOND          DECIMAL(65535,2),
    ACTIVE_SESSIONS_1              DECIMAL(65535,2),
    ACTIVE_SESSIONS_5              DECIMAL(65535,2),
    REAL_SERVER_TIME               TINYINT CHECK(REAL_SERVER_TIME = 1 || REAL_SERVER_TIME = 0),
    NAVIGATION_TIME_RECEIVED       TINYINT CHECK(NAVIGATION_TIME_RECEIVED = 1 || NAVIGATION_TIME_RECEIVED = 0),
    NAVIGATION_START               DECIMAL(65535,2),
    UNLOAD_EVENT_START             DECIMAL(65535,2),
    UNLOAD_EVENT_END               DECIMAL(65535,2),
    UNLOAD_EVENT_DURATION          DECIMAL(65535,2),
    REDIRECT_START                 DECIMAL(65535,2),
    REDIRECT_END                   DECIMAL(65535,2),
    REDIRECT_DURATION              DECIMAL(65535,2),
    FETCH_START                    DECIMAL(65535,2),
    DOMAIN_LOOKUP_START            DECIMAL(65535,2),
    DOMAIN_LOOKUP_END              DECIMAL(65535,2),
    DOMAIN_LOOKUP_DURATION         DECIMAL(65535,2),
    CONNECT_START                  DECIMAL(65535,2),
    CONNECT_END                    DECIMAL(65535,2),
    CONNECT_DURATION               DECIMAL(65535,2),
    REQUEST_START                  DECIMAL(65535,2),
    RESPONSE_START                 DECIMAL(65535,2),
    RESPONSE_END                   DECIMAL(65535,2),
    RESPONSE_DURATION              DECIMAL(65535,2),
    REQUEST_TO_RESPONSE_DURATION   DECIMAL(65535,2),
    DOM_LOADING                    DECIMAL(65535,2),
    DOM_INTERACTIVE                DECIMAL(65535,2),
    DOM_CONTENT_LOADED_EVENT_START DECIMAL(65535,2),
    DOM_CONTENT_LOADED_EVENT_END   DECIMAL(65535,2),
    DOM_CONTENT_LOADED_EVENT       DECIMAL(65535,2),
    DOM_COMPLETE_DURATION          DECIMAL(65535,2),
    LOAD_EVENT_START               DECIMAL(65535,2),
    LOAD_EVENT_END                 DECIMAL(65535,2),
    LOAD_EVENT_DURATION            DECIMAL(65535,2),
    LATENCY_DURATION               DECIMAL(65535,2),
    PAGE_LOAD_DURATION             DECIMAL(65535,2),
    TOTAL_TIME_DURATION            DECIMAL(65535,2),
    MS_FIRST_PAINT                 DECIMAL(65535,2),
    MS_FIRST_PAINT_NAVSTARTDUR_MS  DECIMAL(65535,2),
    MS_FIRST_PAINT_LOAD_ENDDUR_MS  DECIMAL(65535,2),
    TYPE_NAME                      VARCHAR(255),
    REDIRECT_COUNT                 DECIMAL(65535,2),
    HASH 						   CHAR(64)
  )
10:09:18.882 [Test worker] DEBUG o.f.core.internal.command.DbMigrate - Successfully completed and committed migration of schema "PUBLIC" to version 1
10:09:18.882 [Test worker] DEBUG o.f.c.i.m.MetaDataTableImpl - MetaData table "PUBLIC"."schema_version" successfully updated to reflect changes
10:09:18.883 [Test worker] DEBUG o.f.core.internal.dbsupport.Table - Locking table "PUBLIC"."schema_version"...
10:09:18.883 [Test worker] DEBUG o.f.core.internal.dbsupport.Table - Lock acquired for table "PUBLIC"."schema_version"
10:09:18.883 [Test worker] INFO  o.f.core.internal.command.DbMigrate - Migrating schema "PUBLIC" to version 2 - Create cpu table
10:09:18.883 [Test worker] DEBUG o.f.c.internal.dbsupport.SqlScript - Found statement at line 1: CREATE TABLE CPU_USAGE
  (
    ID              BIGINT PRIMARY KEY AUTO_INCREMENT,
    CLIENT          VARCHAR(255) NOT NULL,
    ENVIRONMENT     VARCHAR(255) NOT NULL,
    SYS_DATETIME    TIMESTAMP,
    CPU_USAGE       DECIMAL(65535,2),
    HASH 			CHAR(64)
  )
10:09:18.883 [Test worker] DEBUG o.f.c.internal.dbsupport.SqlScript - Executing SQL: CREATE TABLE CPU_USAGE
  (
    ID              BIGINT PRIMARY KEY AUTO_INCREMENT,
    CLIENT          VARCHAR(255) NOT NULL,
    ENVIRONMENT     VARCHAR(255) NOT NULL,
    SYS_DATETIME    TIMESTAMP,
    CPU_USAGE       DECIMAL(65535,2),
    HASH 			CHAR(64)
  )
10:09:18.884 [Test worker] DEBUG o.f.core.internal.command.DbMigrate - Successfully completed and committed migration of schema "PUBLIC" to version 2
10:09:18.884 [Test worker] DEBUG o.f.c.i.m.MetaDataTableImpl - MetaData table "PUBLIC"."schema_version" successfully updated to reflect changes
10:09:18.884 [Test worker] DEBUG o.f.core.internal.dbsupport.Table - Locking table "PUBLIC"."schema_version"...
10:09:18.885 [Test worker] DEBUG o.f.core.internal.dbsupport.Table - Lock acquired for table "PUBLIC"."schema_version"
10:09:18.885 [Test worker] INFO  o.f.core.internal.command.DbMigrate - Migrating schema "PUBLIC" to version 3 - Create memory table
10:09:18.885 [Test worker] DEBUG o.f.c.internal.dbsupport.SqlScript - Found statement at line 1: CREATE TABLE MEMORY_USAGE
  (
    ID              BIGINT PRIMARY KEY AUTO_INCREMENT,
    CLIENT          VARCHAR(255) NOT NULL,
    ENVIRONMENT     VARCHAR(255) NOT NULL,
    SYS_DATETIME    TIMESTAMP,
    TOTAL_HEAP 		DECIMAL(65535,2),
	FREE_HEAP		DECIMAL(65535,2),
	HASH 			CHAR(64)
  )
10:09:18.885 [Test worker] DEBUG o.f.c.internal.dbsupport.SqlScript - Executing SQL: CREATE TABLE MEMORY_USAGE
  (
    ID              BIGINT PRIMARY KEY AUTO_INCREMENT,
    CLIENT          VARCHAR(255) NOT NULL,
    ENVIRONMENT     VARCHAR(255) NOT NULL,
    SYS_DATETIME    TIMESTAMP,
    TOTAL_HEAP 		DECIMAL(65535,2),
	FREE_HEAP		DECIMAL(65535,2),
	HASH 			CHAR(64)
  )
10:09:18.886 [Test worker] DEBUG o.f.core.internal.command.DbMigrate - Successfully completed and committed migration of schema "PUBLIC" to version 3
10:09:18.886 [Test worker] DEBUG o.f.c.i.m.MetaDataTableImpl - MetaData table "PUBLIC"."schema_version" successfully updated to reflect changes
10:09:18.886 [Test worker] DEBUG o.f.core.internal.dbsupport.Table - Locking table "PUBLIC"."schema_version"...
10:09:18.886 [Test worker] DEBUG o.f.core.internal.dbsupport.Table - Lock acquired for table "PUBLIC"."schema_version"
10:09:18.887 [Test worker] INFO  o.f.core.internal.command.DbMigrate - Migrating schema "PUBLIC" to version 4 - Create imported file table
10:09:18.887 [Test worker] DEBUG o.f.c.internal.dbsupport.SqlScript - Found statement at line 1: CREATE TABLE IMPORTED_FILE
  (
    ID              BIGINT PRIMARY KEY AUTO_INCREMENT,
    CLIENT          VARCHAR(255) NOT NULL,
    ENVIRONMENT     VARCHAR(255) NOT NULL,
    STATUS          VARCHAR(255),
    IMPORT_DATETIME TIMESTAMP,
    FILENAME        VARCHAR(255) NOT NULL,
    STACKTRACE		CLOB,
    CONSTRAINT UNIQUE_FILE UNIQUE (CLIENT, ENVIRONMENT, FILENAME)
  )
10:09:18.887 [Test worker] DEBUG o.f.c.internal.dbsupport.SqlScript - Executing SQL: CREATE TABLE IMPORTED_FILE
  (
    ID              BIGINT PRIMARY KEY AUTO_INCREMENT,
    CLIENT          VARCHAR(255) NOT NULL,
    ENVIRONMENT     VARCHAR(255) NOT NULL,
    STATUS          VARCHAR(255),
    IMPORT_DATETIME TIMESTAMP,
    FILENAME        VARCHAR(255) NOT NULL,
    STACKTRACE		CLOB,
    CONSTRAINT UNIQUE_FILE UNIQUE (CLIENT, ENVIRONMENT, FILENAME)
  )
10:09:18.887 [Test worker] DEBUG o.f.core.internal.command.DbMigrate - Successfully completed and committed migration of schema "PUBLIC" to version 4
10:09:18.888 [Test worker] DEBUG o.f.c.i.m.MetaDataTableImpl - MetaData table "PUBLIC"."schema_version" successfully updated to reflect changes
10:09:18.888 [Test worker] DEBUG o.f.core.internal.dbsupport.Table - Locking table "PUBLIC"."schema_version"...
10:09:18.888 [Test worker] DEBUG o.f.core.internal.dbsupport.Table - Lock acquired for table "PUBLIC"."schema_version"
10:09:18.889 [Test worker] INFO  o.f.core.internal.command.DbMigrate - Migrating schema "PUBLIC" to version 5 - Create events table
10:09:18.889 [Test worker] DEBUG o.f.c.internal.dbsupport.SqlScript - Found statement at line 1: CREATE TABLE EVENTS 
  (
    ID              BIGINT PRIMARY KEY AUTO_INCREMENT,
    CLIENT          VARCHAR2(255) NOT NULL,
    ENVIRONMENT     VARCHAR2(255) NOT NULL,
    DATUM           DATE, 
    "TYPE"          VARCHAR2(255), 
    BESCHREIBUNG    VARCHAR2(255)
  )
10:09:18.889 [Test worker] DEBUG o.f.c.internal.dbsupport.SqlScript - Found statement at line 11: INSERT INTO EVENTS (CLIENT, ENVIRONMENT, DATUM, TYPE, BESCHREIBUNG) 
  values ('Coop', 'pjazz', parsedatetime('31.01.2015','DD.MM.YYYY'), 'ignore_days', '100% CPU')
10:09:18.889 [Test worker] DEBUG o.f.c.internal.dbsupport.SqlScript - Found statement at line 13: INSERT INTO EVENTS (CLIENT, ENVIRONMENT, DATUM, TYPE, BESCHREIBUNG) 
  values ('Coop', 'pjazz', parsedatetime('05.01.2015','DD.MM.YYYY'), 'ignore_days', '100% CPU')
10:09:18.889 [Test worker] DEBUG o.f.c.internal.dbsupport.SqlScript - Found statement at line 15: INSERT INTO EVENTS (CLIENT, ENVIRONMENT, DATUM, TYPE, BESCHREIBUNG) 
  values ('Coop', 'pjazz', parsedatetime('16.02.2015','DD.MM.YYYY'), 'ignore_days', '100% CPU')
10:09:18.889 [Test worker] DEBUG o.f.c.internal.dbsupport.SqlScript - Executing SQL: CREATE TABLE EVENTS 
  (
    ID              BIGINT PRIMARY KEY AUTO_INCREMENT,
    CLIENT          VARCHAR2(255) NOT NULL,
    ENVIRONMENT     VARCHAR2(255) NOT NULL,
    DATUM           DATE, 
    "TYPE"          VARCHAR2(255), 
    BESCHREIBUNG    VARCHAR2(255)
  )
10:09:18.889 [Test worker] DEBUG o.f.c.internal.dbsupport.SqlScript - Executing SQL: INSERT INTO EVENTS (CLIENT, ENVIRONMENT, DATUM, TYPE, BESCHREIBUNG) 
  values ('Coop', 'pjazz', parsedatetime('31.01.2015','DD.MM.YYYY'), 'ignore_days', '100% CPU')
10:09:18.890 [Test worker] DEBUG o.f.c.internal.dbsupport.SqlScript - Executing SQL: INSERT INTO EVENTS (CLIENT, ENVIRONMENT, DATUM, TYPE, BESCHREIBUNG) 
  values ('Coop', 'pjazz', parsedatetime('05.01.2015','DD.MM.YYYY'), 'ignore_days', '100% CPU')
10:09:18.890 [Test worker] DEBUG o.f.c.internal.dbsupport.SqlScript - Executing SQL: INSERT INTO EVENTS (CLIENT, ENVIRONMENT, DATUM, TYPE, BESCHREIBUNG) 
  values ('Coop', 'pjazz', parsedatetime('16.02.2015','DD.MM.YYYY'), 'ignore_days', '100% CPU')
10:09:18.890 [Test worker] DEBUG o.f.core.internal.command.DbMigrate - Successfully completed and committed migration of schema "PUBLIC" to version 5
10:09:18.890 [Test worker] DEBUG o.f.c.i.m.MetaDataTableImpl - MetaData table "PUBLIC"."schema_version" successfully updated to reflect changes
10:09:18.891 [Test worker] DEBUG o.f.core.internal.dbsupport.Table - Locking table "PUBLIC"."schema_version"...
10:09:18.891 [Test worker] DEBUG o.f.core.internal.dbsupport.Table - Lock acquired for table "PUBLIC"."schema_version"
10:09:18.891 [Test worker] INFO  o.f.core.internal.command.DbMigrate - Successfully applied 5 migrations to schema "PUBLIC" (execution time 00:00.014s).
10:09:18.902 [Test worker] DEBUG c.m.query.sql.dml.SQLInsertClause - insert into PROFILING (FOCUS_KST_NUMMER, CLIENT, TOTAL_FETCH_TIME_MS, ENVIRONMENT, SYS_DATETIME, HASH) values (?, ?, ?, ?, ?, ?)
10:09:18.908 [Test worker] DEBUG c.mysema.query.sql.AbstractSQLQuery - select PROFILING.ID, PROFILING.FOCUS_DATE, PROFILING.FOCUS_KST_NUMMER, PROFILING.SERVER_EXECUTION_TIME_MS, PROFILING.TOTAL_TIME_DURATION, PROFILING.LATENCY_DURATION, PROFILING.PAGE_LOAD_DURATION, PROFILING.USER_AGENT, PROFILING.LOGIN_NAME, PROFILING.USECASE_ID, PROFILING.ZEBRA_VERSION, PROFILING.SYS_DATETIME, PROFILING.TOTAL_EXECUTION_TIME_MS, PROFILING.TOTAL_FETCH_TIME_MS, PROFILING.TOTAL_DATABASE_TIME_MS from PROFILING PROFILING where PROFILING.ID in (select PROFILING.ID from PROFILING PROFILING where PROFILING.ID between ? and ?) and PROFILING.CLIENT = ? and PROFILING.ENVIRONMENT = ? order by PROFILING.ID asc
10:09:18.910 [Test worker] DEBUG c.mysema.query.sql.AbstractSQLQuery - select PROFILING.ID, PROFILING.FOCUS_DATE, PROFILING.FOCUS_KST_NUMMER, PROFILING.SERVER_EXECUTION_TIME_MS, PROFILING.TOTAL_TIME_DURATION, PROFILING.LATENCY_DURATION, PROFILING.PAGE_LOAD_DURATION, PROFILING.USER_AGENT, PROFILING.LOGIN_NAME, PROFILING.USECASE_ID, PROFILING.ZEBRA_VERSION, PROFILING.SYS_DATETIME, PROFILING.TOTAL_EXECUTION_TIME_MS, PROFILING.TOTAL_FETCH_TIME_MS, PROFILING.TOTAL_DATABASE_TIME_MS from PROFILING PROFILING where PROFILING.ID in (select PROFILING.ID from PROFILING PROFILING where PROFILING.ID between ? and ?) and PROFILING.CLIENT = ? and PROFILING.ENVIRONMENT = ? order by PROFILING.ID asc
10:09:18.911 [Test worker] DEBUG c.mysema.query.sql.AbstractSQLQuery - select PROFILING.ID, PROFILING.FOCUS_DATE, PROFILING.FOCUS_KST_NUMMER, PROFILING.SERVER_EXECUTION_TIME_MS, PROFILING.TOTAL_TIME_DURATION, PROFILING.LATENCY_DURATION, PROFILING.PAGE_LOAD_DURATION, PROFILING.USER_AGENT, PROFILING.LOGIN_NAME, PROFILING.USECASE_ID, PROFILING.ZEBRA_VERSION, PROFILING.SYS_DATETIME, PROFILING.TOTAL_EXECUTION_TIME_MS, PROFILING.TOTAL_FETCH_TIME_MS, PROFILING.TOTAL_DATABASE_TIME_MS from PROFILING PROFILING where PROFILING.ID in (select PROFILING.ID from PROFILING PROFILING where PROFILING.ID between ? and ?) and PROFILING.CLIENT = ? and PROFILING.ENVIRONMENT = ? order by PROFILING.ID asc
10:09:18.911 [Test worker] DEBUG c.mysema.query.sql.AbstractSQLQuery - select PROFILING.ID, PROFILING.FOCUS_DATE, PROFILING.FOCUS_KST_NUMMER, PROFILING.SERVER_EXECUTION_TIME_MS, PROFILING.TOTAL_TIME_DURATION, PROFILING.LATENCY_DURATION, PROFILING.PAGE_LOAD_DURATION, PROFILING.USER_AGENT, PROFILING.LOGIN_NAME, PROFILING.USECASE_ID, PROFILING.ZEBRA_VERSION, PROFILING.SYS_DATETIME, PROFILING.TOTAL_EXECUTION_TIME_MS, PROFILING.TOTAL_FETCH_TIME_MS, PROFILING.TOTAL_DATABASE_TIME_MS from PROFILING PROFILING where PROFILING.ID in (select PROFILING.ID from PROFILING PROFILING where PROFILING.ID between ? and ?) and PROFILING.CLIENT = ? and PROFILING.ENVIRONMENT = ? order by PROFILING.ID asc
10:09:18.912 [Test worker] DEBUG c.mysema.query.sql.AbstractSQLQuery - select PROFILING.ID, PROFILING.FOCUS_DATE, PROFILING.FOCUS_KST_NUMMER, PROFILING.SERVER_EXECUTION_TIME_MS, PROFILING.TOTAL_TIME_DURATION, PROFILING.LATENCY_DURATION, PROFILING.PAGE_LOAD_DURATION, PROFILING.USER_AGENT, PROFILING.LOGIN_NAME, PROFILING.USECASE_ID, PROFILING.ZEBRA_VERSION, PROFILING.SYS_DATETIME, PROFILING.TOTAL_EXECUTION_TIME_MS, PROFILING.TOTAL_FETCH_TIME_MS, PROFILING.TOTAL_DATABASE_TIME_MS from PROFILING PROFILING where PROFILING.ID in (select PROFILING.ID from PROFILING PROFILING where PROFILING.ID between ? and ?) and PROFILING.CLIENT = ? and PROFILING.ENVIRONMENT = ? order by PROFILING.ID asc
10:09:18.914 [Test worker] INFO  o.f.c.i.dbsupport.DbSupportFactory - Database: jdbc:h2:mem:test (H2 1.4)
10:09:18.914 [Test worker] DEBUG org.flywaydb.core.Flyway - DDL Transactions Supported: false
10:09:18.915 [Test worker] DEBUG org.flywaydb.core.Flyway - Schema: PUBLIC
10:09:18.915 [Test worker] DEBUG o.f.c.i.u.s.c.ClassPathScanner - Scanning for classpath resources at 'db/migration/h2' (Prefix: '', Suffix: '.sql')
10:09:18.915 [Test worker] DEBUG o.f.c.i.u.s.c.ClassPathScanner - Scanning URL: file:/C:/Workspace/ergon.zebra/zebra-utils/monitoring/monitoring-data/build/resources/main/db/migration/h2
10:09:18.915 [Test worker] DEBUG o.f.c.internal.util.FeatureDetector - JBoss VFS v2 available: false
10:09:18.915 [Test worker] DEBUG o.f.c.i.u.s.c.FileSystemClassPathLocationScanner - Scanning starting at classpath root in filesystem: C:\Workspace\ergon.zebra\zebra-utils\monitoring\monitoring-data\build\resources\main\
10:09:18.915 [Test worker] DEBUG o.f.c.i.u.s.c.FileSystemClassPathLocationScanner - Scanning for resources in path: C:\Workspace\ergon.zebra\zebra-utils\monitoring\monitoring-data\build\resources\main\db\migration\h2 (db/migration/h2)
10:09:18.915 [Test worker] DEBUG o.f.c.i.u.s.c.ClassPathScanner - Found resource: db/migration/h2/V1__Create_profiling_table.sql
10:09:18.915 [Test worker] DEBUG o.f.c.i.u.s.c.ClassPathScanner - Found resource: db/migration/h2/V2__Create_cpu_table.sql
10:09:18.915 [Test worker] DEBUG o.f.c.i.u.s.c.ClassPathScanner - Found resource: db/migration/h2/V3__Create_memory_table.sql
10:09:18.915 [Test worker] DEBUG o.f.c.i.u.s.c.ClassPathScanner - Found resource: db/migration/h2/V4__Create_imported_file_table.sql
10:09:18.915 [Test worker] DEBUG o.f.c.i.u.s.c.ClassPathScanner - Found resource: db/migration/h2/V5__Create_events_table.sql
10:09:18.916 [Test worker] DEBUG o.f.c.internal.util.FeatureDetector - Spring Jdbc available: false
10:09:18.916 [Test worker] DEBUG o.f.core.internal.command.DbValidate - Validating migrations ...
10:09:18.916 [Test worker] DEBUG o.f.c.i.u.s.c.ClassPathScanner - Scanning for classpath resources at 'db/migration/h2' (Prefix: 'V', Suffix: '.sql')
10:09:18.916 [Test worker] DEBUG o.f.c.i.u.s.c.ClassPathScanner - Scanning URL: file:/C:/Workspace/ergon.zebra/zebra-utils/monitoring/monitoring-data/build/resources/main/db/migration/h2
10:09:18.916 [Test worker] DEBUG o.f.c.internal.util.FeatureDetector - JBoss VFS v2 available: false
10:09:18.916 [Test worker] DEBUG o.f.c.i.u.s.c.FileSystemClassPathLocationScanner - Scanning starting at classpath root in filesystem: C:\Workspace\ergon.zebra\zebra-utils\monitoring\monitoring-data\build\resources\main\
10:09:18.916 [Test worker] DEBUG o.f.c.i.u.s.c.FileSystemClassPathLocationScanner - Scanning for resources in path: C:\Workspace\ergon.zebra\zebra-utils\monitoring\monitoring-data\build\resources\main\db\migration\h2 (db/migration/h2)
10:09:18.916 [Test worker] DEBUG o.f.c.i.u.s.c.ClassPathScanner - Found resource: db/migration/h2/V1__Create_profiling_table.sql
10:09:18.916 [Test worker] DEBUG o.f.c.i.u.s.c.ClassPathScanner - Found resource: db/migration/h2/V2__Create_cpu_table.sql
10:09:18.916 [Test worker] DEBUG o.f.c.i.u.s.c.ClassPathScanner - Found resource: db/migration/h2/V3__Create_memory_table.sql
10:09:18.916 [Test worker] DEBUG o.f.c.i.u.s.c.ClassPathScanner - Found resource: db/migration/h2/V4__Create_imported_file_table.sql
10:09:18.916 [Test worker] DEBUG o.f.c.i.u.s.c.ClassPathScanner - Found resource: db/migration/h2/V5__Create_events_table.sql
10:09:18.917 [Test worker] DEBUG o.f.c.i.u.s.c.ClassPathScanner - Scanning for classes at 'db/migration/h2' (Implementing: 'org.flywaydb.core.api.migration.jdbc.JdbcMigration')
10:09:18.918 [Test worker] DEBUG o.f.c.i.u.s.c.ClassPathScanner - Scanning URL: file:/C:/Workspace/ergon.zebra/zebra-utils/monitoring/monitoring-data/build/resources/main/db/migration/h2
10:09:18.918 [Test worker] DEBUG o.f.c.internal.util.FeatureDetector - JBoss VFS v2 available: false
10:09:18.918 [Test worker] DEBUG o.f.c.i.u.s.c.FileSystemClassPathLocationScanner - Scanning starting at classpath root in filesystem: C:\Workspace\ergon.zebra\zebra-utils\monitoring\monitoring-data\build\resources\main\
10:09:18.918 [Test worker] DEBUG o.f.c.i.u.s.c.FileSystemClassPathLocationScanner - Scanning for resources in path: C:\Workspace\ergon.zebra\zebra-utils\monitoring\monitoring-data\build\resources\main\db\migration\h2 (db/migration/h2)
10:09:18.918 [Test worker] DEBUG o.f.c.i.u.s.c.ClassPathScanner - Filtering out resource: db/migration/h2/V1__Create_profiling_table.sql (filename: V1__Create_profiling_table.sql)
10:09:18.918 [Test worker] DEBUG o.f.c.i.u.s.c.ClassPathScanner - Filtering out resource: db/migration/h2/V2__Create_cpu_table.sql (filename: V2__Create_cpu_table.sql)
10:09:18.918 [Test worker] DEBUG o.f.c.i.u.s.c.ClassPathScanner - Filtering out resource: db/migration/h2/V3__Create_memory_table.sql (filename: V3__Create_memory_table.sql)
10:09:18.918 [Test worker] DEBUG o.f.c.i.u.s.c.ClassPathScanner - Filtering out resource: db/migration/h2/V4__Create_imported_file_table.sql (filename: V4__Create_imported_file_table.sql)
10:09:18.918 [Test worker] DEBUG o.f.c.i.u.s.c.ClassPathScanner - Filtering out resource: db/migration/h2/V5__Create_events_table.sql (filename: V5__Create_events_table.sql)
10:09:18.918 [Test worker] INFO  o.f.core.internal.command.DbValidate - Validated 5 migrations (execution time 00:00.002s)
10:09:18.919 [Test worker] DEBUG o.f.core.internal.command.DbSchemas - Schema "PUBLIC" already exists. Skipping schema creation.
10:09:18.919 [Test worker] INFO  o.f.c.i.m.MetaDataTableImpl - Creating Metadata table: "PUBLIC"."schema_version"
10:09:18.920 [Test worker] DEBUG o.f.c.internal.dbsupport.SqlScript - Found statement at line 17: CREATE TABLE "PUBLIC"."schema_version" (
    "version_rank" INT NOT NULL,
    "installed_rank" INT NOT NULL,
    "version" VARCHAR(50) NOT NULL,
    "description" VARCHAR(200) NOT NULL,
    "type" VARCHAR(20) NOT NULL,
    "script" VARCHAR(1000) NOT NULL,
    "checksum" INT,
    "installed_by" VARCHAR(100) NOT NULL,
    "installed_on" TIMESTAMP NOT NULL DEFAULT CURRENT_TIMESTAMP,
    "execution_time" INT NOT NULL,
    "success" BOOLEAN NOT NULL
)
10:09:18.920 [Test worker] DEBUG o.f.c.internal.dbsupport.SqlScript - Found statement at line 30: ALTER TABLE "PUBLIC"."schema_version" ADD CONSTRAINT "schema_version_pk" PRIMARY KEY ("version")
10:09:18.920 [Test worker] DEBUG o.f.c.internal.dbsupport.SqlScript - Found statement at line 32: CREATE INDEX "PUBLIC"."schema_version_vr_idx" ON "PUBLIC"."schema_version" ("version_rank")
10:09:18.920 [Test worker] DEBUG o.f.c.internal.dbsupport.SqlScript - Found statement at line 33: CREATE INDEX "PUBLIC"."schema_version_ir_idx" ON "PUBLIC"."schema_version" ("installed_rank")
10:09:18.920 [Test worker] DEBUG o.f.c.internal.dbsupport.SqlScript - Found statement at line 34: CREATE INDEX "PUBLIC"."schema_version_s_idx" ON "PUBLIC"."schema_version" ("success")
10:09:18.920 [Test worker] DEBUG o.f.c.internal.dbsupport.SqlScript - Executing SQL: CREATE TABLE "PUBLIC"."schema_version" (
    "version_rank" INT NOT NULL,
    "installed_rank" INT NOT NULL,
    "version" VARCHAR(50) NOT NULL,
    "description" VARCHAR(200) NOT NULL,
    "type" VARCHAR(20) NOT NULL,
    "script" VARCHAR(1000) NOT NULL,
    "checksum" INT,
    "installed_by" VARCHAR(100) NOT NULL,
    "installed_on" TIMESTAMP NOT NULL DEFAULT CURRENT_TIMESTAMP,
    "execution_time" INT NOT NULL,
    "success" BOOLEAN NOT NULL
)
10:09:18.920 [Test worker] DEBUG o.f.c.internal.dbsupport.SqlScript - Executing SQL: ALTER TABLE "PUBLIC"."schema_version" ADD CONSTRAINT "schema_version_pk" PRIMARY KEY ("version")
10:09:18.920 [Test worker] DEBUG o.f.c.internal.dbsupport.SqlScript - Executing SQL: CREATE INDEX "PUBLIC"."schema_version_vr_idx" ON "PUBLIC"."schema_version" ("version_rank")
10:09:18.920 [Test worker] DEBUG o.f.c.internal.dbsupport.SqlScript - Executing SQL: CREATE INDEX "PUBLIC"."schema_version_ir_idx" ON "PUBLIC"."schema_version" ("installed_rank")
10:09:18.920 [Test worker] DEBUG o.f.c.internal.dbsupport.SqlScript - Executing SQL: CREATE INDEX "PUBLIC"."schema_version_s_idx" ON "PUBLIC"."schema_version" ("success")
10:09:18.920 [Test worker] DEBUG o.f.c.i.m.MetaDataTableImpl - Metadata table "PUBLIC"."schema_version" created.
10:09:18.921 [Test worker] DEBUG o.f.core.internal.dbsupport.Table - Locking table "PUBLIC"."schema_version"...
10:09:18.921 [Test worker] DEBUG o.f.core.internal.dbsupport.Table - Lock acquired for table "PUBLIC"."schema_version"
10:09:18.921 [Test worker] INFO  o.f.core.internal.command.DbMigrate - Current version of schema "PUBLIC": << Empty Schema >>
10:09:18.921 [Test worker] INFO  o.f.core.internal.command.DbMigrate - Migrating schema "PUBLIC" to version 1 - Create profiling table
10:09:18.922 [Test worker] DEBUG o.f.c.internal.dbsupport.SqlScript - Found statement at line 1: CREATE TABLE PROFILING
  (
    ID                             BIGINT PRIMARY KEY AUTO_INCREMENT,
    CLIENT                         VARCHAR(255) NOT NULL,
    ENVIRONMENT                    VARCHAR(255) NOT NULL,
    USECASE_ID                     VARCHAR(255),
    SERVER_EXECUTION_TIME_MS       DECIMAL(65535,2),
    SERVER_WAIT_TIME_MS            DECIMAL(65535,2),
    SERVER_EXEC_NO_WAIT_TIME_MS    DECIMAL(65535,2),
    SERVER_OVERHEAD_TIME_MS        DECIMAL(65535,2),
    REQUEST_ID                     DECIMAL(65535,2),
    SESSION_ID                     VARCHAR(255),
    SESSION_AGE_IN_MINUTES         DECIMAL(65535,2),
    USER_AGENT                     VARCHAR(255),
    HOST                           VARCHAR(255),
    CLIENT_IP_ADDRESS              VARCHAR(255),
    USECASE_EXPECTS_NAV_TIME       TINYINT CHECK(USECASE_EXPECTS_NAV_TIME = 1 || USECASE_EXPECTS_NAV_TIME = 0),
    STATEMENTS_EXECUTED            DECIMAL(65535,2),
    TOTAL_EXECUTION_TIME_MS        DECIMAL(65535,2),
    TOTAL_FETCH_TIME_MS            DECIMAL(65535,2),
    TOTAL_DATABASE_TIME_MS         DECIMAL(65535,2),
    MANDANT                        VARCHAR(255),
    LOGIN_NAME                     VARCHAR(255),
    FOCUS_DATE                     DATE,
    FOCUS_DATE_MINUS_SYSTEMDATE    DECIMAL(65535,2),
    FOCUS_KST_NUMMER               VARCHAR(255),
    FOCUS_KST_NR_OF_MITARBEITER    DECIMAL(65535,2),
    NR_OF_ACC_KOSTENSTELLE_TODAY   DECIMAL(65535,2),
    LIMIT_PEE_NUMMER               VARCHAR(255),
    SYS_DATETIME                   TIMESTAMP,
    WEEKDAY                        VARCHAR(255),
    ZEITART_NUMMER                 VARCHAR(255),
    MIN_ACTION_DATE                DATE,
    MAX_ACTION_DATE                DATE,
    MIN_ACTION_DATE_MINUS_SYSDAYS  DECIMAL(65535,2),
    MAX_ACTION_DATE_MINUS_SYSDAYS  DECIMAL(65535,2),
    ACTION_DATE_INTEVAL_DAYS       DECIMAL(65535,2),
    BW_DAUER_MS                    DECIMAL(65535,2),
    BW_MODE                        VARCHAR(255),
    PLANUNGEN_GENERIEREN_TAGE      DECIMAL(65535,2),
    PLANUNGEN_GENERIEREN_DAUER_MS  DECIMAL(65535,2),
    SOLL_GLEICH_IST_TAGE           DECIMAL(65535,2),
    SOLL_GLEICH_IST_DAUER_MS       DECIMAL(65535,2),
    BUCHUNGSLAUF_TAGE              DECIMAL(65535,2),
    BUCHUNGSLAUF_DAUER_MS          DECIMAL(65535,2),
    KONTOLAUF_TAGE                 DECIMAL(65535,2),
    KONTOLAUF_DAUER_MS             DECIMAL(65535,2),
    KONTOLAUF_ITERATIONEN          DECIMAL(65535,2),
    PLANUNGEN_NEURECHNEN_TAGE      DECIMAL(65535,2),
    PLANUNGEN_NEURECHNEN_DAUER_MS  DECIMAL(65535,2),
    FORCE_PLANUNG_NEURECHNEN       TINYINT CHECK(FORCE_PLANUNG_NEURECHNEN = 1 || FORCE_PLANUNG_NEURECHNEN = 0),
    ZEITART_REGEL_ENFORCM_ANZAHL   DECIMAL(65535,2),
    ZEITART_REGEL_ENFORCM_DAUER_MS DECIMAL(65535,2),
    WOCHE_NEU_RECHNEN_ANZAHL       DECIMAL(65535,2),
    WOCHE_NEU_RECHNEN_DAUER_MS     DECIMAL(65535,2),
    SYSTEM_CPU_LOAD                DECIMAL(65535,2),
    PROCESS_CPU_LOAD               DECIMAL(65535,2),
    SYSTEM_LOAD_AVERAGE            DECIMAL(65535,2),
    ZEBRA_VERSION                  VARCHAR(255),
    JAVA_VERSION                   VARCHAR(255),
    PAGE_LOADS_PER_SECOND          DECIMAL(65535,2),
    ACTIVE_SESSIONS_1              DECIMAL(65535,2),
    ACTIVE_SESSIONS_5              DECIMAL(65535,2),
    REAL_SERVER_TIME               TINYINT CHECK(REAL_SERVER_TIME = 1 || REAL_SERVER_TIME = 0),
    NAVIGATION_TIME_RECEIVED       TINYINT CHECK(NAVIGATION_TIME_RECEIVED = 1 || NAVIGATION_TIME_RECEIVED = 0),
    NAVIGATION_START               DECIMAL(65535,2),
    UNLOAD_EVENT_START             DECIMAL(65535,2),
    UNLOAD_EVENT_END               DECIMAL(65535,2),
    UNLOAD_EVENT_DURATION          DECIMAL(65535,2),
    REDIRECT_START                 DECIMAL(65535,2),
    REDIRECT_END                   DECIMAL(65535,2),
    REDIRECT_DURATION              DECIMAL(65535,2),
    FETCH_START                    DECIMAL(65535,2),
    DOMAIN_LOOKUP_START            DECIMAL(65535,2),
    DOMAIN_LOOKUP_END              DECIMAL(65535,2),
    DOMAIN_LOOKUP_DURATION         DECIMAL(65535,2),
    CONNECT_START                  DECIMAL(65535,2),
    CONNECT_END                    DECIMAL(65535,2),
    CONNECT_DURATION               DECIMAL(65535,2),
    REQUEST_START                  DECIMAL(65535,2),
    RESPONSE_START                 DECIMAL(65535,2),
    RESPONSE_END                   DECIMAL(65535,2),
    RESPONSE_DURATION              DECIMAL(65535,2),
    REQUEST_TO_RESPONSE_DURATION   DECIMAL(65535,2),
    DOM_LOADING                    DECIMAL(65535,2),
    DOM_INTERACTIVE                DECIMAL(65535,2),
    DOM_CONTENT_LOADED_EVENT_START DECIMAL(65535,2),
    DOM_CONTENT_LOADED_EVENT_END   DECIMAL(65535,2),
    DOM_CONTENT_LOADED_EVENT       DECIMAL(65535,2),
    DOM_COMPLETE_DURATION          DECIMAL(65535,2),
    LOAD_EVENT_START               DECIMAL(65535,2),
    LOAD_EVENT_END                 DECIMAL(65535,2),
    LOAD_EVENT_DURATION            DECIMAL(65535,2),
    LATENCY_DURATION               DECIMAL(65535,2),
    PAGE_LOAD_DURATION             DECIMAL(65535,2),
    TOTAL_TIME_DURATION            DECIMAL(65535,2),
    MS_FIRST_PAINT                 DECIMAL(65535,2),
    MS_FIRST_PAINT_NAVSTARTDUR_MS  DECIMAL(65535,2),
    MS_FIRST_PAINT_LOAD_ENDDUR_MS  DECIMAL(65535,2),
    TYPE_NAME                      VARCHAR(255),
    REDIRECT_COUNT                 DECIMAL(65535,2),
    HASH 						   CHAR(64)
  )
10:09:18.922 [Test worker] DEBUG o.f.c.internal.dbsupport.SqlScript - Executing SQL: CREATE TABLE PROFILING
  (
    ID                             BIGINT PRIMARY KEY AUTO_INCREMENT,
    CLIENT                         VARCHAR(255) NOT NULL,
    ENVIRONMENT                    VARCHAR(255) NOT NULL,
    USECASE_ID                     VARCHAR(255),
    SERVER_EXECUTION_TIME_MS       DECIMAL(65535,2),
    SERVER_WAIT_TIME_MS            DECIMAL(65535,2),
    SERVER_EXEC_NO_WAIT_TIME_MS    DECIMAL(65535,2),
    SERVER_OVERHEAD_TIME_MS        DECIMAL(65535,2),
    REQUEST_ID                     DECIMAL(65535,2),
    SESSION_ID                     VARCHAR(255),
    SESSION_AGE_IN_MINUTES         DECIMAL(65535,2),
    USER_AGENT                     VARCHAR(255),
    HOST                           VARCHAR(255),
    CLIENT_IP_ADDRESS              VARCHAR(255),
    USECASE_EXPECTS_NAV_TIME       TINYINT CHECK(USECASE_EXPECTS_NAV_TIME = 1 || USECASE_EXPECTS_NAV_TIME = 0),
    STATEMENTS_EXECUTED            DECIMAL(65535,2),
    TOTAL_EXECUTION_TIME_MS        DECIMAL(65535,2),
    TOTAL_FETCH_TIME_MS            DECIMAL(65535,2),
    TOTAL_DATABASE_TIME_MS         DECIMAL(65535,2),
    MANDANT                        VARCHAR(255),
    LOGIN_NAME                     VARCHAR(255),
    FOCUS_DATE                     DATE,
    FOCUS_DATE_MINUS_SYSTEMDATE    DECIMAL(65535,2),
    FOCUS_KST_NUMMER               VARCHAR(255),
    FOCUS_KST_NR_OF_MITARBEITER    DECIMAL(65535,2),
    NR_OF_ACC_KOSTENSTELLE_TODAY   DECIMAL(65535,2),
    LIMIT_PEE_NUMMER               VARCHAR(255),
    SYS_DATETIME                   TIMESTAMP,
    WEEKDAY                        VARCHAR(255),
    ZEITART_NUMMER                 VARCHAR(255),
    MIN_ACTION_DATE                DATE,
    MAX_ACTION_DATE                DATE,
    MIN_ACTION_DATE_MINUS_SYSDAYS  DECIMAL(65535,2),
    MAX_ACTION_DATE_MINUS_SYSDAYS  DECIMAL(65535,2),
    ACTION_DATE_INTEVAL_DAYS       DECIMAL(65535,2),
    BW_DAUER_MS                    DECIMAL(65535,2),
    BW_MODE                        VARCHAR(255),
    PLANUNGEN_GENERIEREN_TAGE      DECIMAL(65535,2),
    PLANUNGEN_GENERIEREN_DAUER_MS  DECIMAL(65535,2),
    SOLL_GLEICH_IST_TAGE           DECIMAL(65535,2),
    SOLL_GLEICH_IST_DAUER_MS       DECIMAL(65535,2),
    BUCHUNGSLAUF_TAGE              DECIMAL(65535,2),
    BUCHUNGSLAUF_DAUER_MS          DECIMAL(65535,2),
    KONTOLAUF_TAGE                 DECIMAL(65535,2),
    KONTOLAUF_DAUER_MS             DECIMAL(65535,2),
    KONTOLAUF_ITERATIONEN          DECIMAL(65535,2),
    PLANUNGEN_NEURECHNEN_TAGE      DECIMAL(65535,2),
    PLANUNGEN_NEURECHNEN_DAUER_MS  DECIMAL(65535,2),
    FORCE_PLANUNG_NEURECHNEN       TINYINT CHECK(FORCE_PLANUNG_NEURECHNEN = 1 || FORCE_PLANUNG_NEURECHNEN = 0),
    ZEITART_REGEL_ENFORCM_ANZAHL   DECIMAL(65535,2),
    ZEITART_REGEL_ENFORCM_DAUER_MS DECIMAL(65535,2),
    WOCHE_NEU_RECHNEN_ANZAHL       DECIMAL(65535,2),
    WOCHE_NEU_RECHNEN_DAUER_MS     DECIMAL(65535,2),
    SYSTEM_CPU_LOAD                DECIMAL(65535,2),
    PROCESS_CPU_LOAD               DECIMAL(65535,2),
    SYSTEM_LOAD_AVERAGE            DECIMAL(65535,2),
    ZEBRA_VERSION                  VARCHAR(255),
    JAVA_VERSION                   VARCHAR(255),
    PAGE_LOADS_PER_SECOND          DECIMAL(65535,2),
    ACTIVE_SESSIONS_1              DECIMAL(65535,2),
    ACTIVE_SESSIONS_5              DECIMAL(65535,2),
    REAL_SERVER_TIME               TINYINT CHECK(REAL_SERVER_TIME = 1 || REAL_SERVER_TIME = 0),
    NAVIGATION_TIME_RECEIVED       TINYINT CHECK(NAVIGATION_TIME_RECEIVED = 1 || NAVIGATION_TIME_RECEIVED = 0),
    NAVIGATION_START               DECIMAL(65535,2),
    UNLOAD_EVENT_START             DECIMAL(65535,2),
    UNLOAD_EVENT_END               DECIMAL(65535,2),
    UNLOAD_EVENT_DURATION          DECIMAL(65535,2),
    REDIRECT_START                 DECIMAL(65535,2),
    REDIRECT_END                   DECIMAL(65535,2),
    REDIRECT_DURATION              DECIMAL(65535,2),
    FETCH_START                    DECIMAL(65535,2),
    DOMAIN_LOOKUP_START            DECIMAL(65535,2),
    DOMAIN_LOOKUP_END              DECIMAL(65535,2),
    DOMAIN_LOOKUP_DURATION         DECIMAL(65535,2),
    CONNECT_START                  DECIMAL(65535,2),
    CONNECT_END                    DECIMAL(65535,2),
    CONNECT_DURATION               DECIMAL(65535,2),
    REQUEST_START                  DECIMAL(65535,2),
    RESPONSE_START                 DECIMAL(65535,2),
    RESPONSE_END                   DECIMAL(65535,2),
    RESPONSE_DURATION              DECIMAL(65535,2),
    REQUEST_TO_RESPONSE_DURATION   DECIMAL(65535,2),
    DOM_LOADING                    DECIMAL(65535,2),
    DOM_INTERACTIVE                DECIMAL(65535,2),
    DOM_CONTENT_LOADED_EVENT_START DECIMAL(65535,2),
    DOM_CONTENT_LOADED_EVENT_END   DECIMAL(65535,2),
    DOM_CONTENT_LOADED_EVENT       DECIMAL(65535,2),
    DOM_COMPLETE_DURATION          DECIMAL(65535,2),
    LOAD_EVENT_START               DECIMAL(65535,2),
    LOAD_EVENT_END                 DECIMAL(65535,2),
    LOAD_EVENT_DURATION            DECIMAL(65535,2),
    LATENCY_DURATION               DECIMAL(65535,2),
    PAGE_LOAD_DURATION             DECIMAL(65535,2),
    TOTAL_TIME_DURATION            DECIMAL(65535,2),
    MS_FIRST_PAINT                 DECIMAL(65535,2),
    MS_FIRST_PAINT_NAVSTARTDUR_MS  DECIMAL(65535,2),
    MS_FIRST_PAINT_LOAD_ENDDUR_MS  DECIMAL(65535,2),
    TYPE_NAME                      VARCHAR(255),
    REDIRECT_COUNT                 DECIMAL(65535,2),
    HASH 						   CHAR(64)
  )
10:09:18.923 [Test worker] DEBUG o.f.core.internal.command.DbMigrate - Successfully completed and committed migration of schema "PUBLIC" to version 1
10:09:18.924 [Test worker] DEBUG o.f.c.i.m.MetaDataTableImpl - MetaData table "PUBLIC"."schema_version" successfully updated to reflect changes
10:09:18.924 [Test worker] DEBUG o.f.core.internal.dbsupport.Table - Locking table "PUBLIC"."schema_version"...
10:09:18.924 [Test worker] DEBUG o.f.core.internal.dbsupport.Table - Lock acquired for table "PUBLIC"."schema_version"
10:09:18.925 [Test worker] INFO  o.f.core.internal.command.DbMigrate - Migrating schema "PUBLIC" to version 2 - Create cpu table
10:09:18.926 [Test worker] DEBUG o.f.c.internal.dbsupport.SqlScript - Found statement at line 1: CREATE TABLE CPU_USAGE
  (
    ID              BIGINT PRIMARY KEY AUTO_INCREMENT,
    CLIENT          VARCHAR(255) NOT NULL,
    ENVIRONMENT     VARCHAR(255) NOT NULL,
    SYS_DATETIME    TIMESTAMP,
    CPU_USAGE       DECIMAL(65535,2),
    HASH 			CHAR(64)
  )
10:09:18.926 [Test worker] DEBUG o.f.c.internal.dbsupport.SqlScript - Executing SQL: CREATE TABLE CPU_USAGE
  (
    ID              BIGINT PRIMARY KEY AUTO_INCREMENT,
    CLIENT          VARCHAR(255) NOT NULL,
    ENVIRONMENT     VARCHAR(255) NOT NULL,
    SYS_DATETIME    TIMESTAMP,
    CPU_USAGE       DECIMAL(65535,2),
    HASH 			CHAR(64)
  )
10:09:18.926 [Test worker] DEBUG o.f.core.internal.command.DbMigrate - Successfully completed and committed migration of schema "PUBLIC" to version 2
10:09:18.927 [Test worker] DEBUG o.f.c.i.m.MetaDataTableImpl - MetaData table "PUBLIC"."schema_version" successfully updated to reflect changes
10:09:18.927 [Test worker] DEBUG o.f.core.internal.dbsupport.Table - Locking table "PUBLIC"."schema_version"...
10:09:18.927 [Test worker] DEBUG o.f.core.internal.dbsupport.Table - Lock acquired for table "PUBLIC"."schema_version"
10:09:18.928 [Test worker] INFO  o.f.core.internal.command.DbMigrate - Migrating schema "PUBLIC" to version 3 - Create memory table
10:09:18.928 [Test worker] DEBUG o.f.c.internal.dbsupport.SqlScript - Found statement at line 1: CREATE TABLE MEMORY_USAGE
  (
    ID              BIGINT PRIMARY KEY AUTO_INCREMENT,
    CLIENT          VARCHAR(255) NOT NULL,
    ENVIRONMENT     VARCHAR(255) NOT NULL,
    SYS_DATETIME    TIMESTAMP,
    TOTAL_HEAP 		DECIMAL(65535,2),
	FREE_HEAP		DECIMAL(65535,2),
	HASH 			CHAR(64)
  )
10:09:18.928 [Test worker] DEBUG o.f.c.internal.dbsupport.SqlScript - Executing SQL: CREATE TABLE MEMORY_USAGE
  (
    ID              BIGINT PRIMARY KEY AUTO_INCREMENT,
    CLIENT          VARCHAR(255) NOT NULL,
    ENVIRONMENT     VARCHAR(255) NOT NULL,
    SYS_DATETIME    TIMESTAMP,
    TOTAL_HEAP 		DECIMAL(65535,2),
	FREE_HEAP		DECIMAL(65535,2),
	HASH 			CHAR(64)
  )
10:09:18.929 [Test worker] DEBUG o.f.core.internal.command.DbMigrate - Successfully completed and committed migration of schema "PUBLIC" to version 3
10:09:18.929 [Test worker] DEBUG o.f.c.i.m.MetaDataTableImpl - MetaData table "PUBLIC"."schema_version" successfully updated to reflect changes
10:09:18.930 [Test worker] DEBUG o.f.core.internal.dbsupport.Table - Locking table "PUBLIC"."schema_version"...
10:09:18.930 [Test worker] DEBUG o.f.core.internal.dbsupport.Table - Lock acquired for table "PUBLIC"."schema_version"
10:09:18.930 [Test worker] INFO  o.f.core.internal.command.DbMigrate - Migrating schema "PUBLIC" to version 4 - Create imported file table
10:09:18.931 [Test worker] DEBUG o.f.c.internal.dbsupport.SqlScript - Found statement at line 1: CREATE TABLE IMPORTED_FILE
  (
    ID              BIGINT PRIMARY KEY AUTO_INCREMENT,
    CLIENT          VARCHAR(255) NOT NULL,
    ENVIRONMENT     VARCHAR(255) NOT NULL,
    STATUS          VARCHAR(255),
    IMPORT_DATETIME TIMESTAMP,
    FILENAME        VARCHAR(255) NOT NULL,
    STACKTRACE		CLOB,
    CONSTRAINT UNIQUE_FILE UNIQUE (CLIENT, ENVIRONMENT, FILENAME)
  )
10:09:18.931 [Test worker] DEBUG o.f.c.internal.dbsupport.SqlScript - Executing SQL: CREATE TABLE IMPORTED_FILE
  (
    ID              BIGINT PRIMARY KEY AUTO_INCREMENT,
    CLIENT          VARCHAR(255) NOT NULL,
    ENVIRONMENT     VARCHAR(255) NOT NULL,
    STATUS          VARCHAR(255),
    IMPORT_DATETIME TIMESTAMP,
    FILENAME        VARCHAR(255) NOT NULL,
    STACKTRACE		CLOB,
    CONSTRAINT UNIQUE_FILE UNIQUE (CLIENT, ENVIRONMENT, FILENAME)
  )
10:09:18.931 [Test worker] DEBUG o.f.core.internal.command.DbMigrate - Successfully completed and committed migration of schema "PUBLIC" to version 4
10:09:18.932 [Test worker] DEBUG o.f.c.i.m.MetaDataTableImpl - MetaData table "PUBLIC"."schema_version" successfully updated to reflect changes
10:09:18.932 [Test worker] DEBUG o.f.core.internal.dbsupport.Table - Locking table "PUBLIC"."schema_version"...
10:09:18.932 [Test worker] DEBUG o.f.core.internal.dbsupport.Table - Lock acquired for table "PUBLIC"."schema_version"
10:09:18.932 [Test worker] INFO  o.f.core.internal.command.DbMigrate - Migrating schema "PUBLIC" to version 5 - Create events table
10:09:18.933 [Test worker] DEBUG o.f.c.internal.dbsupport.SqlScript - Found statement at line 1: CREATE TABLE EVENTS 
  (
    ID              BIGINT PRIMARY KEY AUTO_INCREMENT,
    CLIENT          VARCHAR2(255) NOT NULL,
    ENVIRONMENT     VARCHAR2(255) NOT NULL,
    DATUM           DATE, 
    "TYPE"          VARCHAR2(255), 
    BESCHREIBUNG    VARCHAR2(255)
  )
10:09:18.933 [Test worker] DEBUG o.f.c.internal.dbsupport.SqlScript - Found statement at line 11: INSERT INTO EVENTS (CLIENT, ENVIRONMENT, DATUM, TYPE, BESCHREIBUNG) 
  values ('Coop', 'pjazz', parsedatetime('31.01.2015','DD.MM.YYYY'), 'ignore_days', '100% CPU')
10:09:18.933 [Test worker] DEBUG o.f.c.internal.dbsupport.SqlScript - Found statement at line 13: INSERT INTO EVENTS (CLIENT, ENVIRONMENT, DATUM, TYPE, BESCHREIBUNG) 
  values ('Coop', 'pjazz', parsedatetime('05.01.2015','DD.MM.YYYY'), 'ignore_days', '100% CPU')
10:09:18.933 [Test worker] DEBUG o.f.c.internal.dbsupport.SqlScript - Found statement at line 15: INSERT INTO EVENTS (CLIENT, ENVIRONMENT, DATUM, TYPE, BESCHREIBUNG) 
  values ('Coop', 'pjazz', parsedatetime('16.02.2015','DD.MM.YYYY'), 'ignore_days', '100% CPU')
10:09:18.933 [Test worker] DEBUG o.f.c.internal.dbsupport.SqlScript - Executing SQL: CREATE TABLE EVENTS 
  (
    ID              BIGINT PRIMARY KEY AUTO_INCREMENT,
    CLIENT          VARCHAR2(255) NOT NULL,
    ENVIRONMENT     VARCHAR2(255) NOT NULL,
    DATUM           DATE, 
    "TYPE"          VARCHAR2(255), 
    BESCHREIBUNG    VARCHAR2(255)
  )
10:09:18.933 [Test worker] DEBUG o.f.c.internal.dbsupport.SqlScript - Executing SQL: INSERT INTO EVENTS (CLIENT, ENVIRONMENT, DATUM, TYPE, BESCHREIBUNG) 
  values ('Coop', 'pjazz', parsedatetime('31.01.2015','DD.MM.YYYY'), 'ignore_days', '100% CPU')
10:09:18.934 [Test worker] DEBUG o.f.c.internal.dbsupport.SqlScript - Executing SQL: INSERT INTO EVENTS (CLIENT, ENVIRONMENT, DATUM, TYPE, BESCHREIBUNG) 
  values ('Coop', 'pjazz', parsedatetime('05.01.2015','DD.MM.YYYY'), 'ignore_days', '100% CPU')
10:09:18.934 [Test worker] DEBUG o.f.c.internal.dbsupport.SqlScript - Executing SQL: INSERT INTO EVENTS (CLIENT, ENVIRONMENT, DATUM, TYPE, BESCHREIBUNG) 
  values ('Coop', 'pjazz', parsedatetime('16.02.2015','DD.MM.YYYY'), 'ignore_days', '100% CPU')
10:09:18.934 [Test worker] DEBUG o.f.core.internal.command.DbMigrate - Successfully completed and committed migration of schema "PUBLIC" to version 5
10:09:18.934 [Test worker] DEBUG o.f.c.i.m.MetaDataTableImpl - MetaData table "PUBLIC"."schema_version" successfully updated to reflect changes
10:09:18.935 [Test worker] DEBUG o.f.core.internal.dbsupport.Table - Locking table "PUBLIC"."schema_version"...
10:09:18.935 [Test worker] DEBUG o.f.core.internal.dbsupport.Table - Lock acquired for table "PUBLIC"."schema_version"
10:09:18.935 [Test worker] INFO  o.f.core.internal.command.DbMigrate - Successfully applied 5 migrations to schema "PUBLIC" (execution time 00:00.016s).
10:09:18.939 [Test worker] DEBUG c.m.query.sql.dml.SQLInsertClause - insert into PROFILING (FOCUS_KST_NUMMER, CLIENT, TOTAL_FETCH_TIME_MS, ENVIRONMENT, SYS_DATETIME, HASH) values (?, ?, ?, ?, ?, ?)
10:09:18.943 [Test worker] DEBUG c.mysema.query.sql.AbstractSQLQuery - select max(PROFILING.ID) from PROFILING PROFILING where PROFILING.CLIENT = ? and PROFILING.ENVIRONMENT = ? limit ?
10:09:18.945 [Test worker] INFO  o.f.c.i.dbsupport.DbSupportFactory - Database: jdbc:h2:mem:test (H2 1.4)
10:09:18.945 [Test worker] DEBUG org.flywaydb.core.Flyway - DDL Transactions Supported: false
10:09:18.946 [Test worker] DEBUG org.flywaydb.core.Flyway - Schema: PUBLIC
10:09:18.946 [Test worker] DEBUG o.f.c.i.u.s.c.ClassPathScanner - Scanning for classpath resources at 'db/migration/h2' (Prefix: '', Suffix: '.sql')
10:09:18.946 [Test worker] DEBUG o.f.c.i.u.s.c.ClassPathScanner - Scanning URL: file:/C:/Workspace/ergon.zebra/zebra-utils/monitoring/monitoring-data/build/resources/main/db/migration/h2
10:09:18.946 [Test worker] DEBUG o.f.c.internal.util.FeatureDetector - JBoss VFS v2 available: false
10:09:18.946 [Test worker] DEBUG o.f.c.i.u.s.c.FileSystemClassPathLocationScanner - Scanning starting at classpath root in filesystem: C:\Workspace\ergon.zebra\zebra-utils\monitoring\monitoring-data\build\resources\main\
10:09:18.946 [Test worker] DEBUG o.f.c.i.u.s.c.FileSystemClassPathLocationScanner - Scanning for resources in path: C:\Workspace\ergon.zebra\zebra-utils\monitoring\monitoring-data\build\resources\main\db\migration\h2 (db/migration/h2)
10:09:18.946 [Test worker] DEBUG o.f.c.i.u.s.c.ClassPathScanner - Found resource: db/migration/h2/V1__Create_profiling_table.sql
10:09:18.946 [Test worker] DEBUG o.f.c.i.u.s.c.ClassPathScanner - Found resource: db/migration/h2/V2__Create_cpu_table.sql
10:09:18.946 [Test worker] DEBUG o.f.c.i.u.s.c.ClassPathScanner - Found resource: db/migration/h2/V3__Create_memory_table.sql
10:09:18.946 [Test worker] DEBUG o.f.c.i.u.s.c.ClassPathScanner - Found resource: db/migration/h2/V4__Create_imported_file_table.sql
10:09:18.947 [Test worker] DEBUG o.f.c.i.u.s.c.ClassPathScanner - Found resource: db/migration/h2/V5__Create_events_table.sql
10:09:18.947 [Test worker] DEBUG o.f.c.internal.util.FeatureDetector - Spring Jdbc available: false
10:09:18.947 [Test worker] DEBUG o.f.core.internal.command.DbValidate - Validating migrations ...
10:09:18.947 [Test worker] DEBUG o.f.c.i.u.s.c.ClassPathScanner - Scanning for classpath resources at 'db/migration/h2' (Prefix: 'V', Suffix: '.sql')
10:09:18.947 [Test worker] DEBUG o.f.c.i.u.s.c.ClassPathScanner - Scanning URL: file:/C:/Workspace/ergon.zebra/zebra-utils/monitoring/monitoring-data/build/resources/main/db/migration/h2
10:09:18.947 [Test worker] DEBUG o.f.c.internal.util.FeatureDetector - JBoss VFS v2 available: false
10:09:18.947 [Test worker] DEBUG o.f.c.i.u.s.c.FileSystemClassPathLocationScanner - Scanning starting at classpath root in filesystem: C:\Workspace\ergon.zebra\zebra-utils\monitoring\monitoring-data\build\resources\main\
10:09:18.947 [Test worker] DEBUG o.f.c.i.u.s.c.FileSystemClassPathLocationScanner - Scanning for resources in path: C:\Workspace\ergon.zebra\zebra-utils\monitoring\monitoring-data\build\resources\main\db\migration\h2 (db/migration/h2)
10:09:18.948 [Test worker] DEBUG o.f.c.i.u.s.c.ClassPathScanner - Found resource: db/migration/h2/V1__Create_profiling_table.sql
10:09:18.948 [Test worker] DEBUG o.f.c.i.u.s.c.ClassPathScanner - Found resource: db/migration/h2/V2__Create_cpu_table.sql
10:09:18.948 [Test worker] DEBUG o.f.c.i.u.s.c.ClassPathScanner - Found resource: db/migration/h2/V3__Create_memory_table.sql
10:09:18.948 [Test worker] DEBUG o.f.c.i.u.s.c.ClassPathScanner - Found resource: db/migration/h2/V4__Create_imported_file_table.sql
10:09:18.948 [Test worker] DEBUG o.f.c.i.u.s.c.ClassPathScanner - Found resource: db/migration/h2/V5__Create_events_table.sql
10:09:18.949 [Test worker] DEBUG o.f.c.i.u.s.c.ClassPathScanner - Scanning for classes at 'db/migration/h2' (Implementing: 'org.flywaydb.core.api.migration.jdbc.JdbcMigration')
10:09:18.949 [Test worker] DEBUG o.f.c.i.u.s.c.ClassPathScanner - Scanning URL: file:/C:/Workspace/ergon.zebra/zebra-utils/monitoring/monitoring-data/build/resources/main/db/migration/h2
10:09:18.949 [Test worker] DEBUG o.f.c.internal.util.FeatureDetector - JBoss VFS v2 available: false
10:09:18.949 [Test worker] DEBUG o.f.c.i.u.s.c.FileSystemClassPathLocationScanner - Scanning starting at classpath root in filesystem: C:\Workspace\ergon.zebra\zebra-utils\monitoring\monitoring-data\build\resources\main\
10:09:18.949 [Test worker] DEBUG o.f.c.i.u.s.c.FileSystemClassPathLocationScanner - Scanning for resources in path: C:\Workspace\ergon.zebra\zebra-utils\monitoring\monitoring-data\build\resources\main\db\migration\h2 (db/migration/h2)
10:09:18.950 [Test worker] DEBUG o.f.c.i.u.s.c.ClassPathScanner - Filtering out resource: db/migration/h2/V1__Create_profiling_table.sql (filename: V1__Create_profiling_table.sql)
10:09:18.950 [Test worker] DEBUG o.f.c.i.u.s.c.ClassPathScanner - Filtering out resource: db/migration/h2/V2__Create_cpu_table.sql (filename: V2__Create_cpu_table.sql)
10:09:18.950 [Test worker] DEBUG o.f.c.i.u.s.c.ClassPathScanner - Filtering out resource: db/migration/h2/V3__Create_memory_table.sql (filename: V3__Create_memory_table.sql)
10:09:18.950 [Test worker] DEBUG o.f.c.i.u.s.c.ClassPathScanner - Filtering out resource: db/migration/h2/V4__Create_imported_file_table.sql (filename: V4__Create_imported_file_table.sql)
10:09:18.950 [Test worker] DEBUG o.f.c.i.u.s.c.ClassPathScanner - Filtering out resource: db/migration/h2/V5__Create_events_table.sql (filename: V5__Create_events_table.sql)
10:09:18.950 [Test worker] INFO  o.f.core.internal.command.DbValidate - Validated 5 migrations (execution time 00:00.003s)
10:09:18.950 [Test worker] DEBUG o.f.core.internal.command.DbSchemas - Schema "PUBLIC" already exists. Skipping schema creation.
10:09:18.951 [Test worker] INFO  o.f.c.i.m.MetaDataTableImpl - Creating Metadata table: "PUBLIC"."schema_version"
10:09:18.951 [Test worker] DEBUG o.f.c.internal.dbsupport.SqlScript - Found statement at line 17: CREATE TABLE "PUBLIC"."schema_version" (
    "version_rank" INT NOT NULL,
    "installed_rank" INT NOT NULL,
    "version" VARCHAR(50) NOT NULL,
    "description" VARCHAR(200) NOT NULL,
    "type" VARCHAR(20) NOT NULL,
    "script" VARCHAR(1000) NOT NULL,
    "checksum" INT,
    "installed_by" VARCHAR(100) NOT NULL,
    "installed_on" TIMESTAMP NOT NULL DEFAULT CURRENT_TIMESTAMP,
    "execution_time" INT NOT NULL,
    "success" BOOLEAN NOT NULL
)
10:09:18.951 [Test worker] DEBUG o.f.c.internal.dbsupport.SqlScript - Found statement at line 30: ALTER TABLE "PUBLIC"."schema_version" ADD CONSTRAINT "schema_version_pk" PRIMARY KEY ("version")
10:09:18.951 [Test worker] DEBUG o.f.c.internal.dbsupport.SqlScript - Found statement at line 32: CREATE INDEX "PUBLIC"."schema_version_vr_idx" ON "PUBLIC"."schema_version" ("version_rank")
10:09:18.951 [Test worker] DEBUG o.f.c.internal.dbsupport.SqlScript - Found statement at line 33: CREATE INDEX "PUBLIC"."schema_version_ir_idx" ON "PUBLIC"."schema_version" ("installed_rank")
10:09:18.951 [Test worker] DEBUG o.f.c.internal.dbsupport.SqlScript - Found statement at line 34: CREATE INDEX "PUBLIC"."schema_version_s_idx" ON "PUBLIC"."schema_version" ("success")
10:09:18.951 [Test worker] DEBUG o.f.c.internal.dbsupport.SqlScript - Executing SQL: CREATE TABLE "PUBLIC"."schema_version" (
    "version_rank" INT NOT NULL,
    "installed_rank" INT NOT NULL,
    "version" VARCHAR(50) NOT NULL,
    "description" VARCHAR(200) NOT NULL,
    "type" VARCHAR(20) NOT NULL,
    "script" VARCHAR(1000) NOT NULL,
    "checksum" INT,
    "installed_by" VARCHAR(100) NOT NULL,
    "installed_on" TIMESTAMP NOT NULL DEFAULT CURRENT_TIMESTAMP,
    "execution_time" INT NOT NULL,
    "success" BOOLEAN NOT NULL
)
10:09:18.952 [Test worker] DEBUG o.f.c.internal.dbsupport.SqlScript - Executing SQL: ALTER TABLE "PUBLIC"."schema_version" ADD CONSTRAINT "schema_version_pk" PRIMARY KEY ("version")
10:09:18.957 [Test worker] DEBUG o.f.c.internal.dbsupport.SqlScript - Executing SQL: CREATE INDEX "PUBLIC"."schema_version_vr_idx" ON "PUBLIC"."schema_version" ("version_rank")
10:09:18.958 [Test worker] DEBUG o.f.c.internal.dbsupport.SqlScript - Executing SQL: CREATE INDEX "PUBLIC"."schema_version_ir_idx" ON "PUBLIC"."schema_version" ("installed_rank")
10:09:18.958 [Test worker] DEBUG o.f.c.internal.dbsupport.SqlScript - Executing SQL: CREATE INDEX "PUBLIC"."schema_version_s_idx" ON "PUBLIC"."schema_version" ("success")
10:09:18.958 [Test worker] DEBUG o.f.c.i.m.MetaDataTableImpl - Metadata table "PUBLIC"."schema_version" created.
10:09:18.958 [Test worker] DEBUG o.f.core.internal.dbsupport.Table - Locking table "PUBLIC"."schema_version"...
10:09:18.958 [Test worker] DEBUG o.f.core.internal.dbsupport.Table - Lock acquired for table "PUBLIC"."schema_version"
10:09:18.958 [Test worker] INFO  o.f.core.internal.command.DbMigrate - Current version of schema "PUBLIC": << Empty Schema >>
10:09:18.958 [Test worker] INFO  o.f.core.internal.command.DbMigrate - Migrating schema "PUBLIC" to version 1 - Create profiling table
10:09:18.959 [Test worker] DEBUG o.f.c.internal.dbsupport.SqlScript - Found statement at line 1: CREATE TABLE PROFILING
  (
    ID                             BIGINT PRIMARY KEY AUTO_INCREMENT,
    CLIENT                         VARCHAR(255) NOT NULL,
    ENVIRONMENT                    VARCHAR(255) NOT NULL,
    USECASE_ID                     VARCHAR(255),
    SERVER_EXECUTION_TIME_MS       DECIMAL(65535,2),
    SERVER_WAIT_TIME_MS            DECIMAL(65535,2),
    SERVER_EXEC_NO_WAIT_TIME_MS    DECIMAL(65535,2),
    SERVER_OVERHEAD_TIME_MS        DECIMAL(65535,2),
    REQUEST_ID                     DECIMAL(65535,2),
    SESSION_ID                     VARCHAR(255),
    SESSION_AGE_IN_MINUTES         DECIMAL(65535,2),
    USER_AGENT                     VARCHAR(255),
    HOST                           VARCHAR(255),
    CLIENT_IP_ADDRESS              VARCHAR(255),
    USECASE_EXPECTS_NAV_TIME       TINYINT CHECK(USECASE_EXPECTS_NAV_TIME = 1 || USECASE_EXPECTS_NAV_TIME = 0),
    STATEMENTS_EXECUTED            DECIMAL(65535,2),
    TOTAL_EXECUTION_TIME_MS        DECIMAL(65535,2),
    TOTAL_FETCH_TIME_MS            DECIMAL(65535,2),
    TOTAL_DATABASE_TIME_MS         DECIMAL(65535,2),
    MANDANT                        VARCHAR(255),
    LOGIN_NAME                     VARCHAR(255),
    FOCUS_DATE                     DATE,
    FOCUS_DATE_MINUS_SYSTEMDATE    DECIMAL(65535,2),
    FOCUS_KST_NUMMER               VARCHAR(255),
    FOCUS_KST_NR_OF_MITARBEITER    DECIMAL(65535,2),
    NR_OF_ACC_KOSTENSTELLE_TODAY   DECIMAL(65535,2),
    LIMIT_PEE_NUMMER               VARCHAR(255),
    SYS_DATETIME                   TIMESTAMP,
    WEEKDAY                        VARCHAR(255),
    ZEITART_NUMMER                 VARCHAR(255),
    MIN_ACTION_DATE                DATE,
    MAX_ACTION_DATE                DATE,
    MIN_ACTION_DATE_MINUS_SYSDAYS  DECIMAL(65535,2),
    MAX_ACTION_DATE_MINUS_SYSDAYS  DECIMAL(65535,2),
    ACTION_DATE_INTEVAL_DAYS       DECIMAL(65535,2),
    BW_DAUER_MS                    DECIMAL(65535,2),
    BW_MODE                        VARCHAR(255),
    PLANUNGEN_GENERIEREN_TAGE      DECIMAL(65535,2),
    PLANUNGEN_GENERIEREN_DAUER_MS  DECIMAL(65535,2),
    SOLL_GLEICH_IST_TAGE           DECIMAL(65535,2),
    SOLL_GLEICH_IST_DAUER_MS       DECIMAL(65535,2),
    BUCHUNGSLAUF_TAGE              DECIMAL(65535,2),
    BUCHUNGSLAUF_DAUER_MS          DECIMAL(65535,2),
    KONTOLAUF_TAGE                 DECIMAL(65535,2),
    KONTOLAUF_DAUER_MS             DECIMAL(65535,2),
    KONTOLAUF_ITERATIONEN          DECIMAL(65535,2),
    PLANUNGEN_NEURECHNEN_TAGE      DECIMAL(65535,2),
    PLANUNGEN_NEURECHNEN_DAUER_MS  DECIMAL(65535,2),
    FORCE_PLANUNG_NEURECHNEN       TINYINT CHECK(FORCE_PLANUNG_NEURECHNEN = 1 || FORCE_PLANUNG_NEURECHNEN = 0),
    ZEITART_REGEL_ENFORCM_ANZAHL   DECIMAL(65535,2),
    ZEITART_REGEL_ENFORCM_DAUER_MS DECIMAL(65535,2),
    WOCHE_NEU_RECHNEN_ANZAHL       DECIMAL(65535,2),
    WOCHE_NEU_RECHNEN_DAUER_MS     DECIMAL(65535,2),
    SYSTEM_CPU_LOAD                DECIMAL(65535,2),
    PROCESS_CPU_LOAD               DECIMAL(65535,2),
    SYSTEM_LOAD_AVERAGE            DECIMAL(65535,2),
    ZEBRA_VERSION                  VARCHAR(255),
    JAVA_VERSION                   VARCHAR(255),
    PAGE_LOADS_PER_SECOND          DECIMAL(65535,2),
    ACTIVE_SESSIONS_1              DECIMAL(65535,2),
    ACTIVE_SESSIONS_5              DECIMAL(65535,2),
    REAL_SERVER_TIME               TINYINT CHECK(REAL_SERVER_TIME = 1 || REAL_SERVER_TIME = 0),
    NAVIGATION_TIME_RECEIVED       TINYINT CHECK(NAVIGATION_TIME_RECEIVED = 1 || NAVIGATION_TIME_RECEIVED = 0),
    NAVIGATION_START               DECIMAL(65535,2),
    UNLOAD_EVENT_START             DECIMAL(65535,2),
    UNLOAD_EVENT_END               DECIMAL(65535,2),
    UNLOAD_EVENT_DURATION          DECIMAL(65535,2),
    REDIRECT_START                 DECIMAL(65535,2),
    REDIRECT_END                   DECIMAL(65535,2),
    REDIRECT_DURATION              DECIMAL(65535,2),
    FETCH_START                    DECIMAL(65535,2),
    DOMAIN_LOOKUP_START            DECIMAL(65535,2),
    DOMAIN_LOOKUP_END              DECIMAL(65535,2),
    DOMAIN_LOOKUP_DURATION         DECIMAL(65535,2),
    CONNECT_START                  DECIMAL(65535,2),
    CONNECT_END                    DECIMAL(65535,2),
    CONNECT_DURATION               DECIMAL(65535,2),
    REQUEST_START                  DECIMAL(65535,2),
    RESPONSE_START                 DECIMAL(65535,2),
    RESPONSE_END                   DECIMAL(65535,2),
    RESPONSE_DURATION              DECIMAL(65535,2),
    REQUEST_TO_RESPONSE_DURATION   DECIMAL(65535,2),
    DOM_LOADING                    DECIMAL(65535,2),
    DOM_INTERACTIVE                DECIMAL(65535,2),
    DOM_CONTENT_LOADED_EVENT_START DECIMAL(65535,2),
    DOM_CONTENT_LOADED_EVENT_END   DECIMAL(65535,2),
    DOM_CONTENT_LOADED_EVENT       DECIMAL(65535,2),
    DOM_COMPLETE_DURATION          DECIMAL(65535,2),
    LOAD_EVENT_START               DECIMAL(65535,2),
    LOAD_EVENT_END                 DECIMAL(65535,2),
    LOAD_EVENT_DURATION            DECIMAL(65535,2),
    LATENCY_DURATION               DECIMAL(65535,2),
    PAGE_LOAD_DURATION             DECIMAL(65535,2),
    TOTAL_TIME_DURATION            DECIMAL(65535,2),
    MS_FIRST_PAINT                 DECIMAL(65535,2),
    MS_FIRST_PAINT_NAVSTARTDUR_MS  DECIMAL(65535,2),
    MS_FIRST_PAINT_LOAD_ENDDUR_MS  DECIMAL(65535,2),
    TYPE_NAME                      VARCHAR(255),
    REDIRECT_COUNT                 DECIMAL(65535,2),
    HASH 						   CHAR(64)
  )
10:09:18.959 [Test worker] DEBUG o.f.c.internal.dbsupport.SqlScript - Executing SQL: CREATE TABLE PROFILING
  (
    ID                             BIGINT PRIMARY KEY AUTO_INCREMENT,
    CLIENT                         VARCHAR(255) NOT NULL,
    ENVIRONMENT                    VARCHAR(255) NOT NULL,
    USECASE_ID                     VARCHAR(255),
    SERVER_EXECUTION_TIME_MS       DECIMAL(65535,2),
    SERVER_WAIT_TIME_MS            DECIMAL(65535,2),
    SERVER_EXEC_NO_WAIT_TIME_MS    DECIMAL(65535,2),
    SERVER_OVERHEAD_TIME_MS        DECIMAL(65535,2),
    REQUEST_ID                     DECIMAL(65535,2),
    SESSION_ID                     VARCHAR(255),
    SESSION_AGE_IN_MINUTES         DECIMAL(65535,2),
    USER_AGENT                     VARCHAR(255),
    HOST                           VARCHAR(255),
    CLIENT_IP_ADDRESS              VARCHAR(255),
    USECASE_EXPECTS_NAV_TIME       TINYINT CHECK(USECASE_EXPECTS_NAV_TIME = 1 || USECASE_EXPECTS_NAV_TIME = 0),
    STATEMENTS_EXECUTED            DECIMAL(65535,2),
    TOTAL_EXECUTION_TIME_MS        DECIMAL(65535,2),
    TOTAL_FETCH_TIME_MS            DECIMAL(65535,2),
    TOTAL_DATABASE_TIME_MS         DECIMAL(65535,2),
    MANDANT                        VARCHAR(255),
    LOGIN_NAME                     VARCHAR(255),
    FOCUS_DATE                     DATE,
    FOCUS_DATE_MINUS_SYSTEMDATE    DECIMAL(65535,2),
    FOCUS_KST_NUMMER               VARCHAR(255),
    FOCUS_KST_NR_OF_MITARBEITER    DECIMAL(65535,2),
    NR_OF_ACC_KOSTENSTELLE_TODAY   DECIMAL(65535,2),
    LIMIT_PEE_NUMMER               VARCHAR(255),
    SYS_DATETIME                   TIMESTAMP,
    WEEKDAY                        VARCHAR(255),
    ZEITART_NUMMER                 VARCHAR(255),
    MIN_ACTION_DATE                DATE,
    MAX_ACTION_DATE                DATE,
    MIN_ACTION_DATE_MINUS_SYSDAYS  DECIMAL(65535,2),
    MAX_ACTION_DATE_MINUS_SYSDAYS  DECIMAL(65535,2),
    ACTION_DATE_INTEVAL_DAYS       DECIMAL(65535,2),
    BW_DAUER_MS                    DECIMAL(65535,2),
    BW_MODE                        VARCHAR(255),
    PLANUNGEN_GENERIEREN_TAGE      DECIMAL(65535,2),
    PLANUNGEN_GENERIEREN_DAUER_MS  DECIMAL(65535,2),
    SOLL_GLEICH_IST_TAGE           DECIMAL(65535,2),
    SOLL_GLEICH_IST_DAUER_MS       DECIMAL(65535,2),
    BUCHUNGSLAUF_TAGE              DECIMAL(65535,2),
    BUCHUNGSLAUF_DAUER_MS          DECIMAL(65535,2),
    KONTOLAUF_TAGE                 DECIMAL(65535,2),
    KONTOLAUF_DAUER_MS             DECIMAL(65535,2),
    KONTOLAUF_ITERATIONEN          DECIMAL(65535,2),
    PLANUNGEN_NEURECHNEN_TAGE      DECIMAL(65535,2),
    PLANUNGEN_NEURECHNEN_DAUER_MS  DECIMAL(65535,2),
    FORCE_PLANUNG_NEURECHNEN       TINYINT CHECK(FORCE_PLANUNG_NEURECHNEN = 1 || FORCE_PLANUNG_NEURECHNEN = 0),
    ZEITART_REGEL_ENFORCM_ANZAHL   DECIMAL(65535,2),
    ZEITART_REGEL_ENFORCM_DAUER_MS DECIMAL(65535,2),
    WOCHE_NEU_RECHNEN_ANZAHL       DECIMAL(65535,2),
    WOCHE_NEU_RECHNEN_DAUER_MS     DECIMAL(65535,2),
    SYSTEM_CPU_LOAD                DECIMAL(65535,2),
    PROCESS_CPU_LOAD               DECIMAL(65535,2),
    SYSTEM_LOAD_AVERAGE            DECIMAL(65535,2),
    ZEBRA_VERSION                  VARCHAR(255),
    JAVA_VERSION                   VARCHAR(255),
    PAGE_LOADS_PER_SECOND          DECIMAL(65535,2),
    ACTIVE_SESSIONS_1              DECIMAL(65535,2),
    ACTIVE_SESSIONS_5              DECIMAL(65535,2),
    REAL_SERVER_TIME               TINYINT CHECK(REAL_SERVER_TIME = 1 || REAL_SERVER_TIME = 0),
    NAVIGATION_TIME_RECEIVED       TINYINT CHECK(NAVIGATION_TIME_RECEIVED = 1 || NAVIGATION_TIME_RECEIVED = 0),
    NAVIGATION_START               DECIMAL(65535,2),
    UNLOAD_EVENT_START             DECIMAL(65535,2),
    UNLOAD_EVENT_END               DECIMAL(65535,2),
    UNLOAD_EVENT_DURATION          DECIMAL(65535,2),
    REDIRECT_START                 DECIMAL(65535,2),
    REDIRECT_END                   DECIMAL(65535,2),
    REDIRECT_DURATION              DECIMAL(65535,2),
    FETCH_START                    DECIMAL(65535,2),
    DOMAIN_LOOKUP_START            DECIMAL(65535,2),
    DOMAIN_LOOKUP_END              DECIMAL(65535,2),
    DOMAIN_LOOKUP_DURATION         DECIMAL(65535,2),
    CONNECT_START                  DECIMAL(65535,2),
    CONNECT_END                    DECIMAL(65535,2),
    CONNECT_DURATION               DECIMAL(65535,2),
    REQUEST_START                  DECIMAL(65535,2),
    RESPONSE_START                 DECIMAL(65535,2),
    RESPONSE_END                   DECIMAL(65535,2),
    RESPONSE_DURATION              DECIMAL(65535,2),
    REQUEST_TO_RESPONSE_DURATION   DECIMAL(65535,2),
    DOM_LOADING                    DECIMAL(65535,2),
    DOM_INTERACTIVE                DECIMAL(65535,2),
    DOM_CONTENT_LOADED_EVENT_START DECIMAL(65535,2),
    DOM_CONTENT_LOADED_EVENT_END   DECIMAL(65535,2),
    DOM_CONTENT_LOADED_EVENT       DECIMAL(65535,2),
    DOM_COMPLETE_DURATION          DECIMAL(65535,2),
    LOAD_EVENT_START               DECIMAL(65535,2),
    LOAD_EVENT_END                 DECIMAL(65535,2),
    LOAD_EVENT_DURATION            DECIMAL(65535,2),
    LATENCY_DURATION               DECIMAL(65535,2),
    PAGE_LOAD_DURATION             DECIMAL(65535,2),
    TOTAL_TIME_DURATION            DECIMAL(65535,2),
    MS_FIRST_PAINT                 DECIMAL(65535,2),
    MS_FIRST_PAINT_NAVSTARTDUR_MS  DECIMAL(65535,2),
    MS_FIRST_PAINT_LOAD_ENDDUR_MS  DECIMAL(65535,2),
    TYPE_NAME                      VARCHAR(255),
    REDIRECT_COUNT                 DECIMAL(65535,2),
    HASH 						   CHAR(64)
  )
10:09:18.960 [Test worker] DEBUG o.f.core.internal.command.DbMigrate - Successfully completed and committed migration of schema "PUBLIC" to version 1
10:09:18.961 [Test worker] DEBUG o.f.c.i.m.MetaDataTableImpl - MetaData table "PUBLIC"."schema_version" successfully updated to reflect changes
10:09:18.961 [Test worker] DEBUG o.f.core.internal.dbsupport.Table - Locking table "PUBLIC"."schema_version"...
10:09:18.961 [Test worker] DEBUG o.f.core.internal.dbsupport.Table - Lock acquired for table "PUBLIC"."schema_version"
10:09:18.961 [Test worker] INFO  o.f.core.internal.command.DbMigrate - Migrating schema "PUBLIC" to version 2 - Create cpu table
10:09:18.962 [Test worker] DEBUG o.f.c.internal.dbsupport.SqlScript - Found statement at line 1: CREATE TABLE CPU_USAGE
  (
    ID              BIGINT PRIMARY KEY AUTO_INCREMENT,
    CLIENT          VARCHAR(255) NOT NULL,
    ENVIRONMENT     VARCHAR(255) NOT NULL,
    SYS_DATETIME    TIMESTAMP,
    CPU_USAGE       DECIMAL(65535,2),
    HASH 			CHAR(64)
  )
10:09:18.962 [Test worker] DEBUG o.f.c.internal.dbsupport.SqlScript - Executing SQL: CREATE TABLE CPU_USAGE
  (
    ID              BIGINT PRIMARY KEY AUTO_INCREMENT,
    CLIENT          VARCHAR(255) NOT NULL,
    ENVIRONMENT     VARCHAR(255) NOT NULL,
    SYS_DATETIME    TIMESTAMP,
    CPU_USAGE       DECIMAL(65535,2),
    HASH 			CHAR(64)
  )
10:09:18.962 [Test worker] DEBUG o.f.core.internal.command.DbMigrate - Successfully completed and committed migration of schema "PUBLIC" to version 2
10:09:18.963 [Test worker] DEBUG o.f.c.i.m.MetaDataTableImpl - MetaData table "PUBLIC"."schema_version" successfully updated to reflect changes
10:09:18.963 [Test worker] DEBUG o.f.core.internal.dbsupport.Table - Locking table "PUBLIC"."schema_version"...
10:09:18.963 [Test worker] DEBUG o.f.core.internal.dbsupport.Table - Lock acquired for table "PUBLIC"."schema_version"
10:09:18.963 [Test worker] INFO  o.f.core.internal.command.DbMigrate - Migrating schema "PUBLIC" to version 3 - Create memory table
10:09:18.964 [Test worker] DEBUG o.f.c.internal.dbsupport.SqlScript - Found statement at line 1: CREATE TABLE MEMORY_USAGE
  (
    ID              BIGINT PRIMARY KEY AUTO_INCREMENT,
    CLIENT          VARCHAR(255) NOT NULL,
    ENVIRONMENT     VARCHAR(255) NOT NULL,
    SYS_DATETIME    TIMESTAMP,
    TOTAL_HEAP 		DECIMAL(65535,2),
	FREE_HEAP		DECIMAL(65535,2),
	HASH 			CHAR(64)
  )
10:09:18.964 [Test worker] DEBUG o.f.c.internal.dbsupport.SqlScript - Executing SQL: CREATE TABLE MEMORY_USAGE
  (
    ID              BIGINT PRIMARY KEY AUTO_INCREMENT,
    CLIENT          VARCHAR(255) NOT NULL,
    ENVIRONMENT     VARCHAR(255) NOT NULL,
    SYS_DATETIME    TIMESTAMP,
    TOTAL_HEAP 		DECIMAL(65535,2),
	FREE_HEAP		DECIMAL(65535,2),
	HASH 			CHAR(64)
  )
10:09:18.964 [Test worker] DEBUG o.f.core.internal.command.DbMigrate - Successfully completed and committed migration of schema "PUBLIC" to version 3
10:09:18.964 [Test worker] DEBUG o.f.c.i.m.MetaDataTableImpl - MetaData table "PUBLIC"."schema_version" successfully updated to reflect changes
10:09:18.965 [Test worker] DEBUG o.f.core.internal.dbsupport.Table - Locking table "PUBLIC"."schema_version"...
10:09:18.965 [Test worker] DEBUG o.f.core.internal.dbsupport.Table - Lock acquired for table "PUBLIC"."schema_version"
10:09:18.965 [Test worker] INFO  o.f.core.internal.command.DbMigrate - Migrating schema "PUBLIC" to version 4 - Create imported file table
10:09:18.965 [Test worker] DEBUG o.f.c.internal.dbsupport.SqlScript - Found statement at line 1: CREATE TABLE IMPORTED_FILE
  (
    ID              BIGINT PRIMARY KEY AUTO_INCREMENT,
    CLIENT          VARCHAR(255) NOT NULL,
    ENVIRONMENT     VARCHAR(255) NOT NULL,
    STATUS          VARCHAR(255),
    IMPORT_DATETIME TIMESTAMP,
    FILENAME        VARCHAR(255) NOT NULL,
    STACKTRACE		CLOB,
    CONSTRAINT UNIQUE_FILE UNIQUE (CLIENT, ENVIRONMENT, FILENAME)
  )
10:09:18.965 [Test worker] DEBUG o.f.c.internal.dbsupport.SqlScript - Executing SQL: CREATE TABLE IMPORTED_FILE
  (
    ID              BIGINT PRIMARY KEY AUTO_INCREMENT,
    CLIENT          VARCHAR(255) NOT NULL,
    ENVIRONMENT     VARCHAR(255) NOT NULL,
    STATUS          VARCHAR(255),
    IMPORT_DATETIME TIMESTAMP,
    FILENAME        VARCHAR(255) NOT NULL,
    STACKTRACE		CLOB,
    CONSTRAINT UNIQUE_FILE UNIQUE (CLIENT, ENVIRONMENT, FILENAME)
  )
10:09:18.966 [Test worker] DEBUG o.f.core.internal.command.DbMigrate - Successfully completed and committed migration of schema "PUBLIC" to version 4
10:09:18.966 [Test worker] DEBUG o.f.c.i.m.MetaDataTableImpl - MetaData table "PUBLIC"."schema_version" successfully updated to reflect changes
10:09:18.966 [Test worker] DEBUG o.f.core.internal.dbsupport.Table - Locking table "PUBLIC"."schema_version"...
10:09:18.967 [Test worker] DEBUG o.f.core.internal.dbsupport.Table - Lock acquired for table "PUBLIC"."schema_version"
10:09:18.967 [Test worker] INFO  o.f.core.internal.command.DbMigrate - Migrating schema "PUBLIC" to version 5 - Create events table
10:09:18.967 [Test worker] DEBUG o.f.c.internal.dbsupport.SqlScript - Found statement at line 1: CREATE TABLE EVENTS 
  (
    ID              BIGINT PRIMARY KEY AUTO_INCREMENT,
    CLIENT          VARCHAR2(255) NOT NULL,
    ENVIRONMENT     VARCHAR2(255) NOT NULL,
    DATUM           DATE, 
    "TYPE"          VARCHAR2(255), 
    BESCHREIBUNG    VARCHAR2(255)
  )
10:09:18.967 [Test worker] DEBUG o.f.c.internal.dbsupport.SqlScript - Found statement at line 11: INSERT INTO EVENTS (CLIENT, ENVIRONMENT, DATUM, TYPE, BESCHREIBUNG) 
  values ('Coop', 'pjazz', parsedatetime('31.01.2015','DD.MM.YYYY'), 'ignore_days', '100% CPU')
10:09:18.967 [Test worker] DEBUG o.f.c.internal.dbsupport.SqlScript - Found statement at line 13: INSERT INTO EVENTS (CLIENT, ENVIRONMENT, DATUM, TYPE, BESCHREIBUNG) 
  values ('Coop', 'pjazz', parsedatetime('05.01.2015','DD.MM.YYYY'), 'ignore_days', '100% CPU')
10:09:18.968 [Test worker] DEBUG o.f.c.internal.dbsupport.SqlScript - Found statement at line 15: INSERT INTO EVENTS (CLIENT, ENVIRONMENT, DATUM, TYPE, BESCHREIBUNG) 
  values ('Coop', 'pjazz', parsedatetime('16.02.2015','DD.MM.YYYY'), 'ignore_days', '100% CPU')
10:09:18.968 [Test worker] DEBUG o.f.c.internal.dbsupport.SqlScript - Executing SQL: CREATE TABLE EVENTS 
  (
    ID              BIGINT PRIMARY KEY AUTO_INCREMENT,
    CLIENT          VARCHAR2(255) NOT NULL,
    ENVIRONMENT     VARCHAR2(255) NOT NULL,
    DATUM           DATE, 
    "TYPE"          VARCHAR2(255), 
    BESCHREIBUNG    VARCHAR2(255)
  )
10:09:18.968 [Test worker] DEBUG o.f.c.internal.dbsupport.SqlScript - Executing SQL: INSERT INTO EVENTS (CLIENT, ENVIRONMENT, DATUM, TYPE, BESCHREIBUNG) 
  values ('Coop', 'pjazz', parsedatetime('31.01.2015','DD.MM.YYYY'), 'ignore_days', '100% CPU')
10:09:18.968 [Test worker] DEBUG o.f.c.internal.dbsupport.SqlScript - Executing SQL: INSERT INTO EVENTS (CLIENT, ENVIRONMENT, DATUM, TYPE, BESCHREIBUNG) 
  values ('Coop', 'pjazz', parsedatetime('05.01.2015','DD.MM.YYYY'), 'ignore_days', '100% CPU')
10:09:18.968 [Test worker] DEBUG o.f.c.internal.dbsupport.SqlScript - Executing SQL: INSERT INTO EVENTS (CLIENT, ENVIRONMENT, DATUM, TYPE, BESCHREIBUNG) 
  values ('Coop', 'pjazz', parsedatetime('16.02.2015','DD.MM.YYYY'), 'ignore_days', '100% CPU')
10:09:18.968 [Test worker] DEBUG o.f.core.internal.command.DbMigrate - Successfully completed and committed migration of schema "PUBLIC" to version 5
10:09:18.969 [Test worker] DEBUG o.f.c.i.m.MetaDataTableImpl - MetaData table "PUBLIC"."schema_version" successfully updated to reflect changes
10:09:18.969 [Test worker] DEBUG o.f.core.internal.dbsupport.Table - Locking table "PUBLIC"."schema_version"...
10:09:18.969 [Test worker] DEBUG o.f.core.internal.dbsupport.Table - Lock acquired for table "PUBLIC"."schema_version"
10:09:18.970 [Test worker] INFO  o.f.core.internal.command.DbMigrate - Successfully applied 5 migrations to schema "PUBLIC" (execution time 00:00.019s).
10:09:18.973 [Test worker] DEBUG c.m.query.sql.dml.SQLInsertClause - insert into PROFILING (FOCUS_KST_NUMMER, CLIENT, TOTAL_FETCH_TIME_MS, ENVIRONMENT, SYS_DATETIME, HASH) values (?, ?, ?, ?, ?, ?)
10:09:18.977 [Test worker] DEBUG c.mysema.query.sql.AbstractSQLQuery - select PROFILING.HASH from PROFILING PROFILING where PROFILING.CLIENT = ? and PROFILING.ENVIRONMENT = ? and PROFILING.SYS_DATETIME between ? and ?
10:09:18.979 [Test worker] INFO  o.f.c.i.dbsupport.DbSupportFactory - Database: jdbc:h2:mem:test (H2 1.4)
10:09:18.979 [Test worker] DEBUG org.flywaydb.core.Flyway - DDL Transactions Supported: false
10:09:18.979 [Test worker] DEBUG org.flywaydb.core.Flyway - Schema: PUBLIC
10:09:18.979 [Test worker] DEBUG o.f.c.i.u.s.c.ClassPathScanner - Scanning for classpath resources at 'db/migration/h2' (Prefix: '', Suffix: '.sql')
10:09:18.980 [Test worker] DEBUG o.f.c.i.u.s.c.ClassPathScanner - Scanning URL: file:/C:/Workspace/ergon.zebra/zebra-utils/monitoring/monitoring-data/build/resources/main/db/migration/h2
10:09:18.980 [Test worker] DEBUG o.f.c.internal.util.FeatureDetector - JBoss VFS v2 available: false
10:09:18.980 [Test worker] DEBUG o.f.c.i.u.s.c.FileSystemClassPathLocationScanner - Scanning starting at classpath root in filesystem: C:\Workspace\ergon.zebra\zebra-utils\monitoring\monitoring-data\build\resources\main\
10:09:18.980 [Test worker] DEBUG o.f.c.i.u.s.c.FileSystemClassPathLocationScanner - Scanning for resources in path: C:\Workspace\ergon.zebra\zebra-utils\monitoring\monitoring-data\build\resources\main\db\migration\h2 (db/migration/h2)
10:09:18.980 [Test worker] DEBUG o.f.c.i.u.s.c.ClassPathScanner - Found resource: db/migration/h2/V1__Create_profiling_table.sql
10:09:18.980 [Test worker] DEBUG o.f.c.i.u.s.c.ClassPathScanner - Found resource: db/migration/h2/V2__Create_cpu_table.sql
10:09:18.980 [Test worker] DEBUG o.f.c.i.u.s.c.ClassPathScanner - Found resource: db/migration/h2/V3__Create_memory_table.sql
10:09:18.980 [Test worker] DEBUG o.f.c.i.u.s.c.ClassPathScanner - Found resource: db/migration/h2/V4__Create_imported_file_table.sql
10:09:18.980 [Test worker] DEBUG o.f.c.i.u.s.c.ClassPathScanner - Found resource: db/migration/h2/V5__Create_events_table.sql
10:09:18.980 [Test worker] DEBUG o.f.c.internal.util.FeatureDetector - Spring Jdbc available: false
10:09:18.980 [Test worker] DEBUG o.f.core.internal.command.DbValidate - Validating migrations ...
10:09:18.980 [Test worker] DEBUG o.f.c.i.u.s.c.ClassPathScanner - Scanning for classpath resources at 'db/migration/h2' (Prefix: 'V', Suffix: '.sql')
10:09:18.980 [Test worker] DEBUG o.f.c.i.u.s.c.ClassPathScanner - Scanning URL: file:/C:/Workspace/ergon.zebra/zebra-utils/monitoring/monitoring-data/build/resources/main/db/migration/h2
10:09:18.981 [Test worker] DEBUG o.f.c.internal.util.FeatureDetector - JBoss VFS v2 available: false
10:09:18.981 [Test worker] DEBUG o.f.c.i.u.s.c.FileSystemClassPathLocationScanner - Scanning starting at classpath root in filesystem: C:\Workspace\ergon.zebra\zebra-utils\monitoring\monitoring-data\build\resources\main\
10:09:18.981 [Test worker] DEBUG o.f.c.i.u.s.c.FileSystemClassPathLocationScanner - Scanning for resources in path: C:\Workspace\ergon.zebra\zebra-utils\monitoring\monitoring-data\build\resources\main\db\migration\h2 (db/migration/h2)
10:09:18.981 [Test worker] DEBUG o.f.c.i.u.s.c.ClassPathScanner - Found resource: db/migration/h2/V1__Create_profiling_table.sql
10:09:18.981 [Test worker] DEBUG o.f.c.i.u.s.c.ClassPathScanner - Found resource: db/migration/h2/V2__Create_cpu_table.sql
10:09:18.981 [Test worker] DEBUG o.f.c.i.u.s.c.ClassPathScanner - Found resource: db/migration/h2/V3__Create_memory_table.sql
10:09:18.981 [Test worker] DEBUG o.f.c.i.u.s.c.ClassPathScanner - Found resource: db/migration/h2/V4__Create_imported_file_table.sql
10:09:18.981 [Test worker] DEBUG o.f.c.i.u.s.c.ClassPathScanner - Found resource: db/migration/h2/V5__Create_events_table.sql
10:09:18.982 [Test worker] DEBUG o.f.c.i.u.s.c.ClassPathScanner - Scanning for classes at 'db/migration/h2' (Implementing: 'org.flywaydb.core.api.migration.jdbc.JdbcMigration')
10:09:18.982 [Test worker] DEBUG o.f.c.i.u.s.c.ClassPathScanner - Scanning URL: file:/C:/Workspace/ergon.zebra/zebra-utils/monitoring/monitoring-data/build/resources/main/db/migration/h2
10:09:18.982 [Test worker] DEBUG o.f.c.internal.util.FeatureDetector - JBoss VFS v2 available: false
10:09:18.982 [Test worker] DEBUG o.f.c.i.u.s.c.FileSystemClassPathLocationScanner - Scanning starting at classpath root in filesystem: C:\Workspace\ergon.zebra\zebra-utils\monitoring\monitoring-data\build\resources\main\
10:09:18.982 [Test worker] DEBUG o.f.c.i.u.s.c.FileSystemClassPathLocationScanner - Scanning for resources in path: C:\Workspace\ergon.zebra\zebra-utils\monitoring\monitoring-data\build\resources\main\db\migration\h2 (db/migration/h2)
10:09:18.982 [Test worker] DEBUG o.f.c.i.u.s.c.ClassPathScanner - Filtering out resource: db/migration/h2/V1__Create_profiling_table.sql (filename: V1__Create_profiling_table.sql)
10:09:18.982 [Test worker] DEBUG o.f.c.i.u.s.c.ClassPathScanner - Filtering out resource: db/migration/h2/V2__Create_cpu_table.sql (filename: V2__Create_cpu_table.sql)
10:09:18.982 [Test worker] DEBUG o.f.c.i.u.s.c.ClassPathScanner - Filtering out resource: db/migration/h2/V3__Create_memory_table.sql (filename: V3__Create_memory_table.sql)
10:09:18.982 [Test worker] DEBUG o.f.c.i.u.s.c.ClassPathScanner - Filtering out resource: db/migration/h2/V4__Create_imported_file_table.sql (filename: V4__Create_imported_file_table.sql)
10:09:18.982 [Test worker] DEBUG o.f.c.i.u.s.c.ClassPathScanner - Filtering out resource: db/migration/h2/V5__Create_events_table.sql (filename: V5__Create_events_table.sql)
10:09:18.983 [Test worker] INFO  o.f.core.internal.command.DbValidate - Validated 5 migrations (execution time 00:00.003s)
10:09:18.983 [Test worker] DEBUG o.f.core.internal.command.DbSchemas - Schema "PUBLIC" already exists. Skipping schema creation.
10:09:18.983 [Test worker] INFO  o.f.c.i.m.MetaDataTableImpl - Creating Metadata table: "PUBLIC"."schema_version"
10:09:18.984 [Test worker] DEBUG o.f.c.internal.dbsupport.SqlScript - Found statement at line 17: CREATE TABLE "PUBLIC"."schema_version" (
    "version_rank" INT NOT NULL,
    "installed_rank" INT NOT NULL,
    "version" VARCHAR(50) NOT NULL,
    "description" VARCHAR(200) NOT NULL,
    "type" VARCHAR(20) NOT NULL,
    "script" VARCHAR(1000) NOT NULL,
    "checksum" INT,
    "installed_by" VARCHAR(100) NOT NULL,
    "installed_on" TIMESTAMP NOT NULL DEFAULT CURRENT_TIMESTAMP,
    "execution_time" INT NOT NULL,
    "success" BOOLEAN NOT NULL
)
10:09:18.984 [Test worker] DEBUG o.f.c.internal.dbsupport.SqlScript - Found statement at line 30: ALTER TABLE "PUBLIC"."schema_version" ADD CONSTRAINT "schema_version_pk" PRIMARY KEY ("version")
10:09:18.984 [Test worker] DEBUG o.f.c.internal.dbsupport.SqlScript - Found statement at line 32: CREATE INDEX "PUBLIC"."schema_version_vr_idx" ON "PUBLIC"."schema_version" ("version_rank")
10:09:18.984 [Test worker] DEBUG o.f.c.internal.dbsupport.SqlScript - Found statement at line 33: CREATE INDEX "PUBLIC"."schema_version_ir_idx" ON "PUBLIC"."schema_version" ("installed_rank")
10:09:18.984 [Test worker] DEBUG o.f.c.internal.dbsupport.SqlScript - Found statement at line 34: CREATE INDEX "PUBLIC"."schema_version_s_idx" ON "PUBLIC"."schema_version" ("success")
10:09:18.984 [Test worker] DEBUG o.f.c.internal.dbsupport.SqlScript - Executing SQL: CREATE TABLE "PUBLIC"."schema_version" (
    "version_rank" INT NOT NULL,
    "installed_rank" INT NOT NULL,
    "version" VARCHAR(50) NOT NULL,
    "description" VARCHAR(200) NOT NULL,
    "type" VARCHAR(20) NOT NULL,
    "script" VARCHAR(1000) NOT NULL,
    "checksum" INT,
    "installed_by" VARCHAR(100) NOT NULL,
    "installed_on" TIMESTAMP NOT NULL DEFAULT CURRENT_TIMESTAMP,
    "execution_time" INT NOT NULL,
    "success" BOOLEAN NOT NULL
)
10:09:18.984 [Test worker] DEBUG o.f.c.internal.dbsupport.SqlScript - Executing SQL: ALTER TABLE "PUBLIC"."schema_version" ADD CONSTRAINT "schema_version_pk" PRIMARY KEY ("version")
10:09:18.984 [Test worker] DEBUG o.f.c.internal.dbsupport.SqlScript - Executing SQL: CREATE INDEX "PUBLIC"."schema_version_vr_idx" ON "PUBLIC"."schema_version" ("version_rank")
10:09:18.985 [Test worker] DEBUG o.f.c.internal.dbsupport.SqlScript - Executing SQL: CREATE INDEX "PUBLIC"."schema_version_ir_idx" ON "PUBLIC"."schema_version" ("installed_rank")
10:09:18.985 [Test worker] DEBUG o.f.c.internal.dbsupport.SqlScript - Executing SQL: CREATE INDEX "PUBLIC"."schema_version_s_idx" ON "PUBLIC"."schema_version" ("success")
10:09:18.985 [Test worker] DEBUG o.f.c.i.m.MetaDataTableImpl - Metadata table "PUBLIC"."schema_version" created.
10:09:18.985 [Test worker] DEBUG o.f.core.internal.dbsupport.Table - Locking table "PUBLIC"."schema_version"...
10:09:18.985 [Test worker] DEBUG o.f.core.internal.dbsupport.Table - Lock acquired for table "PUBLIC"."schema_version"
10:09:18.985 [Test worker] INFO  o.f.core.internal.command.DbMigrate - Current version of schema "PUBLIC": << Empty Schema >>
10:09:18.985 [Test worker] INFO  o.f.core.internal.command.DbMigrate - Migrating schema "PUBLIC" to version 1 - Create profiling table
10:09:18.986 [Test worker] DEBUG o.f.c.internal.dbsupport.SqlScript - Found statement at line 1: CREATE TABLE PROFILING
  (
    ID                             BIGINT PRIMARY KEY AUTO_INCREMENT,
    CLIENT                         VARCHAR(255) NOT NULL,
    ENVIRONMENT                    VARCHAR(255) NOT NULL,
    USECASE_ID                     VARCHAR(255),
    SERVER_EXECUTION_TIME_MS       DECIMAL(65535,2),
    SERVER_WAIT_TIME_MS            DECIMAL(65535,2),
    SERVER_EXEC_NO_WAIT_TIME_MS    DECIMAL(65535,2),
    SERVER_OVERHEAD_TIME_MS        DECIMAL(65535,2),
    REQUEST_ID                     DECIMAL(65535,2),
    SESSION_ID                     VARCHAR(255),
    SESSION_AGE_IN_MINUTES         DECIMAL(65535,2),
    USER_AGENT                     VARCHAR(255),
    HOST                           VARCHAR(255),
    CLIENT_IP_ADDRESS              VARCHAR(255),
    USECASE_EXPECTS_NAV_TIME       TINYINT CHECK(USECASE_EXPECTS_NAV_TIME = 1 || USECASE_EXPECTS_NAV_TIME = 0),
    STATEMENTS_EXECUTED            DECIMAL(65535,2),
    TOTAL_EXECUTION_TIME_MS        DECIMAL(65535,2),
    TOTAL_FETCH_TIME_MS            DECIMAL(65535,2),
    TOTAL_DATABASE_TIME_MS         DECIMAL(65535,2),
    MANDANT                        VARCHAR(255),
    LOGIN_NAME                     VARCHAR(255),
    FOCUS_DATE                     DATE,
    FOCUS_DATE_MINUS_SYSTEMDATE    DECIMAL(65535,2),
    FOCUS_KST_NUMMER               VARCHAR(255),
    FOCUS_KST_NR_OF_MITARBEITER    DECIMAL(65535,2),
    NR_OF_ACC_KOSTENSTELLE_TODAY   DECIMAL(65535,2),
    LIMIT_PEE_NUMMER               VARCHAR(255),
    SYS_DATETIME                   TIMESTAMP,
    WEEKDAY                        VARCHAR(255),
    ZEITART_NUMMER                 VARCHAR(255),
    MIN_ACTION_DATE                DATE,
    MAX_ACTION_DATE                DATE,
    MIN_ACTION_DATE_MINUS_SYSDAYS  DECIMAL(65535,2),
    MAX_ACTION_DATE_MINUS_SYSDAYS  DECIMAL(65535,2),
    ACTION_DATE_INTEVAL_DAYS       DECIMAL(65535,2),
    BW_DAUER_MS                    DECIMAL(65535,2),
    BW_MODE                        VARCHAR(255),
    PLANUNGEN_GENERIEREN_TAGE      DECIMAL(65535,2),
    PLANUNGEN_GENERIEREN_DAUER_MS  DECIMAL(65535,2),
    SOLL_GLEICH_IST_TAGE           DECIMAL(65535,2),
    SOLL_GLEICH_IST_DAUER_MS       DECIMAL(65535,2),
    BUCHUNGSLAUF_TAGE              DECIMAL(65535,2),
    BUCHUNGSLAUF_DAUER_MS          DECIMAL(65535,2),
    KONTOLAUF_TAGE                 DECIMAL(65535,2),
    KONTOLAUF_DAUER_MS             DECIMAL(65535,2),
    KONTOLAUF_ITERATIONEN          DECIMAL(65535,2),
    PLANUNGEN_NEURECHNEN_TAGE      DECIMAL(65535,2),
    PLANUNGEN_NEURECHNEN_DAUER_MS  DECIMAL(65535,2),
    FORCE_PLANUNG_NEURECHNEN       TINYINT CHECK(FORCE_PLANUNG_NEURECHNEN = 1 || FORCE_PLANUNG_NEURECHNEN = 0),
    ZEITART_REGEL_ENFORCM_ANZAHL   DECIMAL(65535,2),
    ZEITART_REGEL_ENFORCM_DAUER_MS DECIMAL(65535,2),
    WOCHE_NEU_RECHNEN_ANZAHL       DECIMAL(65535,2),
    WOCHE_NEU_RECHNEN_DAUER_MS     DECIMAL(65535,2),
    SYSTEM_CPU_LOAD                DECIMAL(65535,2),
    PROCESS_CPU_LOAD               DECIMAL(65535,2),
    SYSTEM_LOAD_AVERAGE            DECIMAL(65535,2),
    ZEBRA_VERSION                  VARCHAR(255),
    JAVA_VERSION                   VARCHAR(255),
    PAGE_LOADS_PER_SECOND          DECIMAL(65535,2),
    ACTIVE_SESSIONS_1              DECIMAL(65535,2),
    ACTIVE_SESSIONS_5              DECIMAL(65535,2),
    REAL_SERVER_TIME               TINYINT CHECK(REAL_SERVER_TIME = 1 || REAL_SERVER_TIME = 0),
    NAVIGATION_TIME_RECEIVED       TINYINT CHECK(NAVIGATION_TIME_RECEIVED = 1 || NAVIGATION_TIME_RECEIVED = 0),
    NAVIGATION_START               DECIMAL(65535,2),
    UNLOAD_EVENT_START             DECIMAL(65535,2),
    UNLOAD_EVENT_END               DECIMAL(65535,2),
    UNLOAD_EVENT_DURATION          DECIMAL(65535,2),
    REDIRECT_START                 DECIMAL(65535,2),
    REDIRECT_END                   DECIMAL(65535,2),
    REDIRECT_DURATION              DECIMAL(65535,2),
    FETCH_START                    DECIMAL(65535,2),
    DOMAIN_LOOKUP_START            DECIMAL(65535,2),
    DOMAIN_LOOKUP_END              DECIMAL(65535,2),
    DOMAIN_LOOKUP_DURATION         DECIMAL(65535,2),
    CONNECT_START                  DECIMAL(65535,2),
    CONNECT_END                    DECIMAL(65535,2),
    CONNECT_DURATION               DECIMAL(65535,2),
    REQUEST_START                  DECIMAL(65535,2),
    RESPONSE_START                 DECIMAL(65535,2),
    RESPONSE_END                   DECIMAL(65535,2),
    RESPONSE_DURATION              DECIMAL(65535,2),
    REQUEST_TO_RESPONSE_DURATION   DECIMAL(65535,2),
    DOM_LOADING                    DECIMAL(65535,2),
    DOM_INTERACTIVE                DECIMAL(65535,2),
    DOM_CONTENT_LOADED_EVENT_START DECIMAL(65535,2),
    DOM_CONTENT_LOADED_EVENT_END   DECIMAL(65535,2),
    DOM_CONTENT_LOADED_EVENT       DECIMAL(65535,2),
    DOM_COMPLETE_DURATION          DECIMAL(65535,2),
    LOAD_EVENT_START               DECIMAL(65535,2),
    LOAD_EVENT_END                 DECIMAL(65535,2),
    LOAD_EVENT_DURATION            DECIMAL(65535,2),
    LATENCY_DURATION               DECIMAL(65535,2),
    PAGE_LOAD_DURATION             DECIMAL(65535,2),
    TOTAL_TIME_DURATION            DECIMAL(65535,2),
    MS_FIRST_PAINT                 DECIMAL(65535,2),
    MS_FIRST_PAINT_NAVSTARTDUR_MS  DECIMAL(65535,2),
    MS_FIRST_PAINT_LOAD_ENDDUR_MS  DECIMAL(65535,2),
    TYPE_NAME                      VARCHAR(255),
    REDIRECT_COUNT                 DECIMAL(65535,2),
    HASH 						   CHAR(64)
  )
10:09:18.986 [Test worker] DEBUG o.f.c.internal.dbsupport.SqlScript - Executing SQL: CREATE TABLE PROFILING
  (
    ID                             BIGINT PRIMARY KEY AUTO_INCREMENT,
    CLIENT                         VARCHAR(255) NOT NULL,
    ENVIRONMENT                    VARCHAR(255) NOT NULL,
    USECASE_ID                     VARCHAR(255),
    SERVER_EXECUTION_TIME_MS       DECIMAL(65535,2),
    SERVER_WAIT_TIME_MS            DECIMAL(65535,2),
    SERVER_EXEC_NO_WAIT_TIME_MS    DECIMAL(65535,2),
    SERVER_OVERHEAD_TIME_MS        DECIMAL(65535,2),
    REQUEST_ID                     DECIMAL(65535,2),
    SESSION_ID                     VARCHAR(255),
    SESSION_AGE_IN_MINUTES         DECIMAL(65535,2),
    USER_AGENT                     VARCHAR(255),
    HOST                           VARCHAR(255),
    CLIENT_IP_ADDRESS              VARCHAR(255),
    USECASE_EXPECTS_NAV_TIME       TINYINT CHECK(USECASE_EXPECTS_NAV_TIME = 1 || USECASE_EXPECTS_NAV_TIME = 0),
    STATEMENTS_EXECUTED            DECIMAL(65535,2),
    TOTAL_EXECUTION_TIME_MS        DECIMAL(65535,2),
    TOTAL_FETCH_TIME_MS            DECIMAL(65535,2),
    TOTAL_DATABASE_TIME_MS         DECIMAL(65535,2),
    MANDANT                        VARCHAR(255),
    LOGIN_NAME                     VARCHAR(255),
    FOCUS_DATE                     DATE,
    FOCUS_DATE_MINUS_SYSTEMDATE    DECIMAL(65535,2),
    FOCUS_KST_NUMMER               VARCHAR(255),
    FOCUS_KST_NR_OF_MITARBEITER    DECIMAL(65535,2),
    NR_OF_ACC_KOSTENSTELLE_TODAY   DECIMAL(65535,2),
    LIMIT_PEE_NUMMER               VARCHAR(255),
    SYS_DATETIME                   TIMESTAMP,
    WEEKDAY                        VARCHAR(255),
    ZEITART_NUMMER                 VARCHAR(255),
    MIN_ACTION_DATE                DATE,
    MAX_ACTION_DATE                DATE,
    MIN_ACTION_DATE_MINUS_SYSDAYS  DECIMAL(65535,2),
    MAX_ACTION_DATE_MINUS_SYSDAYS  DECIMAL(65535,2),
    ACTION_DATE_INTEVAL_DAYS       DECIMAL(65535,2),
    BW_DAUER_MS                    DECIMAL(65535,2),
    BW_MODE                        VARCHAR(255),
    PLANUNGEN_GENERIEREN_TAGE      DECIMAL(65535,2),
    PLANUNGEN_GENERIEREN_DAUER_MS  DECIMAL(65535,2),
    SOLL_GLEICH_IST_TAGE           DECIMAL(65535,2),
    SOLL_GLEICH_IST_DAUER_MS       DECIMAL(65535,2),
    BUCHUNGSLAUF_TAGE              DECIMAL(65535,2),
    BUCHUNGSLAUF_DAUER_MS          DECIMAL(65535,2),
    KONTOLAUF_TAGE                 DECIMAL(65535,2),
    KONTOLAUF_DAUER_MS             DECIMAL(65535,2),
    KONTOLAUF_ITERATIONEN          DECIMAL(65535,2),
    PLANUNGEN_NEURECHNEN_TAGE      DECIMAL(65535,2),
    PLANUNGEN_NEURECHNEN_DAUER_MS  DECIMAL(65535,2),
    FORCE_PLANUNG_NEURECHNEN       TINYINT CHECK(FORCE_PLANUNG_NEURECHNEN = 1 || FORCE_PLANUNG_NEURECHNEN = 0),
    ZEITART_REGEL_ENFORCM_ANZAHL   DECIMAL(65535,2),
    ZEITART_REGEL_ENFORCM_DAUER_MS DECIMAL(65535,2),
    WOCHE_NEU_RECHNEN_ANZAHL       DECIMAL(65535,2),
    WOCHE_NEU_RECHNEN_DAUER_MS     DECIMAL(65535,2),
    SYSTEM_CPU_LOAD                DECIMAL(65535,2),
    PROCESS_CPU_LOAD               DECIMAL(65535,2),
    SYSTEM_LOAD_AVERAGE            DECIMAL(65535,2),
    ZEBRA_VERSION                  VARCHAR(255),
    JAVA_VERSION                   VARCHAR(255),
    PAGE_LOADS_PER_SECOND          DECIMAL(65535,2),
    ACTIVE_SESSIONS_1              DECIMAL(65535,2),
    ACTIVE_SESSIONS_5              DECIMAL(65535,2),
    REAL_SERVER_TIME               TINYINT CHECK(REAL_SERVER_TIME = 1 || REAL_SERVER_TIME = 0),
    NAVIGATION_TIME_RECEIVED       TINYINT CHECK(NAVIGATION_TIME_RECEIVED = 1 || NAVIGATION_TIME_RECEIVED = 0),
    NAVIGATION_START               DECIMAL(65535,2),
    UNLOAD_EVENT_START             DECIMAL(65535,2),
    UNLOAD_EVENT_END               DECIMAL(65535,2),
    UNLOAD_EVENT_DURATION          DECIMAL(65535,2),
    REDIRECT_START                 DECIMAL(65535,2),
    REDIRECT_END                   DECIMAL(65535,2),
    REDIRECT_DURATION              DECIMAL(65535,2),
    FETCH_START                    DECIMAL(65535,2),
    DOMAIN_LOOKUP_START            DECIMAL(65535,2),
    DOMAIN_LOOKUP_END              DECIMAL(65535,2),
    DOMAIN_LOOKUP_DURATION         DECIMAL(65535,2),
    CONNECT_START                  DECIMAL(65535,2),
    CONNECT_END                    DECIMAL(65535,2),
    CONNECT_DURATION               DECIMAL(65535,2),
    REQUEST_START                  DECIMAL(65535,2),
    RESPONSE_START                 DECIMAL(65535,2),
    RESPONSE_END                   DECIMAL(65535,2),
    RESPONSE_DURATION              DECIMAL(65535,2),
    REQUEST_TO_RESPONSE_DURATION   DECIMAL(65535,2),
    DOM_LOADING                    DECIMAL(65535,2),
    DOM_INTERACTIVE                DECIMAL(65535,2),
    DOM_CONTENT_LOADED_EVENT_START DECIMAL(65535,2),
    DOM_CONTENT_LOADED_EVENT_END   DECIMAL(65535,2),
    DOM_CONTENT_LOADED_EVENT       DECIMAL(65535,2),
    DOM_COMPLETE_DURATION          DECIMAL(65535,2),
    LOAD_EVENT_START               DECIMAL(65535,2),
    LOAD_EVENT_END                 DECIMAL(65535,2),
    LOAD_EVENT_DURATION            DECIMAL(65535,2),
    LATENCY_DURATION               DECIMAL(65535,2),
    PAGE_LOAD_DURATION             DECIMAL(65535,2),
    TOTAL_TIME_DURATION            DECIMAL(65535,2),
    MS_FIRST_PAINT                 DECIMAL(65535,2),
    MS_FIRST_PAINT_NAVSTARTDUR_MS  DECIMAL(65535,2),
    MS_FIRST_PAINT_LOAD_ENDDUR_MS  DECIMAL(65535,2),
    TYPE_NAME                      VARCHAR(255),
    REDIRECT_COUNT                 DECIMAL(65535,2),
    HASH 						   CHAR(64)
  )
10:09:18.987 [Test worker] DEBUG o.f.core.internal.command.DbMigrate - Successfully completed and committed migration of schema "PUBLIC" to version 1
10:09:18.988 [Test worker] DEBUG o.f.c.i.m.MetaDataTableImpl - MetaData table "PUBLIC"."schema_version" successfully updated to reflect changes
10:09:18.988 [Test worker] DEBUG o.f.core.internal.dbsupport.Table - Locking table "PUBLIC"."schema_version"...
10:09:18.988 [Test worker] DEBUG o.f.core.internal.dbsupport.Table - Lock acquired for table "PUBLIC"."schema_version"
10:09:18.988 [Test worker] INFO  o.f.core.internal.command.DbMigrate - Migrating schema "PUBLIC" to version 2 - Create cpu table
10:09:18.989 [Test worker] DEBUG o.f.c.internal.dbsupport.SqlScript - Found statement at line 1: CREATE TABLE CPU_USAGE
  (
    ID              BIGINT PRIMARY KEY AUTO_INCREMENT,
    CLIENT          VARCHAR(255) NOT NULL,
    ENVIRONMENT     VARCHAR(255) NOT NULL,
    SYS_DATETIME    TIMESTAMP,
    CPU_USAGE       DECIMAL(65535,2),
    HASH 			CHAR(64)
  )
10:09:18.989 [Test worker] DEBUG o.f.c.internal.dbsupport.SqlScript - Executing SQL: CREATE TABLE CPU_USAGE
  (
    ID              BIGINT PRIMARY KEY AUTO_INCREMENT,
    CLIENT          VARCHAR(255) NOT NULL,
    ENVIRONMENT     VARCHAR(255) NOT NULL,
    SYS_DATETIME    TIMESTAMP,
    CPU_USAGE       DECIMAL(65535,2),
    HASH 			CHAR(64)
  )
10:09:18.989 [Test worker] DEBUG o.f.core.internal.command.DbMigrate - Successfully completed and committed migration of schema "PUBLIC" to version 2
10:09:18.989 [Test worker] DEBUG o.f.c.i.m.MetaDataTableImpl - MetaData table "PUBLIC"."schema_version" successfully updated to reflect changes
10:09:18.990 [Test worker] DEBUG o.f.core.internal.dbsupport.Table - Locking table "PUBLIC"."schema_version"...
10:09:18.990 [Test worker] DEBUG o.f.core.internal.dbsupport.Table - Lock acquired for table "PUBLIC"."schema_version"
10:09:18.990 [Test worker] INFO  o.f.core.internal.command.DbMigrate - Migrating schema "PUBLIC" to version 3 - Create memory table
10:09:18.990 [Test worker] DEBUG o.f.c.internal.dbsupport.SqlScript - Found statement at line 1: CREATE TABLE MEMORY_USAGE
  (
    ID              BIGINT PRIMARY KEY AUTO_INCREMENT,
    CLIENT          VARCHAR(255) NOT NULL,
    ENVIRONMENT     VARCHAR(255) NOT NULL,
    SYS_DATETIME    TIMESTAMP,
    TOTAL_HEAP 		DECIMAL(65535,2),
	FREE_HEAP		DECIMAL(65535,2),
	HASH 			CHAR(64)
  )
10:09:18.990 [Test worker] DEBUG o.f.c.internal.dbsupport.SqlScript - Executing SQL: CREATE TABLE MEMORY_USAGE
  (
    ID              BIGINT PRIMARY KEY AUTO_INCREMENT,
    CLIENT          VARCHAR(255) NOT NULL,
    ENVIRONMENT     VARCHAR(255) NOT NULL,
    SYS_DATETIME    TIMESTAMP,
    TOTAL_HEAP 		DECIMAL(65535,2),
	FREE_HEAP		DECIMAL(65535,2),
	HASH 			CHAR(64)
  )
10:09:18.991 [Test worker] DEBUG o.f.core.internal.command.DbMigrate - Successfully completed and committed migration of schema "PUBLIC" to version 3
10:09:18.991 [Test worker] DEBUG o.f.c.i.m.MetaDataTableImpl - MetaData table "PUBLIC"."schema_version" successfully updated to reflect changes
10:09:18.991 [Test worker] DEBUG o.f.core.internal.dbsupport.Table - Locking table "PUBLIC"."schema_version"...
10:09:18.991 [Test worker] DEBUG o.f.core.internal.dbsupport.Table - Lock acquired for table "PUBLIC"."schema_version"
10:09:18.992 [Test worker] INFO  o.f.core.internal.command.DbMigrate - Migrating schema "PUBLIC" to version 4 - Create imported file table
10:09:18.992 [Test worker] DEBUG o.f.c.internal.dbsupport.SqlScript - Found statement at line 1: CREATE TABLE IMPORTED_FILE
  (
    ID              BIGINT PRIMARY KEY AUTO_INCREMENT,
    CLIENT          VARCHAR(255) NOT NULL,
    ENVIRONMENT     VARCHAR(255) NOT NULL,
    STATUS          VARCHAR(255),
    IMPORT_DATETIME TIMESTAMP,
    FILENAME        VARCHAR(255) NOT NULL,
    STACKTRACE		CLOB,
    CONSTRAINT UNIQUE_FILE UNIQUE (CLIENT, ENVIRONMENT, FILENAME)
  )
10:09:18.992 [Test worker] DEBUG o.f.c.internal.dbsupport.SqlScript - Executing SQL: CREATE TABLE IMPORTED_FILE
  (
    ID              BIGINT PRIMARY KEY AUTO_INCREMENT,
    CLIENT          VARCHAR(255) NOT NULL,
    ENVIRONMENT     VARCHAR(255) NOT NULL,
    STATUS          VARCHAR(255),
    IMPORT_DATETIME TIMESTAMP,
    FILENAME        VARCHAR(255) NOT NULL,
    STACKTRACE		CLOB,
    CONSTRAINT UNIQUE_FILE UNIQUE (CLIENT, ENVIRONMENT, FILENAME)
  )
10:09:18.993 [Test worker] DEBUG o.f.core.internal.command.DbMigrate - Successfully completed and committed migration of schema "PUBLIC" to version 4
10:09:18.993 [Test worker] DEBUG o.f.c.i.m.MetaDataTableImpl - MetaData table "PUBLIC"."schema_version" successfully updated to reflect changes
10:09:18.994 [Test worker] DEBUG o.f.core.internal.dbsupport.Table - Locking table "PUBLIC"."schema_version"...
10:09:18.994 [Test worker] DEBUG o.f.core.internal.dbsupport.Table - Lock acquired for table "PUBLIC"."schema_version"
10:09:18.994 [Test worker] INFO  o.f.core.internal.command.DbMigrate - Migrating schema "PUBLIC" to version 5 - Create events table
10:09:18.995 [Test worker] DEBUG o.f.c.internal.dbsupport.SqlScript - Found statement at line 1: CREATE TABLE EVENTS 
  (
    ID              BIGINT PRIMARY KEY AUTO_INCREMENT,
    CLIENT          VARCHAR2(255) NOT NULL,
    ENVIRONMENT     VARCHAR2(255) NOT NULL,
    DATUM           DATE, 
    "TYPE"          VARCHAR2(255), 
    BESCHREIBUNG    VARCHAR2(255)
  )
10:09:18.995 [Test worker] DEBUG o.f.c.internal.dbsupport.SqlScript - Found statement at line 11: INSERT INTO EVENTS (CLIENT, ENVIRONMENT, DATUM, TYPE, BESCHREIBUNG) 
  values ('Coop', 'pjazz', parsedatetime('31.01.2015','DD.MM.YYYY'), 'ignore_days', '100% CPU')
10:09:18.995 [Test worker] DEBUG o.f.c.internal.dbsupport.SqlScript - Found statement at line 13: INSERT INTO EVENTS (CLIENT, ENVIRONMENT, DATUM, TYPE, BESCHREIBUNG) 
  values ('Coop', 'pjazz', parsedatetime('05.01.2015','DD.MM.YYYY'), 'ignore_days', '100% CPU')
10:09:18.995 [Test worker] DEBUG o.f.c.internal.dbsupport.SqlScript - Found statement at line 15: INSERT INTO EVENTS (CLIENT, ENVIRONMENT, DATUM, TYPE, BESCHREIBUNG) 
  values ('Coop', 'pjazz', parsedatetime('16.02.2015','DD.MM.YYYY'), 'ignore_days', '100% CPU')
10:09:18.995 [Test worker] DEBUG o.f.c.internal.dbsupport.SqlScript - Executing SQL: CREATE TABLE EVENTS 
  (
    ID              BIGINT PRIMARY KEY AUTO_INCREMENT,
    CLIENT          VARCHAR2(255) NOT NULL,
    ENVIRONMENT     VARCHAR2(255) NOT NULL,
    DATUM           DATE, 
    "TYPE"          VARCHAR2(255), 
    BESCHREIBUNG    VARCHAR2(255)
  )
10:09:18.996 [Test worker] DEBUG o.f.c.internal.dbsupport.SqlScript - Executing SQL: INSERT INTO EVENTS (CLIENT, ENVIRONMENT, DATUM, TYPE, BESCHREIBUNG) 
  values ('Coop', 'pjazz', parsedatetime('31.01.2015','DD.MM.YYYY'), 'ignore_days', '100% CPU')
10:09:18.996 [Test worker] DEBUG o.f.c.internal.dbsupport.SqlScript - Executing SQL: INSERT INTO EVENTS (CLIENT, ENVIRONMENT, DATUM, TYPE, BESCHREIBUNG) 
  values ('Coop', 'pjazz', parsedatetime('05.01.2015','DD.MM.YYYY'), 'ignore_days', '100% CPU')
10:09:18.996 [Test worker] DEBUG o.f.c.internal.dbsupport.SqlScript - Executing SQL: INSERT INTO EVENTS (CLIENT, ENVIRONMENT, DATUM, TYPE, BESCHREIBUNG) 
  values ('Coop', 'pjazz', parsedatetime('16.02.2015','DD.MM.YYYY'), 'ignore_days', '100% CPU')
10:09:18.996 [Test worker] DEBUG o.f.core.internal.command.DbMigrate - Successfully completed and committed migration of schema "PUBLIC" to version 5
10:09:18.997 [Test worker] DEBUG o.f.c.i.m.MetaDataTableImpl - MetaData table "PUBLIC"."schema_version" successfully updated to reflect changes
10:09:18.997 [Test worker] DEBUG o.f.core.internal.dbsupport.Table - Locking table "PUBLIC"."schema_version"...
10:09:18.997 [Test worker] DEBUG o.f.core.internal.dbsupport.Table - Lock acquired for table "PUBLIC"."schema_version"
10:09:18.998 [Test worker] INFO  o.f.core.internal.command.DbMigrate - Successfully applied 5 migrations to schema "PUBLIC" (execution time 00:00.015s).
10:09:18.999 [Test worker] DEBUG c.m.query.sql.dml.SQLInsertClause - insert into PROFILING (FOCUS_KST_NUMMER, CLIENT, TOTAL_FETCH_TIME_MS, ENVIRONMENT, SYS_DATETIME, HASH) values (?, ?, ?, ?, ?, ?)
10:09:19.002 [Test worker] DEBUG c.mysema.query.sql.AbstractSQLQuery - select PROFILING.ACTION_DATE_INTEVAL_DAYS, PROFILING.ACTIVE_SESSIONS_1, PROFILING.ACTIVE_SESSIONS_5, PROFILING.BUCHUNGSLAUF_DAUER_MS, PROFILING.BUCHUNGSLAUF_TAGE, PROFILING.BW_DAUER_MS, PROFILING.BW_MODE, PROFILING.CLIENT, PROFILING.CLIENT_IP_ADDRESS, PROFILING.CONNECT_DURATION, PROFILING.CONNECT_END, PROFILING.CONNECT_START, PROFILING.DOMAIN_LOOKUP_DURATION, PROFILING.DOMAIN_LOOKUP_END, PROFILING.DOMAIN_LOOKUP_START, PROFILING.DOM_COMPLETE_DURATION, PROFILING.DOM_CONTENT_LOADED_EVENT, PROFILING.DOM_CONTENT_LOADED_EVENT_END, PROFILING.DOM_CONTENT_LOADED_EVENT_START, PROFILING.DOM_INTERACTIVE, PROFILING.DOM_LOADING, PROFILING.ENVIRONMENT, PROFILING.FETCH_START, PROFILING.FOCUS_DATE, PROFILING.FOCUS_DATE_MINUS_SYSTEMDATE, PROFILING.FOCUS_KST_NR_OF_MITARBEITER, PROFILING.FOCUS_KST_NUMMER, PROFILING.FORCE_PLANUNG_NEURECHNEN, PROFILING.HASH, PROFILING.HOST, PROFILING.ID, PROFILING.JAVA_VERSION, PROFILING.KONTOLAUF_DAUER_MS, PROFILING.KONTOLAUF_ITERATIONEN, PROFILING.KONTOLAUF_TAGE, PROFILING.LATENCY_DURATION, PROFILING.LIMIT_PEE_NUMMER, PROFILING.LOAD_EVENT_DURATION, PROFILING.LOAD_EVENT_END, PROFILING.LOAD_EVENT_START, PROFILING.LOGIN_NAME, PROFILING.MANDANT, PROFILING.MAX_ACTION_DATE, PROFILING.MAX_ACTION_DATE_MINUS_SYSDAYS, PROFILING.MIN_ACTION_DATE, PROFILING.MIN_ACTION_DATE_MINUS_SYSDAYS, PROFILING.MS_FIRST_PAINT, PROFILING.MS_FIRST_PAINT_LOAD_ENDDUR_MS, PROFILING.MS_FIRST_PAINT_NAVSTARTDUR_MS, PROFILING.NAVIGATION_START, PROFILING.NAVIGATION_TIME_RECEIVED, PROFILING.NR_OF_ACC_KOSTENSTELLE_TODAY, PROFILING.PAGE_LOAD_DURATION, PROFILING.PAGE_LOADS_PER_SECOND, PROFILING.PLANUNGEN_GENERIEREN_DAUER_MS, PROFILING.PLANUNGEN_GENERIEREN_TAGE, PROFILING.PLANUNGEN_NEURECHNEN_DAUER_MS, PROFILING.PLANUNGEN_NEURECHNEN_TAGE, PROFILING.PROCESS_CPU_LOAD, PROFILING.REAL_SERVER_TIME, PROFILING.REDIRECT_COUNT, PROFILING.REDIRECT_DURATION, PROFILING.REDIRECT_END, PROFILING.REDIRECT_START, PROFILING.REQUEST_ID, PROFILING.REQUEST_START, PROFILING.REQUEST_TO_RESPONSE_DURATION, PROFILING.RESPONSE_DURATION, PROFILING.RESPONSE_END, PROFILING.RESPONSE_START, PROFILING.SERVER_EXEC_NO_WAIT_TIME_MS, PROFILING.SERVER_EXECUTION_TIME_MS, PROFILING.SERVER_OVERHEAD_TIME_MS, PROFILING.SERVER_WAIT_TIME_MS, PROFILING.SESSION_AGE_IN_MINUTES, PROFILING.SESSION_ID, PROFILING.SOLL_GLEICH_IST_DAUER_MS, PROFILING.SOLL_GLEICH_IST_TAGE, PROFILING.STATEMENTS_EXECUTED, PROFILING.SYS_DATETIME, PROFILING.SYSTEM_CPU_LOAD, PROFILING.SYSTEM_LOAD_AVERAGE, PROFILING.TOTAL_DATABASE_TIME_MS, PROFILING.TOTAL_EXECUTION_TIME_MS, PROFILING.TOTAL_FETCH_TIME_MS, PROFILING.TOTAL_TIME_DURATION, PROFILING.TYPE_NAME, PROFILING.UNLOAD_EVENT_DURATION, PROFILING.UNLOAD_EVENT_END, PROFILING.UNLOAD_EVENT_START, PROFILING.USECASE_EXPECTS_NAV_TIME, PROFILING.USECASE_ID, PROFILING.USER_AGENT, PROFILING.WEEKDAY, PROFILING.WOCHE_NEU_RECHNEN_ANZAHL, PROFILING.WOCHE_NEU_RECHNEN_DAUER_MS, PROFILING.ZEBRA_VERSION, PROFILING.ZEITART_NUMMER, PROFILING.ZEITART_REGEL_ENFORCM_ANZAHL, PROFILING.ZEITART_REGEL_ENFORCM_DAUER_MS from PROFILING PROFILING where PROFILING.ID = ? limit ?
10:09:19.003 [Test worker] DEBUG c.mysema.query.sql.AbstractSQLQuery - select PROFILING.ACTION_DATE_INTEVAL_DAYS, PROFILING.ACTIVE_SESSIONS_1, PROFILING.ACTIVE_SESSIONS_5, PROFILING.BUCHUNGSLAUF_DAUER_MS, PROFILING.BUCHUNGSLAUF_TAGE, PROFILING.BW_DAUER_MS, PROFILING.BW_MODE, PROFILING.CLIENT, PROFILING.CLIENT_IP_ADDRESS, PROFILING.CONNECT_DURATION, PROFILING.CONNECT_END, PROFILING.CONNECT_START, PROFILING.DOMAIN_LOOKUP_DURATION, PROFILING.DOMAIN_LOOKUP_END, PROFILING.DOMAIN_LOOKUP_START, PROFILING.DOM_COMPLETE_DURATION, PROFILING.DOM_CONTENT_LOADED_EVENT, PROFILING.DOM_CONTENT_LOADED_EVENT_END, PROFILING.DOM_CONTENT_LOADED_EVENT_START, PROFILING.DOM_INTERACTIVE, PROFILING.DOM_LOADING, PROFILING.ENVIRONMENT, PROFILING.FETCH_START, PROFILING.FOCUS_DATE, PROFILING.FOCUS_DATE_MINUS_SYSTEMDATE, PROFILING.FOCUS_KST_NR_OF_MITARBEITER, PROFILING.FOCUS_KST_NUMMER, PROFILING.FORCE_PLANUNG_NEURECHNEN, PROFILING.HASH, PROFILING.HOST, PROFILING.ID, PROFILING.JAVA_VERSION, PROFILING.KONTOLAUF_DAUER_MS, PROFILING.KONTOLAUF_ITERATIONEN, PROFILING.KONTOLAUF_TAGE, PROFILING.LATENCY_DURATION, PROFILING.LIMIT_PEE_NUMMER, PROFILING.LOAD_EVENT_DURATION, PROFILING.LOAD_EVENT_END, PROFILING.LOAD_EVENT_START, PROFILING.LOGIN_NAME, PROFILING.MANDANT, PROFILING.MAX_ACTION_DATE, PROFILING.MAX_ACTION_DATE_MINUS_SYSDAYS, PROFILING.MIN_ACTION_DATE, PROFILING.MIN_ACTION_DATE_MINUS_SYSDAYS, PROFILING.MS_FIRST_PAINT, PROFILING.MS_FIRST_PAINT_LOAD_ENDDUR_MS, PROFILING.MS_FIRST_PAINT_NAVSTARTDUR_MS, PROFILING.NAVIGATION_START, PROFILING.NAVIGATION_TIME_RECEIVED, PROFILING.NR_OF_ACC_KOSTENSTELLE_TODAY, PROFILING.PAGE_LOAD_DURATION, PROFILING.PAGE_LOADS_PER_SECOND, PROFILING.PLANUNGEN_GENERIEREN_DAUER_MS, PROFILING.PLANUNGEN_GENERIEREN_TAGE, PROFILING.PLANUNGEN_NEURECHNEN_DAUER_MS, PROFILING.PLANUNGEN_NEURECHNEN_TAGE, PROFILING.PROCESS_CPU_LOAD, PROFILING.REAL_SERVER_TIME, PROFILING.REDIRECT_COUNT, PROFILING.REDIRECT_DURATION, PROFILING.REDIRECT_END, PROFILING.REDIRECT_START, PROFILING.REQUEST_ID, PROFILING.REQUEST_START, PROFILING.REQUEST_TO_RESPONSE_DURATION, PROFILING.RESPONSE_DURATION, PROFILING.RESPONSE_END, PROFILING.RESPONSE_START, PROFILING.SERVER_EXEC_NO_WAIT_TIME_MS, PROFILING.SERVER_EXECUTION_TIME_MS, PROFILING.SERVER_OVERHEAD_TIME_MS, PROFILING.SERVER_WAIT_TIME_MS, PROFILING.SESSION_AGE_IN_MINUTES, PROFILING.SESSION_ID, PROFILING.SOLL_GLEICH_IST_DAUER_MS, PROFILING.SOLL_GLEICH_IST_TAGE, PROFILING.STATEMENTS_EXECUTED, PROFILING.SYS_DATETIME, PROFILING.SYSTEM_CPU_LOAD, PROFILING.SYSTEM_LOAD_AVERAGE, PROFILING.TOTAL_DATABASE_TIME_MS, PROFILING.TOTAL_EXECUTION_TIME_MS, PROFILING.TOTAL_FETCH_TIME_MS, PROFILING.TOTAL_TIME_DURATION, PROFILING.TYPE_NAME, PROFILING.UNLOAD_EVENT_DURATION, PROFILING.UNLOAD_EVENT_END, PROFILING.UNLOAD_EVENT_START, PROFILING.USECASE_EXPECTS_NAV_TIME, PROFILING.USECASE_ID, PROFILING.USER_AGENT, PROFILING.WEEKDAY, PROFILING.WOCHE_NEU_RECHNEN_ANZAHL, PROFILING.WOCHE_NEU_RECHNEN_DAUER_MS, PROFILING.ZEBRA_VERSION, PROFILING.ZEITART_NUMMER, PROFILING.ZEITART_REGEL_ENFORCM_ANZAHL, PROFILING.ZEITART_REGEL_ENFORCM_DAUER_MS from PROFILING PROFILING where PROFILING.ID = ? limit ?
10:09:19.006 [Test worker] INFO  o.f.c.i.dbsupport.DbSupportFactory - Database: jdbc:h2:mem:test (H2 1.4)
10:09:19.006 [Test worker] DEBUG org.flywaydb.core.Flyway - DDL Transactions Supported: false
10:09:19.006 [Test worker] DEBUG org.flywaydb.core.Flyway - Schema: PUBLIC
10:09:19.006 [Test worker] DEBUG o.f.c.i.u.s.c.ClassPathScanner - Scanning for classpath resources at 'db/migration/h2' (Prefix: '', Suffix: '.sql')
10:09:19.007 [Test worker] DEBUG o.f.c.i.u.s.c.ClassPathScanner - Scanning URL: file:/C:/Workspace/ergon.zebra/zebra-utils/monitoring/monitoring-data/build/resources/main/db/migration/h2
10:09:19.007 [Test worker] DEBUG o.f.c.internal.util.FeatureDetector - JBoss VFS v2 available: false
10:09:19.007 [Test worker] DEBUG o.f.c.i.u.s.c.FileSystemClassPathLocationScanner - Scanning starting at classpath root in filesystem: C:\Workspace\ergon.zebra\zebra-utils\monitoring\monitoring-data\build\resources\main\
10:09:19.007 [Test worker] DEBUG o.f.c.i.u.s.c.FileSystemClassPathLocationScanner - Scanning for resources in path: C:\Workspace\ergon.zebra\zebra-utils\monitoring\monitoring-data\build\resources\main\db\migration\h2 (db/migration/h2)
10:09:19.008 [Test worker] DEBUG o.f.c.i.u.s.c.ClassPathScanner - Found resource: db/migration/h2/V1__Create_profiling_table.sql
10:09:19.008 [Test worker] DEBUG o.f.c.i.u.s.c.ClassPathScanner - Found resource: db/migration/h2/V2__Create_cpu_table.sql
10:09:19.008 [Test worker] DEBUG o.f.c.i.u.s.c.ClassPathScanner - Found resource: db/migration/h2/V3__Create_memory_table.sql
10:09:19.008 [Test worker] DEBUG o.f.c.i.u.s.c.ClassPathScanner - Found resource: db/migration/h2/V4__Create_imported_file_table.sql
10:09:19.008 [Test worker] DEBUG o.f.c.i.u.s.c.ClassPathScanner - Found resource: db/migration/h2/V5__Create_events_table.sql
10:09:19.008 [Test worker] DEBUG o.f.c.internal.util.FeatureDetector - Spring Jdbc available: false
10:09:19.008 [Test worker] DEBUG o.f.core.internal.command.DbValidate - Validating migrations ...
10:09:19.008 [Test worker] DEBUG o.f.c.i.u.s.c.ClassPathScanner - Scanning for classpath resources at 'db/migration/h2' (Prefix: 'V', Suffix: '.sql')
10:09:19.008 [Test worker] DEBUG o.f.c.i.u.s.c.ClassPathScanner - Scanning URL: file:/C:/Workspace/ergon.zebra/zebra-utils/monitoring/monitoring-data/build/resources/main/db/migration/h2
10:09:19.008 [Test worker] DEBUG o.f.c.internal.util.FeatureDetector - JBoss VFS v2 available: false
10:09:19.008 [Test worker] DEBUG o.f.c.i.u.s.c.FileSystemClassPathLocationScanner - Scanning starting at classpath root in filesystem: C:\Workspace\ergon.zebra\zebra-utils\monitoring\monitoring-data\build\resources\main\
10:09:19.008 [Test worker] DEBUG o.f.c.i.u.s.c.FileSystemClassPathLocationScanner - Scanning for resources in path: C:\Workspace\ergon.zebra\zebra-utils\monitoring\monitoring-data\build\resources\main\db\migration\h2 (db/migration/h2)
10:09:19.009 [Test worker] DEBUG o.f.c.i.u.s.c.ClassPathScanner - Found resource: db/migration/h2/V1__Create_profiling_table.sql
10:09:19.009 [Test worker] DEBUG o.f.c.i.u.s.c.ClassPathScanner - Found resource: db/migration/h2/V2__Create_cpu_table.sql
10:09:19.009 [Test worker] DEBUG o.f.c.i.u.s.c.ClassPathScanner - Found resource: db/migration/h2/V3__Create_memory_table.sql
10:09:19.009 [Test worker] DEBUG o.f.c.i.u.s.c.ClassPathScanner - Found resource: db/migration/h2/V4__Create_imported_file_table.sql
10:09:19.009 [Test worker] DEBUG o.f.c.i.u.s.c.ClassPathScanner - Found resource: db/migration/h2/V5__Create_events_table.sql
10:09:19.011 [Test worker] DEBUG o.f.c.i.u.s.c.ClassPathScanner - Scanning for classes at 'db/migration/h2' (Implementing: 'org.flywaydb.core.api.migration.jdbc.JdbcMigration')
10:09:19.011 [Test worker] DEBUG o.f.c.i.u.s.c.ClassPathScanner - Scanning URL: file:/C:/Workspace/ergon.zebra/zebra-utils/monitoring/monitoring-data/build/resources/main/db/migration/h2
10:09:19.011 [Test worker] DEBUG o.f.c.internal.util.FeatureDetector - JBoss VFS v2 available: false
10:09:19.011 [Test worker] DEBUG o.f.c.i.u.s.c.FileSystemClassPathLocationScanner - Scanning starting at classpath root in filesystem: C:\Workspace\ergon.zebra\zebra-utils\monitoring\monitoring-data\build\resources\main\
10:09:19.011 [Test worker] DEBUG o.f.c.i.u.s.c.FileSystemClassPathLocationScanner - Scanning for resources in path: C:\Workspace\ergon.zebra\zebra-utils\monitoring\monitoring-data\build\resources\main\db\migration\h2 (db/migration/h2)
10:09:19.011 [Test worker] DEBUG o.f.c.i.u.s.c.ClassPathScanner - Filtering out resource: db/migration/h2/V1__Create_profiling_table.sql (filename: V1__Create_profiling_table.sql)
10:09:19.011 [Test worker] DEBUG o.f.c.i.u.s.c.ClassPathScanner - Filtering out resource: db/migration/h2/V2__Create_cpu_table.sql (filename: V2__Create_cpu_table.sql)
10:09:19.011 [Test worker] DEBUG o.f.c.i.u.s.c.ClassPathScanner - Filtering out resource: db/migration/h2/V3__Create_memory_table.sql (filename: V3__Create_memory_table.sql)
10:09:19.011 [Test worker] DEBUG o.f.c.i.u.s.c.ClassPathScanner - Filtering out resource: db/migration/h2/V4__Create_imported_file_table.sql (filename: V4__Create_imported_file_table.sql)
10:09:19.011 [Test worker] DEBUG o.f.c.i.u.s.c.ClassPathScanner - Filtering out resource: db/migration/h2/V5__Create_events_table.sql (filename: V5__Create_events_table.sql)
10:09:19.012 [Test worker] INFO  o.f.core.internal.command.DbValidate - Validated 5 migrations (execution time 00:00.004s)
10:09:19.012 [Test worker] DEBUG o.f.core.internal.command.DbSchemas - Schema "PUBLIC" already exists. Skipping schema creation.
10:09:19.013 [Test worker] INFO  o.f.c.i.m.MetaDataTableImpl - Creating Metadata table: "PUBLIC"."schema_version"
10:09:19.014 [Test worker] DEBUG o.f.c.internal.dbsupport.SqlScript - Found statement at line 17: CREATE TABLE "PUBLIC"."schema_version" (
    "version_rank" INT NOT NULL,
    "installed_rank" INT NOT NULL,
    "version" VARCHAR(50) NOT NULL,
    "description" VARCHAR(200) NOT NULL,
    "type" VARCHAR(20) NOT NULL,
    "script" VARCHAR(1000) NOT NULL,
    "checksum" INT,
    "installed_by" VARCHAR(100) NOT NULL,
    "installed_on" TIMESTAMP NOT NULL DEFAULT CURRENT_TIMESTAMP,
    "execution_time" INT NOT NULL,
    "success" BOOLEAN NOT NULL
)
10:09:19.014 [Test worker] DEBUG o.f.c.internal.dbsupport.SqlScript - Found statement at line 30: ALTER TABLE "PUBLIC"."schema_version" ADD CONSTRAINT "schema_version_pk" PRIMARY KEY ("version")
10:09:19.014 [Test worker] DEBUG o.f.c.internal.dbsupport.SqlScript - Found statement at line 32: CREATE INDEX "PUBLIC"."schema_version_vr_idx" ON "PUBLIC"."schema_version" ("version_rank")
10:09:19.014 [Test worker] DEBUG o.f.c.internal.dbsupport.SqlScript - Found statement at line 33: CREATE INDEX "PUBLIC"."schema_version_ir_idx" ON "PUBLIC"."schema_version" ("installed_rank")
10:09:19.014 [Test worker] DEBUG o.f.c.internal.dbsupport.SqlScript - Found statement at line 34: CREATE INDEX "PUBLIC"."schema_version_s_idx" ON "PUBLIC"."schema_version" ("success")
10:09:19.014 [Test worker] DEBUG o.f.c.internal.dbsupport.SqlScript - Executing SQL: CREATE TABLE "PUBLIC"."schema_version" (
    "version_rank" INT NOT NULL,
    "installed_rank" INT NOT NULL,
    "version" VARCHAR(50) NOT NULL,
    "description" VARCHAR(200) NOT NULL,
    "type" VARCHAR(20) NOT NULL,
    "script" VARCHAR(1000) NOT NULL,
    "checksum" INT,
    "installed_by" VARCHAR(100) NOT NULL,
    "installed_on" TIMESTAMP NOT NULL DEFAULT CURRENT_TIMESTAMP,
    "execution_time" INT NOT NULL,
    "success" BOOLEAN NOT NULL
)
10:09:19.014 [Test worker] DEBUG o.f.c.internal.dbsupport.SqlScript - Executing SQL: ALTER TABLE "PUBLIC"."schema_version" ADD CONSTRAINT "schema_version_pk" PRIMARY KEY ("version")
10:09:19.015 [Test worker] DEBUG o.f.c.internal.dbsupport.SqlScript - Executing SQL: CREATE INDEX "PUBLIC"."schema_version_vr_idx" ON "PUBLIC"."schema_version" ("version_rank")
10:09:19.015 [Test worker] DEBUG o.f.c.internal.dbsupport.SqlScript - Executing SQL: CREATE INDEX "PUBLIC"."schema_version_ir_idx" ON "PUBLIC"."schema_version" ("installed_rank")
10:09:19.015 [Test worker] DEBUG o.f.c.internal.dbsupport.SqlScript - Executing SQL: CREATE INDEX "PUBLIC"."schema_version_s_idx" ON "PUBLIC"."schema_version" ("success")
10:09:19.015 [Test worker] DEBUG o.f.c.i.m.MetaDataTableImpl - Metadata table "PUBLIC"."schema_version" created.
10:09:19.015 [Test worker] DEBUG o.f.core.internal.dbsupport.Table - Locking table "PUBLIC"."schema_version"...
10:09:19.015 [Test worker] DEBUG o.f.core.internal.dbsupport.Table - Lock acquired for table "PUBLIC"."schema_version"
10:09:19.016 [Test worker] INFO  o.f.core.internal.command.DbMigrate - Current version of schema "PUBLIC": << Empty Schema >>
10:09:19.016 [Test worker] INFO  o.f.core.internal.command.DbMigrate - Migrating schema "PUBLIC" to version 1 - Create profiling table
10:09:19.017 [Test worker] DEBUG o.f.c.internal.dbsupport.SqlScript - Found statement at line 1: CREATE TABLE PROFILING
  (
    ID                             BIGINT PRIMARY KEY AUTO_INCREMENT,
    CLIENT                         VARCHAR(255) NOT NULL,
    ENVIRONMENT                    VARCHAR(255) NOT NULL,
    USECASE_ID                     VARCHAR(255),
    SERVER_EXECUTION_TIME_MS       DECIMAL(65535,2),
    SERVER_WAIT_TIME_MS            DECIMAL(65535,2),
    SERVER_EXEC_NO_WAIT_TIME_MS    DECIMAL(65535,2),
    SERVER_OVERHEAD_TIME_MS        DECIMAL(65535,2),
    REQUEST_ID                     DECIMAL(65535,2),
    SESSION_ID                     VARCHAR(255),
    SESSION_AGE_IN_MINUTES         DECIMAL(65535,2),
    USER_AGENT                     VARCHAR(255),
    HOST                           VARCHAR(255),
    CLIENT_IP_ADDRESS              VARCHAR(255),
    USECASE_EXPECTS_NAV_TIME       TINYINT CHECK(USECASE_EXPECTS_NAV_TIME = 1 || USECASE_EXPECTS_NAV_TIME = 0),
    STATEMENTS_EXECUTED            DECIMAL(65535,2),
    TOTAL_EXECUTION_TIME_MS        DECIMAL(65535,2),
    TOTAL_FETCH_TIME_MS            DECIMAL(65535,2),
    TOTAL_DATABASE_TIME_MS         DECIMAL(65535,2),
    MANDANT                        VARCHAR(255),
    LOGIN_NAME                     VARCHAR(255),
    FOCUS_DATE                     DATE,
    FOCUS_DATE_MINUS_SYSTEMDATE    DECIMAL(65535,2),
    FOCUS_KST_NUMMER               VARCHAR(255),
    FOCUS_KST_NR_OF_MITARBEITER    DECIMAL(65535,2),
    NR_OF_ACC_KOSTENSTELLE_TODAY   DECIMAL(65535,2),
    LIMIT_PEE_NUMMER               VARCHAR(255),
    SYS_DATETIME                   TIMESTAMP,
    WEEKDAY                        VARCHAR(255),
    ZEITART_NUMMER                 VARCHAR(255),
    MIN_ACTION_DATE                DATE,
    MAX_ACTION_DATE                DATE,
    MIN_ACTION_DATE_MINUS_SYSDAYS  DECIMAL(65535,2),
    MAX_ACTION_DATE_MINUS_SYSDAYS  DECIMAL(65535,2),
    ACTION_DATE_INTEVAL_DAYS       DECIMAL(65535,2),
    BW_DAUER_MS                    DECIMAL(65535,2),
    BW_MODE                        VARCHAR(255),
    PLANUNGEN_GENERIEREN_TAGE      DECIMAL(65535,2),
    PLANUNGEN_GENERIEREN_DAUER_MS  DECIMAL(65535,2),
    SOLL_GLEICH_IST_TAGE           DECIMAL(65535,2),
    SOLL_GLEICH_IST_DAUER_MS       DECIMAL(65535,2),
    BUCHUNGSLAUF_TAGE              DECIMAL(65535,2),
    BUCHUNGSLAUF_DAUER_MS          DECIMAL(65535,2),
    KONTOLAUF_TAGE                 DECIMAL(65535,2),
    KONTOLAUF_DAUER_MS             DECIMAL(65535,2),
    KONTOLAUF_ITERATIONEN          DECIMAL(65535,2),
    PLANUNGEN_NEURECHNEN_TAGE      DECIMAL(65535,2),
    PLANUNGEN_NEURECHNEN_DAUER_MS  DECIMAL(65535,2),
    FORCE_PLANUNG_NEURECHNEN       TINYINT CHECK(FORCE_PLANUNG_NEURECHNEN = 1 || FORCE_PLANUNG_NEURECHNEN = 0),
    ZEITART_REGEL_ENFORCM_ANZAHL   DECIMAL(65535,2),
    ZEITART_REGEL_ENFORCM_DAUER_MS DECIMAL(65535,2),
    WOCHE_NEU_RECHNEN_ANZAHL       DECIMAL(65535,2),
    WOCHE_NEU_RECHNEN_DAUER_MS     DECIMAL(65535,2),
    SYSTEM_CPU_LOAD                DECIMAL(65535,2),
    PROCESS_CPU_LOAD               DECIMAL(65535,2),
    SYSTEM_LOAD_AVERAGE            DECIMAL(65535,2),
    ZEBRA_VERSION                  VARCHAR(255),
    JAVA_VERSION                   VARCHAR(255),
    PAGE_LOADS_PER_SECOND          DECIMAL(65535,2),
    ACTIVE_SESSIONS_1              DECIMAL(65535,2),
    ACTIVE_SESSIONS_5              DECIMAL(65535,2),
    REAL_SERVER_TIME               TINYINT CHECK(REAL_SERVER_TIME = 1 || REAL_SERVER_TIME = 0),
    NAVIGATION_TIME_RECEIVED       TINYINT CHECK(NAVIGATION_TIME_RECEIVED = 1 || NAVIGATION_TIME_RECEIVED = 0),
    NAVIGATION_START               DECIMAL(65535,2),
    UNLOAD_EVENT_START             DECIMAL(65535,2),
    UNLOAD_EVENT_END               DECIMAL(65535,2),
    UNLOAD_EVENT_DURATION          DECIMAL(65535,2),
    REDIRECT_START                 DECIMAL(65535,2),
    REDIRECT_END                   DECIMAL(65535,2),
    REDIRECT_DURATION              DECIMAL(65535,2),
    FETCH_START                    DECIMAL(65535,2),
    DOMAIN_LOOKUP_START            DECIMAL(65535,2),
    DOMAIN_LOOKUP_END              DECIMAL(65535,2),
    DOMAIN_LOOKUP_DURATION         DECIMAL(65535,2),
    CONNECT_START                  DECIMAL(65535,2),
    CONNECT_END                    DECIMAL(65535,2),
    CONNECT_DURATION               DECIMAL(65535,2),
    REQUEST_START                  DECIMAL(65535,2),
    RESPONSE_START                 DECIMAL(65535,2),
    RESPONSE_END                   DECIMAL(65535,2),
    RESPONSE_DURATION              DECIMAL(65535,2),
    REQUEST_TO_RESPONSE_DURATION   DECIMAL(65535,2),
    DOM_LOADING                    DECIMAL(65535,2),
    DOM_INTERACTIVE                DECIMAL(65535,2),
    DOM_CONTENT_LOADED_EVENT_START DECIMAL(65535,2),
    DOM_CONTENT_LOADED_EVENT_END   DECIMAL(65535,2),
    DOM_CONTENT_LOADED_EVENT       DECIMAL(65535,2),
    DOM_COMPLETE_DURATION          DECIMAL(65535,2),
    LOAD_EVENT_START               DECIMAL(65535,2),
    LOAD_EVENT_END                 DECIMAL(65535,2),
    LOAD_EVENT_DURATION            DECIMAL(65535,2),
    LATENCY_DURATION               DECIMAL(65535,2),
    PAGE_LOAD_DURATION             DECIMAL(65535,2),
    TOTAL_TIME_DURATION            DECIMAL(65535,2),
    MS_FIRST_PAINT                 DECIMAL(65535,2),
    MS_FIRST_PAINT_NAVSTARTDUR_MS  DECIMAL(65535,2),
    MS_FIRST_PAINT_LOAD_ENDDUR_MS  DECIMAL(65535,2),
    TYPE_NAME                      VARCHAR(255),
    REDIRECT_COUNT                 DECIMAL(65535,2),
    HASH 						   CHAR(64)
  )
10:09:19.018 [Test worker] DEBUG o.f.c.internal.dbsupport.SqlScript - Executing SQL: CREATE TABLE PROFILING
  (
    ID                             BIGINT PRIMARY KEY AUTO_INCREMENT,
    CLIENT                         VARCHAR(255) NOT NULL,
    ENVIRONMENT                    VARCHAR(255) NOT NULL,
    USECASE_ID                     VARCHAR(255),
    SERVER_EXECUTION_TIME_MS       DECIMAL(65535,2),
    SERVER_WAIT_TIME_MS            DECIMAL(65535,2),
    SERVER_EXEC_NO_WAIT_TIME_MS    DECIMAL(65535,2),
    SERVER_OVERHEAD_TIME_MS        DECIMAL(65535,2),
    REQUEST_ID                     DECIMAL(65535,2),
    SESSION_ID                     VARCHAR(255),
    SESSION_AGE_IN_MINUTES         DECIMAL(65535,2),
    USER_AGENT                     VARCHAR(255),
    HOST                           VARCHAR(255),
    CLIENT_IP_ADDRESS              VARCHAR(255),
    USECASE_EXPECTS_NAV_TIME       TINYINT CHECK(USECASE_EXPECTS_NAV_TIME = 1 || USECASE_EXPECTS_NAV_TIME = 0),
    STATEMENTS_EXECUTED            DECIMAL(65535,2),
    TOTAL_EXECUTION_TIME_MS        DECIMAL(65535,2),
    TOTAL_FETCH_TIME_MS            DECIMAL(65535,2),
    TOTAL_DATABASE_TIME_MS         DECIMAL(65535,2),
    MANDANT                        VARCHAR(255),
    LOGIN_NAME                     VARCHAR(255),
    FOCUS_DATE                     DATE,
    FOCUS_DATE_MINUS_SYSTEMDATE    DECIMAL(65535,2),
    FOCUS_KST_NUMMER               VARCHAR(255),
    FOCUS_KST_NR_OF_MITARBEITER    DECIMAL(65535,2),
    NR_OF_ACC_KOSTENSTELLE_TODAY   DECIMAL(65535,2),
    LIMIT_PEE_NUMMER               VARCHAR(255),
    SYS_DATETIME                   TIMESTAMP,
    WEEKDAY                        VARCHAR(255),
    ZEITART_NUMMER                 VARCHAR(255),
    MIN_ACTION_DATE                DATE,
    MAX_ACTION_DATE                DATE,
    MIN_ACTION_DATE_MINUS_SYSDAYS  DECIMAL(65535,2),
    MAX_ACTION_DATE_MINUS_SYSDAYS  DECIMAL(65535,2),
    ACTION_DATE_INTEVAL_DAYS       DECIMAL(65535,2),
    BW_DAUER_MS                    DECIMAL(65535,2),
    BW_MODE                        VARCHAR(255),
    PLANUNGEN_GENERIEREN_TAGE      DECIMAL(65535,2),
    PLANUNGEN_GENERIEREN_DAUER_MS  DECIMAL(65535,2),
    SOLL_GLEICH_IST_TAGE           DECIMAL(65535,2),
    SOLL_GLEICH_IST_DAUER_MS       DECIMAL(65535,2),
    BUCHUNGSLAUF_TAGE              DECIMAL(65535,2),
    BUCHUNGSLAUF_DAUER_MS          DECIMAL(65535,2),
    KONTOLAUF_TAGE                 DECIMAL(65535,2),
    KONTOLAUF_DAUER_MS             DECIMAL(65535,2),
    KONTOLAUF_ITERATIONEN          DECIMAL(65535,2),
    PLANUNGEN_NEURECHNEN_TAGE      DECIMAL(65535,2),
    PLANUNGEN_NEURECHNEN_DAUER_MS  DECIMAL(65535,2),
    FORCE_PLANUNG_NEURECHNEN       TINYINT CHECK(FORCE_PLANUNG_NEURECHNEN = 1 || FORCE_PLANUNG_NEURECHNEN = 0),
    ZEITART_REGEL_ENFORCM_ANZAHL   DECIMAL(65535,2),
    ZEITART_REGEL_ENFORCM_DAUER_MS DECIMAL(65535,2),
    WOCHE_NEU_RECHNEN_ANZAHL       DECIMAL(65535,2),
    WOCHE_NEU_RECHNEN_DAUER_MS     DECIMAL(65535,2),
    SYSTEM_CPU_LOAD                DECIMAL(65535,2),
    PROCESS_CPU_LOAD               DECIMAL(65535,2),
    SYSTEM_LOAD_AVERAGE            DECIMAL(65535,2),
    ZEBRA_VERSION                  VARCHAR(255),
    JAVA_VERSION                   VARCHAR(255),
    PAGE_LOADS_PER_SECOND          DECIMAL(65535,2),
    ACTIVE_SESSIONS_1              DECIMAL(65535,2),
    ACTIVE_SESSIONS_5              DECIMAL(65535,2),
    REAL_SERVER_TIME               TINYINT CHECK(REAL_SERVER_TIME = 1 || REAL_SERVER_TIME = 0),
    NAVIGATION_TIME_RECEIVED       TINYINT CHECK(NAVIGATION_TIME_RECEIVED = 1 || NAVIGATION_TIME_RECEIVED = 0),
    NAVIGATION_START               DECIMAL(65535,2),
    UNLOAD_EVENT_START             DECIMAL(65535,2),
    UNLOAD_EVENT_END               DECIMAL(65535,2),
    UNLOAD_EVENT_DURATION          DECIMAL(65535,2),
    REDIRECT_START                 DECIMAL(65535,2),
    REDIRECT_END                   DECIMAL(65535,2),
    REDIRECT_DURATION              DECIMAL(65535,2),
    FETCH_START                    DECIMAL(65535,2),
    DOMAIN_LOOKUP_START            DECIMAL(65535,2),
    DOMAIN_LOOKUP_END              DECIMAL(65535,2),
    DOMAIN_LOOKUP_DURATION         DECIMAL(65535,2),
    CONNECT_START                  DECIMAL(65535,2),
    CONNECT_END                    DECIMAL(65535,2),
    CONNECT_DURATION               DECIMAL(65535,2),
    REQUEST_START                  DECIMAL(65535,2),
    RESPONSE_START                 DECIMAL(65535,2),
    RESPONSE_END                   DECIMAL(65535,2),
    RESPONSE_DURATION              DECIMAL(65535,2),
    REQUEST_TO_RESPONSE_DURATION   DECIMAL(65535,2),
    DOM_LOADING                    DECIMAL(65535,2),
    DOM_INTERACTIVE                DECIMAL(65535,2),
    DOM_CONTENT_LOADED_EVENT_START DECIMAL(65535,2),
    DOM_CONTENT_LOADED_EVENT_END   DECIMAL(65535,2),
    DOM_CONTENT_LOADED_EVENT       DECIMAL(65535,2),
    DOM_COMPLETE_DURATION          DECIMAL(65535,2),
    LOAD_EVENT_START               DECIMAL(65535,2),
    LOAD_EVENT_END                 DECIMAL(65535,2),
    LOAD_EVENT_DURATION            DECIMAL(65535,2),
    LATENCY_DURATION               DECIMAL(65535,2),
    PAGE_LOAD_DURATION             DECIMAL(65535,2),
    TOTAL_TIME_DURATION            DECIMAL(65535,2),
    MS_FIRST_PAINT                 DECIMAL(65535,2),
    MS_FIRST_PAINT_NAVSTARTDUR_MS  DECIMAL(65535,2),
    MS_FIRST_PAINT_LOAD_ENDDUR_MS  DECIMAL(65535,2),
    TYPE_NAME                      VARCHAR(255),
    REDIRECT_COUNT                 DECIMAL(65535,2),
    HASH 						   CHAR(64)
  )
10:09:19.019 [Test worker] DEBUG o.f.core.internal.command.DbMigrate - Successfully completed and committed migration of schema "PUBLIC" to version 1
10:09:19.019 [Test worker] DEBUG o.f.c.i.m.MetaDataTableImpl - MetaData table "PUBLIC"."schema_version" successfully updated to reflect changes
10:09:19.020 [Test worker] DEBUG o.f.core.internal.dbsupport.Table - Locking table "PUBLIC"."schema_version"...
10:09:19.020 [Test worker] DEBUG o.f.core.internal.dbsupport.Table - Lock acquired for table "PUBLIC"."schema_version"
10:09:19.020 [Test worker] INFO  o.f.core.internal.command.DbMigrate - Migrating schema "PUBLIC" to version 2 - Create cpu table
10:09:19.021 [Test worker] DEBUG o.f.c.internal.dbsupport.SqlScript - Found statement at line 1: CREATE TABLE CPU_USAGE
  (
    ID              BIGINT PRIMARY KEY AUTO_INCREMENT,
    CLIENT          VARCHAR(255) NOT NULL,
    ENVIRONMENT     VARCHAR(255) NOT NULL,
    SYS_DATETIME    TIMESTAMP,
    CPU_USAGE       DECIMAL(65535,2),
    HASH 			CHAR(64)
  )
10:09:19.021 [Test worker] DEBUG o.f.c.internal.dbsupport.SqlScript - Executing SQL: CREATE TABLE CPU_USAGE
  (
    ID              BIGINT PRIMARY KEY AUTO_INCREMENT,
    CLIENT          VARCHAR(255) NOT NULL,
    ENVIRONMENT     VARCHAR(255) NOT NULL,
    SYS_DATETIME    TIMESTAMP,
    CPU_USAGE       DECIMAL(65535,2),
    HASH 			CHAR(64)
  )
10:09:19.021 [Test worker] DEBUG o.f.core.internal.command.DbMigrate - Successfully completed and committed migration of schema "PUBLIC" to version 2
10:09:19.022 [Test worker] DEBUG o.f.c.i.m.MetaDataTableImpl - MetaData table "PUBLIC"."schema_version" successfully updated to reflect changes
10:09:19.022 [Test worker] DEBUG o.f.core.internal.dbsupport.Table - Locking table "PUBLIC"."schema_version"...
10:09:19.022 [Test worker] DEBUG o.f.core.internal.dbsupport.Table - Lock acquired for table "PUBLIC"."schema_version"
10:09:19.023 [Test worker] INFO  o.f.core.internal.command.DbMigrate - Migrating schema "PUBLIC" to version 3 - Create memory table
10:09:19.023 [Test worker] DEBUG o.f.c.internal.dbsupport.SqlScript - Found statement at line 1: CREATE TABLE MEMORY_USAGE
  (
    ID              BIGINT PRIMARY KEY AUTO_INCREMENT,
    CLIENT          VARCHAR(255) NOT NULL,
    ENVIRONMENT     VARCHAR(255) NOT NULL,
    SYS_DATETIME    TIMESTAMP,
    TOTAL_HEAP 		DECIMAL(65535,2),
	FREE_HEAP		DECIMAL(65535,2),
	HASH 			CHAR(64)
  )
10:09:19.023 [Test worker] DEBUG o.f.c.internal.dbsupport.SqlScript - Executing SQL: CREATE TABLE MEMORY_USAGE
  (
    ID              BIGINT PRIMARY KEY AUTO_INCREMENT,
    CLIENT          VARCHAR(255) NOT NULL,
    ENVIRONMENT     VARCHAR(255) NOT NULL,
    SYS_DATETIME    TIMESTAMP,
    TOTAL_HEAP 		DECIMAL(65535,2),
	FREE_HEAP		DECIMAL(65535,2),
	HASH 			CHAR(64)
  )
10:09:19.024 [Test worker] DEBUG o.f.core.internal.command.DbMigrate - Successfully completed and committed migration of schema "PUBLIC" to version 3
10:09:19.024 [Test worker] DEBUG o.f.c.i.m.MetaDataTableImpl - MetaData table "PUBLIC"."schema_version" successfully updated to reflect changes
10:09:19.025 [Test worker] DEBUG o.f.core.internal.dbsupport.Table - Locking table "PUBLIC"."schema_version"...
10:09:19.025 [Test worker] DEBUG o.f.core.internal.dbsupport.Table - Lock acquired for table "PUBLIC"."schema_version"
10:09:19.025 [Test worker] INFO  o.f.core.internal.command.DbMigrate - Migrating schema "PUBLIC" to version 4 - Create imported file table
10:09:19.026 [Test worker] DEBUG o.f.c.internal.dbsupport.SqlScript - Found statement at line 1: CREATE TABLE IMPORTED_FILE
  (
    ID              BIGINT PRIMARY KEY AUTO_INCREMENT,
    CLIENT          VARCHAR(255) NOT NULL,
    ENVIRONMENT     VARCHAR(255) NOT NULL,
    STATUS          VARCHAR(255),
    IMPORT_DATETIME TIMESTAMP,
    FILENAME        VARCHAR(255) NOT NULL,
    STACKTRACE		CLOB,
    CONSTRAINT UNIQUE_FILE UNIQUE (CLIENT, ENVIRONMENT, FILENAME)
  )
10:09:19.026 [Test worker] DEBUG o.f.c.internal.dbsupport.SqlScript - Executing SQL: CREATE TABLE IMPORTED_FILE
  (
    ID              BIGINT PRIMARY KEY AUTO_INCREMENT,
    CLIENT          VARCHAR(255) NOT NULL,
    ENVIRONMENT     VARCHAR(255) NOT NULL,
    STATUS          VARCHAR(255),
    IMPORT_DATETIME TIMESTAMP,
    FILENAME        VARCHAR(255) NOT NULL,
    STACKTRACE		CLOB,
    CONSTRAINT UNIQUE_FILE UNIQUE (CLIENT, ENVIRONMENT, FILENAME)
  )
10:09:19.026 [Test worker] DEBUG o.f.core.internal.command.DbMigrate - Successfully completed and committed migration of schema "PUBLIC" to version 4
10:09:19.027 [Test worker] DEBUG o.f.c.i.m.MetaDataTableImpl - MetaData table "PUBLIC"."schema_version" successfully updated to reflect changes
10:09:19.027 [Test worker] DEBUG o.f.core.internal.dbsupport.Table - Locking table "PUBLIC"."schema_version"...
10:09:19.027 [Test worker] DEBUG o.f.core.internal.dbsupport.Table - Lock acquired for table "PUBLIC"."schema_version"
10:09:19.028 [Test worker] INFO  o.f.core.internal.command.DbMigrate - Migrating schema "PUBLIC" to version 5 - Create events table
10:09:19.029 [Test worker] DEBUG o.f.c.internal.dbsupport.SqlScript - Found statement at line 1: CREATE TABLE EVENTS 
  (
    ID              BIGINT PRIMARY KEY AUTO_INCREMENT,
    CLIENT          VARCHAR2(255) NOT NULL,
    ENVIRONMENT     VARCHAR2(255) NOT NULL,
    DATUM           DATE, 
    "TYPE"          VARCHAR2(255), 
    BESCHREIBUNG    VARCHAR2(255)
  )
10:09:19.029 [Test worker] DEBUG o.f.c.internal.dbsupport.SqlScript - Found statement at line 11: INSERT INTO EVENTS (CLIENT, ENVIRONMENT, DATUM, TYPE, BESCHREIBUNG) 
  values ('Coop', 'pjazz', parsedatetime('31.01.2015','DD.MM.YYYY'), 'ignore_days', '100% CPU')
10:09:19.029 [Test worker] DEBUG o.f.c.internal.dbsupport.SqlScript - Found statement at line 13: INSERT INTO EVENTS (CLIENT, ENVIRONMENT, DATUM, TYPE, BESCHREIBUNG) 
  values ('Coop', 'pjazz', parsedatetime('05.01.2015','DD.MM.YYYY'), 'ignore_days', '100% CPU')
10:09:19.029 [Test worker] DEBUG o.f.c.internal.dbsupport.SqlScript - Found statement at line 15: INSERT INTO EVENTS (CLIENT, ENVIRONMENT, DATUM, TYPE, BESCHREIBUNG) 
  values ('Coop', 'pjazz', parsedatetime('16.02.2015','DD.MM.YYYY'), 'ignore_days', '100% CPU')
10:09:19.029 [Test worker] DEBUG o.f.c.internal.dbsupport.SqlScript - Executing SQL: CREATE TABLE EVENTS 
  (
    ID              BIGINT PRIMARY KEY AUTO_INCREMENT,
    CLIENT          VARCHAR2(255) NOT NULL,
    ENVIRONMENT     VARCHAR2(255) NOT NULL,
    DATUM           DATE, 
    "TYPE"          VARCHAR2(255), 
    BESCHREIBUNG    VARCHAR2(255)
  )
10:09:19.029 [Test worker] DEBUG o.f.c.internal.dbsupport.SqlScript - Executing SQL: INSERT INTO EVENTS (CLIENT, ENVIRONMENT, DATUM, TYPE, BESCHREIBUNG) 
  values ('Coop', 'pjazz', parsedatetime('31.01.2015','DD.MM.YYYY'), 'ignore_days', '100% CPU')
10:09:19.029 [Test worker] DEBUG o.f.c.internal.dbsupport.SqlScript - Executing SQL: INSERT INTO EVENTS (CLIENT, ENVIRONMENT, DATUM, TYPE, BESCHREIBUNG) 
  values ('Coop', 'pjazz', parsedatetime('05.01.2015','DD.MM.YYYY'), 'ignore_days', '100% CPU')
10:09:19.030 [Test worker] DEBUG o.f.c.internal.dbsupport.SqlScript - Executing SQL: INSERT INTO EVENTS (CLIENT, ENVIRONMENT, DATUM, TYPE, BESCHREIBUNG) 
  values ('Coop', 'pjazz', parsedatetime('16.02.2015','DD.MM.YYYY'), 'ignore_days', '100% CPU')
10:09:19.030 [Test worker] DEBUG o.f.core.internal.command.DbMigrate - Successfully completed and committed migration of schema "PUBLIC" to version 5
10:09:19.031 [Test worker] DEBUG o.f.c.i.m.MetaDataTableImpl - MetaData table "PUBLIC"."schema_version" successfully updated to reflect changes
10:09:19.031 [Test worker] DEBUG o.f.core.internal.dbsupport.Table - Locking table "PUBLIC"."schema_version"...
10:09:19.031 [Test worker] DEBUG o.f.core.internal.dbsupport.Table - Lock acquired for table "PUBLIC"."schema_version"
10:09:19.032 [Test worker] INFO  o.f.core.internal.command.DbMigrate - Successfully applied 5 migrations to schema "PUBLIC" (execution time 00:00.018s).
10:09:19.032 [Test worker] DEBUG c.m.query.sql.dml.SQLInsertClause - insert into PROFILING (FOCUS_KST_NUMMER, CLIENT, TOTAL_FETCH_TIME_MS, ENVIRONMENT, SYS_DATETIME, HASH) values (?, ?, ?, ?, ?, ?)
10:09:19.033 [Test worker] DEBUG c.mysema.query.sql.AbstractSQLQuery - select 1 from PROFILING PROFILING where PROFILING.CLIENT = ? and PROFILING.ENVIRONMENT = ? limit ?
10:09:19.033 [Test worker] DEBUG c.mysema.query.sql.AbstractSQLQuery - select 1 from PROFILING PROFILING where PROFILING.CLIENT = ? and PROFILING.ENVIRONMENT = ? limit ?
10:09:19.035 [Test worker] INFO  o.f.c.i.dbsupport.DbSupportFactory - Database: jdbc:h2:mem:test (H2 1.4)
10:09:19.035 [Test worker] DEBUG org.flywaydb.core.Flyway - DDL Transactions Supported: false
10:09:19.036 [Test worker] DEBUG org.flywaydb.core.Flyway - Schema: PUBLIC
10:09:19.036 [Test worker] DEBUG o.f.c.i.u.s.c.ClassPathScanner - Scanning for classpath resources at 'db/migration/h2' (Prefix: '', Suffix: '.sql')
10:09:19.036 [Test worker] DEBUG o.f.c.i.u.s.c.ClassPathScanner - Scanning URL: file:/C:/Workspace/ergon.zebra/zebra-utils/monitoring/monitoring-data/build/resources/main/db/migration/h2
10:09:19.036 [Test worker] DEBUG o.f.c.internal.util.FeatureDetector - JBoss VFS v2 available: false
10:09:19.036 [Test worker] DEBUG o.f.c.i.u.s.c.FileSystemClassPathLocationScanner - Scanning starting at classpath root in filesystem: C:\Workspace\ergon.zebra\zebra-utils\monitoring\monitoring-data\build\resources\main\
10:09:19.036 [Test worker] DEBUG o.f.c.i.u.s.c.FileSystemClassPathLocationScanner - Scanning for resources in path: C:\Workspace\ergon.zebra\zebra-utils\monitoring\monitoring-data\build\resources\main\db\migration\h2 (db/migration/h2)
10:09:19.037 [Test worker] DEBUG o.f.c.i.u.s.c.ClassPathScanner - Found resource: db/migration/h2/V1__Create_profiling_table.sql
10:09:19.037 [Test worker] DEBUG o.f.c.i.u.s.c.ClassPathScanner - Found resource: db/migration/h2/V2__Create_cpu_table.sql
10:09:19.037 [Test worker] DEBUG o.f.c.i.u.s.c.ClassPathScanner - Found resource: db/migration/h2/V3__Create_memory_table.sql
10:09:19.037 [Test worker] DEBUG o.f.c.i.u.s.c.ClassPathScanner - Found resource: db/migration/h2/V4__Create_imported_file_table.sql
10:09:19.037 [Test worker] DEBUG o.f.c.i.u.s.c.ClassPathScanner - Found resource: db/migration/h2/V5__Create_events_table.sql
10:09:19.037 [Test worker] DEBUG o.f.c.internal.util.FeatureDetector - Spring Jdbc available: false
10:09:19.037 [Test worker] DEBUG o.f.core.internal.command.DbValidate - Validating migrations ...
10:09:19.037 [Test worker] DEBUG o.f.c.i.u.s.c.ClassPathScanner - Scanning for classpath resources at 'db/migration/h2' (Prefix: 'V', Suffix: '.sql')
10:09:19.037 [Test worker] DEBUG o.f.c.i.u.s.c.ClassPathScanner - Scanning URL: file:/C:/Workspace/ergon.zebra/zebra-utils/monitoring/monitoring-data/build/resources/main/db/migration/h2
10:09:19.038 [Test worker] DEBUG o.f.c.internal.util.FeatureDetector - JBoss VFS v2 available: false
10:09:19.038 [Test worker] DEBUG o.f.c.i.u.s.c.FileSystemClassPathLocationScanner - Scanning starting at classpath root in filesystem: C:\Workspace\ergon.zebra\zebra-utils\monitoring\monitoring-data\build\resources\main\
10:09:19.038 [Test worker] DEBUG o.f.c.i.u.s.c.FileSystemClassPathLocationScanner - Scanning for resources in path: C:\Workspace\ergon.zebra\zebra-utils\monitoring\monitoring-data\build\resources\main\db\migration\h2 (db/migration/h2)
10:09:19.038 [Test worker] DEBUG o.f.c.i.u.s.c.ClassPathScanner - Found resource: db/migration/h2/V1__Create_profiling_table.sql
10:09:19.038 [Test worker] DEBUG o.f.c.i.u.s.c.ClassPathScanner - Found resource: db/migration/h2/V2__Create_cpu_table.sql
10:09:19.038 [Test worker] DEBUG o.f.c.i.u.s.c.ClassPathScanner - Found resource: db/migration/h2/V3__Create_memory_table.sql
10:09:19.038 [Test worker] DEBUG o.f.c.i.u.s.c.ClassPathScanner - Found resource: db/migration/h2/V4__Create_imported_file_table.sql
10:09:19.038 [Test worker] DEBUG o.f.c.i.u.s.c.ClassPathScanner - Found resource: db/migration/h2/V5__Create_events_table.sql
10:09:19.039 [Test worker] DEBUG o.f.c.i.u.s.c.ClassPathScanner - Scanning for classes at 'db/migration/h2' (Implementing: 'org.flywaydb.core.api.migration.jdbc.JdbcMigration')
10:09:19.040 [Test worker] DEBUG o.f.c.i.u.s.c.ClassPathScanner - Scanning URL: file:/C:/Workspace/ergon.zebra/zebra-utils/monitoring/monitoring-data/build/resources/main/db/migration/h2
10:09:19.040 [Test worker] DEBUG o.f.c.internal.util.FeatureDetector - JBoss VFS v2 available: false
10:09:19.040 [Test worker] DEBUG o.f.c.i.u.s.c.FileSystemClassPathLocationScanner - Scanning starting at classpath root in filesystem: C:\Workspace\ergon.zebra\zebra-utils\monitoring\monitoring-data\build\resources\main\
10:09:19.040 [Test worker] DEBUG o.f.c.i.u.s.c.FileSystemClassPathLocationScanner - Scanning for resources in path: C:\Workspace\ergon.zebra\zebra-utils\monitoring\monitoring-data\build\resources\main\db\migration\h2 (db/migration/h2)
10:09:19.040 [Test worker] DEBUG o.f.c.i.u.s.c.ClassPathScanner - Filtering out resource: db/migration/h2/V1__Create_profiling_table.sql (filename: V1__Create_profiling_table.sql)
10:09:19.040 [Test worker] DEBUG o.f.c.i.u.s.c.ClassPathScanner - Filtering out resource: db/migration/h2/V2__Create_cpu_table.sql (filename: V2__Create_cpu_table.sql)
10:09:19.040 [Test worker] DEBUG o.f.c.i.u.s.c.ClassPathScanner - Filtering out resource: db/migration/h2/V3__Create_memory_table.sql (filename: V3__Create_memory_table.sql)
10:09:19.040 [Test worker] DEBUG o.f.c.i.u.s.c.ClassPathScanner - Filtering out resource: db/migration/h2/V4__Create_imported_file_table.sql (filename: V4__Create_imported_file_table.sql)
10:09:19.040 [Test worker] DEBUG o.f.c.i.u.s.c.ClassPathScanner - Filtering out resource: db/migration/h2/V5__Create_events_table.sql (filename: V5__Create_events_table.sql)
10:09:19.041 [Test worker] INFO  o.f.core.internal.command.DbValidate - Validated 5 migrations (execution time 00:00.004s)
10:09:19.041 [Test worker] DEBUG o.f.core.internal.command.DbSchemas - Schema "PUBLIC" already exists. Skipping schema creation.
10:09:19.041 [Test worker] INFO  o.f.c.i.m.MetaDataTableImpl - Creating Metadata table: "PUBLIC"."schema_version"
10:09:19.042 [Test worker] DEBUG o.f.c.internal.dbsupport.SqlScript - Found statement at line 17: CREATE TABLE "PUBLIC"."schema_version" (
    "version_rank" INT NOT NULL,
    "installed_rank" INT NOT NULL,
    "version" VARCHAR(50) NOT NULL,
    "description" VARCHAR(200) NOT NULL,
    "type" VARCHAR(20) NOT NULL,
    "script" VARCHAR(1000) NOT NULL,
    "checksum" INT,
    "installed_by" VARCHAR(100) NOT NULL,
    "installed_on" TIMESTAMP NOT NULL DEFAULT CURRENT_TIMESTAMP,
    "execution_time" INT NOT NULL,
    "success" BOOLEAN NOT NULL
)
10:09:19.042 [Test worker] DEBUG o.f.c.internal.dbsupport.SqlScript - Found statement at line 30: ALTER TABLE "PUBLIC"."schema_version" ADD CONSTRAINT "schema_version_pk" PRIMARY KEY ("version")
10:09:19.042 [Test worker] DEBUG o.f.c.internal.dbsupport.SqlScript - Found statement at line 32: CREATE INDEX "PUBLIC"."schema_version_vr_idx" ON "PUBLIC"."schema_version" ("version_rank")
10:09:19.042 [Test worker] DEBUG o.f.c.internal.dbsupport.SqlScript - Found statement at line 33: CREATE INDEX "PUBLIC"."schema_version_ir_idx" ON "PUBLIC"."schema_version" ("installed_rank")
10:09:19.042 [Test worker] DEBUG o.f.c.internal.dbsupport.SqlScript - Found statement at line 34: CREATE INDEX "PUBLIC"."schema_version_s_idx" ON "PUBLIC"."schema_version" ("success")
10:09:19.042 [Test worker] DEBUG o.f.c.internal.dbsupport.SqlScript - Executing SQL: CREATE TABLE "PUBLIC"."schema_version" (
    "version_rank" INT NOT NULL,
    "installed_rank" INT NOT NULL,
    "version" VARCHAR(50) NOT NULL,
    "description" VARCHAR(200) NOT NULL,
    "type" VARCHAR(20) NOT NULL,
    "script" VARCHAR(1000) NOT NULL,
    "checksum" INT,
    "installed_by" VARCHAR(100) NOT NULL,
    "installed_on" TIMESTAMP NOT NULL DEFAULT CURRENT_TIMESTAMP,
    "execution_time" INT NOT NULL,
    "success" BOOLEAN NOT NULL
)
10:09:19.042 [Test worker] DEBUG o.f.c.internal.dbsupport.SqlScript - Executing SQL: ALTER TABLE "PUBLIC"."schema_version" ADD CONSTRAINT "schema_version_pk" PRIMARY KEY ("version")
10:09:19.042 [Test worker] DEBUG o.f.c.internal.dbsupport.SqlScript - Executing SQL: CREATE INDEX "PUBLIC"."schema_version_vr_idx" ON "PUBLIC"."schema_version" ("version_rank")
10:09:19.042 [Test worker] DEBUG o.f.c.internal.dbsupport.SqlScript - Executing SQL: CREATE INDEX "PUBLIC"."schema_version_ir_idx" ON "PUBLIC"."schema_version" ("installed_rank")
10:09:19.043 [Test worker] DEBUG o.f.c.internal.dbsupport.SqlScript - Executing SQL: CREATE INDEX "PUBLIC"."schema_version_s_idx" ON "PUBLIC"."schema_version" ("success")
10:09:19.043 [Test worker] DEBUG o.f.c.i.m.MetaDataTableImpl - Metadata table "PUBLIC"."schema_version" created.
10:09:19.043 [Test worker] DEBUG o.f.core.internal.dbsupport.Table - Locking table "PUBLIC"."schema_version"...
10:09:19.043 [Test worker] DEBUG o.f.core.internal.dbsupport.Table - Lock acquired for table "PUBLIC"."schema_version"
10:09:19.043 [Test worker] INFO  o.f.core.internal.command.DbMigrate - Current version of schema "PUBLIC": << Empty Schema >>
10:09:19.043 [Test worker] INFO  o.f.core.internal.command.DbMigrate - Migrating schema "PUBLIC" to version 1 - Create profiling table
10:09:19.044 [Test worker] DEBUG o.f.c.internal.dbsupport.SqlScript - Found statement at line 1: CREATE TABLE PROFILING
  (
    ID                             BIGINT PRIMARY KEY AUTO_INCREMENT,
    CLIENT                         VARCHAR(255) NOT NULL,
    ENVIRONMENT                    VARCHAR(255) NOT NULL,
    USECASE_ID                     VARCHAR(255),
    SERVER_EXECUTION_TIME_MS       DECIMAL(65535,2),
    SERVER_WAIT_TIME_MS            DECIMAL(65535,2),
    SERVER_EXEC_NO_WAIT_TIME_MS    DECIMAL(65535,2),
    SERVER_OVERHEAD_TIME_MS        DECIMAL(65535,2),
    REQUEST_ID                     DECIMAL(65535,2),
    SESSION_ID                     VARCHAR(255),
    SESSION_AGE_IN_MINUTES         DECIMAL(65535,2),
    USER_AGENT                     VARCHAR(255),
    HOST                           VARCHAR(255),
    CLIENT_IP_ADDRESS              VARCHAR(255),
    USECASE_EXPECTS_NAV_TIME       TINYINT CHECK(USECASE_EXPECTS_NAV_TIME = 1 || USECASE_EXPECTS_NAV_TIME = 0),
    STATEMENTS_EXECUTED            DECIMAL(65535,2),
    TOTAL_EXECUTION_TIME_MS        DECIMAL(65535,2),
    TOTAL_FETCH_TIME_MS            DECIMAL(65535,2),
    TOTAL_DATABASE_TIME_MS         DECIMAL(65535,2),
    MANDANT                        VARCHAR(255),
    LOGIN_NAME                     VARCHAR(255),
    FOCUS_DATE                     DATE,
    FOCUS_DATE_MINUS_SYSTEMDATE    DECIMAL(65535,2),
    FOCUS_KST_NUMMER               VARCHAR(255),
    FOCUS_KST_NR_OF_MITARBEITER    DECIMAL(65535,2),
    NR_OF_ACC_KOSTENSTELLE_TODAY   DECIMAL(65535,2),
    LIMIT_PEE_NUMMER               VARCHAR(255),
    SYS_DATETIME                   TIMESTAMP,
    WEEKDAY                        VARCHAR(255),
    ZEITART_NUMMER                 VARCHAR(255),
    MIN_ACTION_DATE                DATE,
    MAX_ACTION_DATE                DATE,
    MIN_ACTION_DATE_MINUS_SYSDAYS  DECIMAL(65535,2),
    MAX_ACTION_DATE_MINUS_SYSDAYS  DECIMAL(65535,2),
    ACTION_DATE_INTEVAL_DAYS       DECIMAL(65535,2),
    BW_DAUER_MS                    DECIMAL(65535,2),
    BW_MODE                        VARCHAR(255),
    PLANUNGEN_GENERIEREN_TAGE      DECIMAL(65535,2),
    PLANUNGEN_GENERIEREN_DAUER_MS  DECIMAL(65535,2),
    SOLL_GLEICH_IST_TAGE           DECIMAL(65535,2),
    SOLL_GLEICH_IST_DAUER_MS       DECIMAL(65535,2),
    BUCHUNGSLAUF_TAGE              DECIMAL(65535,2),
    BUCHUNGSLAUF_DAUER_MS          DECIMAL(65535,2),
    KONTOLAUF_TAGE                 DECIMAL(65535,2),
    KONTOLAUF_DAUER_MS             DECIMAL(65535,2),
    KONTOLAUF_ITERATIONEN          DECIMAL(65535,2),
    PLANUNGEN_NEURECHNEN_TAGE      DECIMAL(65535,2),
    PLANUNGEN_NEURECHNEN_DAUER_MS  DECIMAL(65535,2),
    FORCE_PLANUNG_NEURECHNEN       TINYINT CHECK(FORCE_PLANUNG_NEURECHNEN = 1 || FORCE_PLANUNG_NEURECHNEN = 0),
    ZEITART_REGEL_ENFORCM_ANZAHL   DECIMAL(65535,2),
    ZEITART_REGEL_ENFORCM_DAUER_MS DECIMAL(65535,2),
    WOCHE_NEU_RECHNEN_ANZAHL       DECIMAL(65535,2),
    WOCHE_NEU_RECHNEN_DAUER_MS     DECIMAL(65535,2),
    SYSTEM_CPU_LOAD                DECIMAL(65535,2),
    PROCESS_CPU_LOAD               DECIMAL(65535,2),
    SYSTEM_LOAD_AVERAGE            DECIMAL(65535,2),
    ZEBRA_VERSION                  VARCHAR(255),
    JAVA_VERSION                   VARCHAR(255),
    PAGE_LOADS_PER_SECOND          DECIMAL(65535,2),
    ACTIVE_SESSIONS_1              DECIMAL(65535,2),
    ACTIVE_SESSIONS_5              DECIMAL(65535,2),
    REAL_SERVER_TIME               TINYINT CHECK(REAL_SERVER_TIME = 1 || REAL_SERVER_TIME = 0),
    NAVIGATION_TIME_RECEIVED       TINYINT CHECK(NAVIGATION_TIME_RECEIVED = 1 || NAVIGATION_TIME_RECEIVED = 0),
    NAVIGATION_START               DECIMAL(65535,2),
    UNLOAD_EVENT_START             DECIMAL(65535,2),
    UNLOAD_EVENT_END               DECIMAL(65535,2),
    UNLOAD_EVENT_DURATION          DECIMAL(65535,2),
    REDIRECT_START                 DECIMAL(65535,2),
    REDIRECT_END                   DECIMAL(65535,2),
    REDIRECT_DURATION              DECIMAL(65535,2),
    FETCH_START                    DECIMAL(65535,2),
    DOMAIN_LOOKUP_START            DECIMAL(65535,2),
    DOMAIN_LOOKUP_END              DECIMAL(65535,2),
    DOMAIN_LOOKUP_DURATION         DECIMAL(65535,2),
    CONNECT_START                  DECIMAL(65535,2),
    CONNECT_END                    DECIMAL(65535,2),
    CONNECT_DURATION               DECIMAL(65535,2),
    REQUEST_START                  DECIMAL(65535,2),
    RESPONSE_START                 DECIMAL(65535,2),
    RESPONSE_END                   DECIMAL(65535,2),
    RESPONSE_DURATION              DECIMAL(65535,2),
    REQUEST_TO_RESPONSE_DURATION   DECIMAL(65535,2),
    DOM_LOADING                    DECIMAL(65535,2),
    DOM_INTERACTIVE                DECIMAL(65535,2),
    DOM_CONTENT_LOADED_EVENT_START DECIMAL(65535,2),
    DOM_CONTENT_LOADED_EVENT_END   DECIMAL(65535,2),
    DOM_CONTENT_LOADED_EVENT       DECIMAL(65535,2),
    DOM_COMPLETE_DURATION          DECIMAL(65535,2),
    LOAD_EVENT_START               DECIMAL(65535,2),
    LOAD_EVENT_END                 DECIMAL(65535,2),
    LOAD_EVENT_DURATION            DECIMAL(65535,2),
    LATENCY_DURATION               DECIMAL(65535,2),
    PAGE_LOAD_DURATION             DECIMAL(65535,2),
    TOTAL_TIME_DURATION            DECIMAL(65535,2),
    MS_FIRST_PAINT                 DECIMAL(65535,2),
    MS_FIRST_PAINT_NAVSTARTDUR_MS  DECIMAL(65535,2),
    MS_FIRST_PAINT_LOAD_ENDDUR_MS  DECIMAL(65535,2),
    TYPE_NAME                      VARCHAR(255),
    REDIRECT_COUNT                 DECIMAL(65535,2),
    HASH 						   CHAR(64)
  )
10:09:19.044 [Test worker] DEBUG o.f.c.internal.dbsupport.SqlScript - Executing SQL: CREATE TABLE PROFILING
  (
    ID                             BIGINT PRIMARY KEY AUTO_INCREMENT,
    CLIENT                         VARCHAR(255) NOT NULL,
    ENVIRONMENT                    VARCHAR(255) NOT NULL,
    USECASE_ID                     VARCHAR(255),
    SERVER_EXECUTION_TIME_MS       DECIMAL(65535,2),
    SERVER_WAIT_TIME_MS            DECIMAL(65535,2),
    SERVER_EXEC_NO_WAIT_TIME_MS    DECIMAL(65535,2),
    SERVER_OVERHEAD_TIME_MS        DECIMAL(65535,2),
    REQUEST_ID                     DECIMAL(65535,2),
    SESSION_ID                     VARCHAR(255),
    SESSION_AGE_IN_MINUTES         DECIMAL(65535,2),
    USER_AGENT                     VARCHAR(255),
    HOST                           VARCHAR(255),
    CLIENT_IP_ADDRESS              VARCHAR(255),
    USECASE_EXPECTS_NAV_TIME       TINYINT CHECK(USECASE_EXPECTS_NAV_TIME = 1 || USECASE_EXPECTS_NAV_TIME = 0),
    STATEMENTS_EXECUTED            DECIMAL(65535,2),
    TOTAL_EXECUTION_TIME_MS        DECIMAL(65535,2),
    TOTAL_FETCH_TIME_MS            DECIMAL(65535,2),
    TOTAL_DATABASE_TIME_MS         DECIMAL(65535,2),
    MANDANT                        VARCHAR(255),
    LOGIN_NAME                     VARCHAR(255),
    FOCUS_DATE                     DATE,
    FOCUS_DATE_MINUS_SYSTEMDATE    DECIMAL(65535,2),
    FOCUS_KST_NUMMER               VARCHAR(255),
    FOCUS_KST_NR_OF_MITARBEITER    DECIMAL(65535,2),
    NR_OF_ACC_KOSTENSTELLE_TODAY   DECIMAL(65535,2),
    LIMIT_PEE_NUMMER               VARCHAR(255),
    SYS_DATETIME                   TIMESTAMP,
    WEEKDAY                        VARCHAR(255),
    ZEITART_NUMMER                 VARCHAR(255),
    MIN_ACTION_DATE                DATE,
    MAX_ACTION_DATE                DATE,
    MIN_ACTION_DATE_MINUS_SYSDAYS  DECIMAL(65535,2),
    MAX_ACTION_DATE_MINUS_SYSDAYS  DECIMAL(65535,2),
    ACTION_DATE_INTEVAL_DAYS       DECIMAL(65535,2),
    BW_DAUER_MS                    DECIMAL(65535,2),
    BW_MODE                        VARCHAR(255),
    PLANUNGEN_GENERIEREN_TAGE      DECIMAL(65535,2),
    PLANUNGEN_GENERIEREN_DAUER_MS  DECIMAL(65535,2),
    SOLL_GLEICH_IST_TAGE           DECIMAL(65535,2),
    SOLL_GLEICH_IST_DAUER_MS       DECIMAL(65535,2),
    BUCHUNGSLAUF_TAGE              DECIMAL(65535,2),
    BUCHUNGSLAUF_DAUER_MS          DECIMAL(65535,2),
    KONTOLAUF_TAGE                 DECIMAL(65535,2),
    KONTOLAUF_DAUER_MS             DECIMAL(65535,2),
    KONTOLAUF_ITERATIONEN          DECIMAL(65535,2),
    PLANUNGEN_NEURECHNEN_TAGE      DECIMAL(65535,2),
    PLANUNGEN_NEURECHNEN_DAUER_MS  DECIMAL(65535,2),
    FORCE_PLANUNG_NEURECHNEN       TINYINT CHECK(FORCE_PLANUNG_NEURECHNEN = 1 || FORCE_PLANUNG_NEURECHNEN = 0),
    ZEITART_REGEL_ENFORCM_ANZAHL   DECIMAL(65535,2),
    ZEITART_REGEL_ENFORCM_DAUER_MS DECIMAL(65535,2),
    WOCHE_NEU_RECHNEN_ANZAHL       DECIMAL(65535,2),
    WOCHE_NEU_RECHNEN_DAUER_MS     DECIMAL(65535,2),
    SYSTEM_CPU_LOAD                DECIMAL(65535,2),
    PROCESS_CPU_LOAD               DECIMAL(65535,2),
    SYSTEM_LOAD_AVERAGE            DECIMAL(65535,2),
    ZEBRA_VERSION                  VARCHAR(255),
    JAVA_VERSION                   VARCHAR(255),
    PAGE_LOADS_PER_SECOND          DECIMAL(65535,2),
    ACTIVE_SESSIONS_1              DECIMAL(65535,2),
    ACTIVE_SESSIONS_5              DECIMAL(65535,2),
    REAL_SERVER_TIME               TINYINT CHECK(REAL_SERVER_TIME = 1 || REAL_SERVER_TIME = 0),
    NAVIGATION_TIME_RECEIVED       TINYINT CHECK(NAVIGATION_TIME_RECEIVED = 1 || NAVIGATION_TIME_RECEIVED = 0),
    NAVIGATION_START               DECIMAL(65535,2),
    UNLOAD_EVENT_START             DECIMAL(65535,2),
    UNLOAD_EVENT_END               DECIMAL(65535,2),
    UNLOAD_EVENT_DURATION          DECIMAL(65535,2),
    REDIRECT_START                 DECIMAL(65535,2),
    REDIRECT_END                   DECIMAL(65535,2),
    REDIRECT_DURATION              DECIMAL(65535,2),
    FETCH_START                    DECIMAL(65535,2),
    DOMAIN_LOOKUP_START            DECIMAL(65535,2),
    DOMAIN_LOOKUP_END              DECIMAL(65535,2),
    DOMAIN_LOOKUP_DURATION         DECIMAL(65535,2),
    CONNECT_START                  DECIMAL(65535,2),
    CONNECT_END                    DECIMAL(65535,2),
    CONNECT_DURATION               DECIMAL(65535,2),
    REQUEST_START                  DECIMAL(65535,2),
    RESPONSE_START                 DECIMAL(65535,2),
    RESPONSE_END                   DECIMAL(65535,2),
    RESPONSE_DURATION              DECIMAL(65535,2),
    REQUEST_TO_RESPONSE_DURATION   DECIMAL(65535,2),
    DOM_LOADING                    DECIMAL(65535,2),
    DOM_INTERACTIVE                DECIMAL(65535,2),
    DOM_CONTENT_LOADED_EVENT_START DECIMAL(65535,2),
    DOM_CONTENT_LOADED_EVENT_END   DECIMAL(65535,2),
    DOM_CONTENT_LOADED_EVENT       DECIMAL(65535,2),
    DOM_COMPLETE_DURATION          DECIMAL(65535,2),
    LOAD_EVENT_START               DECIMAL(65535,2),
    LOAD_EVENT_END                 DECIMAL(65535,2),
    LOAD_EVENT_DURATION            DECIMAL(65535,2),
    LATENCY_DURATION               DECIMAL(65535,2),
    PAGE_LOAD_DURATION             DECIMAL(65535,2),
    TOTAL_TIME_DURATION            DECIMAL(65535,2),
    MS_FIRST_PAINT                 DECIMAL(65535,2),
    MS_FIRST_PAINT_NAVSTARTDUR_MS  DECIMAL(65535,2),
    MS_FIRST_PAINT_LOAD_ENDDUR_MS  DECIMAL(65535,2),
    TYPE_NAME                      VARCHAR(255),
    REDIRECT_COUNT                 DECIMAL(65535,2),
    HASH 						   CHAR(64)
  )
10:09:19.045 [Test worker] DEBUG o.f.core.internal.command.DbMigrate - Successfully completed and committed migration of schema "PUBLIC" to version 1
10:09:19.046 [Test worker] DEBUG o.f.c.i.m.MetaDataTableImpl - MetaData table "PUBLIC"."schema_version" successfully updated to reflect changes
10:09:19.046 [Test worker] DEBUG o.f.core.internal.dbsupport.Table - Locking table "PUBLIC"."schema_version"...
10:09:19.046 [Test worker] DEBUG o.f.core.internal.dbsupport.Table - Lock acquired for table "PUBLIC"."schema_version"
10:09:19.046 [Test worker] INFO  o.f.core.internal.command.DbMigrate - Migrating schema "PUBLIC" to version 2 - Create cpu table
10:09:19.046 [Test worker] DEBUG o.f.c.internal.dbsupport.SqlScript - Found statement at line 1: CREATE TABLE CPU_USAGE
  (
    ID              BIGINT PRIMARY KEY AUTO_INCREMENT,
    CLIENT          VARCHAR(255) NOT NULL,
    ENVIRONMENT     VARCHAR(255) NOT NULL,
    SYS_DATETIME    TIMESTAMP,
    CPU_USAGE       DECIMAL(65535,2),
    HASH 			CHAR(64)
  )
10:09:19.046 [Test worker] DEBUG o.f.c.internal.dbsupport.SqlScript - Executing SQL: CREATE TABLE CPU_USAGE
  (
    ID              BIGINT PRIMARY KEY AUTO_INCREMENT,
    CLIENT          VARCHAR(255) NOT NULL,
    ENVIRONMENT     VARCHAR(255) NOT NULL,
    SYS_DATETIME    TIMESTAMP,
    CPU_USAGE       DECIMAL(65535,2),
    HASH 			CHAR(64)
  )
10:09:19.047 [Test worker] DEBUG o.f.core.internal.command.DbMigrate - Successfully completed and committed migration of schema "PUBLIC" to version 2
10:09:19.047 [Test worker] DEBUG o.f.c.i.m.MetaDataTableImpl - MetaData table "PUBLIC"."schema_version" successfully updated to reflect changes
10:09:19.047 [Test worker] DEBUG o.f.core.internal.dbsupport.Table - Locking table "PUBLIC"."schema_version"...
10:09:19.048 [Test worker] DEBUG o.f.core.internal.dbsupport.Table - Lock acquired for table "PUBLIC"."schema_version"
10:09:19.048 [Test worker] INFO  o.f.core.internal.command.DbMigrate - Migrating schema "PUBLIC" to version 3 - Create memory table
10:09:19.048 [Test worker] DEBUG o.f.c.internal.dbsupport.SqlScript - Found statement at line 1: CREATE TABLE MEMORY_USAGE
  (
    ID              BIGINT PRIMARY KEY AUTO_INCREMENT,
    CLIENT          VARCHAR(255) NOT NULL,
    ENVIRONMENT     VARCHAR(255) NOT NULL,
    SYS_DATETIME    TIMESTAMP,
    TOTAL_HEAP 		DECIMAL(65535,2),
	FREE_HEAP		DECIMAL(65535,2),
	HASH 			CHAR(64)
  )
10:09:19.048 [Test worker] DEBUG o.f.c.internal.dbsupport.SqlScript - Executing SQL: CREATE TABLE MEMORY_USAGE
  (
    ID              BIGINT PRIMARY KEY AUTO_INCREMENT,
    CLIENT          VARCHAR(255) NOT NULL,
    ENVIRONMENT     VARCHAR(255) NOT NULL,
    SYS_DATETIME    TIMESTAMP,
    TOTAL_HEAP 		DECIMAL(65535,2),
	FREE_HEAP		DECIMAL(65535,2),
	HASH 			CHAR(64)
  )
10:09:19.049 [Test worker] DEBUG o.f.core.internal.command.DbMigrate - Successfully completed and committed migration of schema "PUBLIC" to version 3
10:09:19.049 [Test worker] DEBUG o.f.c.i.m.MetaDataTableImpl - MetaData table "PUBLIC"."schema_version" successfully updated to reflect changes
10:09:19.049 [Test worker] DEBUG o.f.core.internal.dbsupport.Table - Locking table "PUBLIC"."schema_version"...
10:09:19.049 [Test worker] DEBUG o.f.core.internal.dbsupport.Table - Lock acquired for table "PUBLIC"."schema_version"
10:09:19.050 [Test worker] INFO  o.f.core.internal.command.DbMigrate - Migrating schema "PUBLIC" to version 4 - Create imported file table
10:09:19.050 [Test worker] DEBUG o.f.c.internal.dbsupport.SqlScript - Found statement at line 1: CREATE TABLE IMPORTED_FILE
  (
    ID              BIGINT PRIMARY KEY AUTO_INCREMENT,
    CLIENT          VARCHAR(255) NOT NULL,
    ENVIRONMENT     VARCHAR(255) NOT NULL,
    STATUS          VARCHAR(255),
    IMPORT_DATETIME TIMESTAMP,
    FILENAME        VARCHAR(255) NOT NULL,
    STACKTRACE		CLOB,
    CONSTRAINT UNIQUE_FILE UNIQUE (CLIENT, ENVIRONMENT, FILENAME)
  )
10:09:19.050 [Test worker] DEBUG o.f.c.internal.dbsupport.SqlScript - Executing SQL: CREATE TABLE IMPORTED_FILE
  (
    ID              BIGINT PRIMARY KEY AUTO_INCREMENT,
    CLIENT          VARCHAR(255) NOT NULL,
    ENVIRONMENT     VARCHAR(255) NOT NULL,
    STATUS          VARCHAR(255),
    IMPORT_DATETIME TIMESTAMP,
    FILENAME        VARCHAR(255) NOT NULL,
    STACKTRACE		CLOB,
    CONSTRAINT UNIQUE_FILE UNIQUE (CLIENT, ENVIRONMENT, FILENAME)
  )
10:09:19.051 [Test worker] DEBUG o.f.core.internal.command.DbMigrate - Successfully completed and committed migration of schema "PUBLIC" to version 4
10:09:19.051 [Test worker] DEBUG o.f.c.i.m.MetaDataTableImpl - MetaData table "PUBLIC"."schema_version" successfully updated to reflect changes
10:09:19.051 [Test worker] DEBUG o.f.core.internal.dbsupport.Table - Locking table "PUBLIC"."schema_version"...
10:09:19.051 [Test worker] DEBUG o.f.core.internal.dbsupport.Table - Lock acquired for table "PUBLIC"."schema_version"
10:09:19.052 [Test worker] INFO  o.f.core.internal.command.DbMigrate - Migrating schema "PUBLIC" to version 5 - Create events table
10:09:19.052 [Test worker] DEBUG o.f.c.internal.dbsupport.SqlScript - Found statement at line 1: CREATE TABLE EVENTS 
  (
    ID              BIGINT PRIMARY KEY AUTO_INCREMENT,
    CLIENT          VARCHAR2(255) NOT NULL,
    ENVIRONMENT     VARCHAR2(255) NOT NULL,
    DATUM           DATE, 
    "TYPE"          VARCHAR2(255), 
    BESCHREIBUNG    VARCHAR2(255)
  )
10:09:19.052 [Test worker] DEBUG o.f.c.internal.dbsupport.SqlScript - Found statement at line 11: INSERT INTO EVENTS (CLIENT, ENVIRONMENT, DATUM, TYPE, BESCHREIBUNG) 
  values ('Coop', 'pjazz', parsedatetime('31.01.2015','DD.MM.YYYY'), 'ignore_days', '100% CPU')
10:09:19.052 [Test worker] DEBUG o.f.c.internal.dbsupport.SqlScript - Found statement at line 13: INSERT INTO EVENTS (CLIENT, ENVIRONMENT, DATUM, TYPE, BESCHREIBUNG) 
  values ('Coop', 'pjazz', parsedatetime('05.01.2015','DD.MM.YYYY'), 'ignore_days', '100% CPU')
10:09:19.052 [Test worker] DEBUG o.f.c.internal.dbsupport.SqlScript - Found statement at line 15: INSERT INTO EVENTS (CLIENT, ENVIRONMENT, DATUM, TYPE, BESCHREIBUNG) 
  values ('Coop', 'pjazz', parsedatetime('16.02.2015','DD.MM.YYYY'), 'ignore_days', '100% CPU')
10:09:19.052 [Test worker] DEBUG o.f.c.internal.dbsupport.SqlScript - Executing SQL: CREATE TABLE EVENTS 
  (
    ID              BIGINT PRIMARY KEY AUTO_INCREMENT,
    CLIENT          VARCHAR2(255) NOT NULL,
    ENVIRONMENT     VARCHAR2(255) NOT NULL,
    DATUM           DATE, 
    "TYPE"          VARCHAR2(255), 
    BESCHREIBUNG    VARCHAR2(255)
  )
10:09:19.053 [Test worker] DEBUG o.f.c.internal.dbsupport.SqlScript - Executing SQL: INSERT INTO EVENTS (CLIENT, ENVIRONMENT, DATUM, TYPE, BESCHREIBUNG) 
  values ('Coop', 'pjazz', parsedatetime('31.01.2015','DD.MM.YYYY'), 'ignore_days', '100% CPU')
10:09:19.053 [Test worker] DEBUG o.f.c.internal.dbsupport.SqlScript - Executing SQL: INSERT INTO EVENTS (CLIENT, ENVIRONMENT, DATUM, TYPE, BESCHREIBUNG) 
  values ('Coop', 'pjazz', parsedatetime('05.01.2015','DD.MM.YYYY'), 'ignore_days', '100% CPU')
10:09:19.053 [Test worker] DEBUG o.f.c.internal.dbsupport.SqlScript - Executing SQL: INSERT INTO EVENTS (CLIENT, ENVIRONMENT, DATUM, TYPE, BESCHREIBUNG) 
  values ('Coop', 'pjazz', parsedatetime('16.02.2015','DD.MM.YYYY'), 'ignore_days', '100% CPU')
10:09:19.053 [Test worker] DEBUG o.f.core.internal.command.DbMigrate - Successfully completed and committed migration of schema "PUBLIC" to version 5
10:09:19.054 [Test worker] DEBUG o.f.c.i.m.MetaDataTableImpl - MetaData table "PUBLIC"."schema_version" successfully updated to reflect changes
10:09:19.054 [Test worker] DEBUG o.f.core.internal.dbsupport.Table - Locking table "PUBLIC"."schema_version"...
10:09:19.054 [Test worker] DEBUG o.f.core.internal.dbsupport.Table - Lock acquired for table "PUBLIC"."schema_version"
10:09:19.054 [Test worker] INFO  o.f.core.internal.command.DbMigrate - Successfully applied 5 migrations to schema "PUBLIC" (execution time 00:00.013s).
10:09:19.059 [Test worker] DEBUG c.m.query.sql.dml.SQLInsertClause - insert into PROFILING (FOCUS_KST_NUMMER, CLIENT, TOTAL_FETCH_TIME_MS, ENVIRONMENT, SYS_DATETIME, HASH) values (?, ?, ?, ?, ?, ?)
10:09:19.065 [Test worker] DEBUG c.mysema.query.sql.AbstractSQLQuery - select PROFILING.ID, PROFILING.FOCUS_DATE, PROFILING.FOCUS_KST_NUMMER, PROFILING.SERVER_EXECUTION_TIME_MS, PROFILING.TOTAL_TIME_DURATION, PROFILING.LATENCY_DURATION, PROFILING.PAGE_LOAD_DURATION, PROFILING.USER_AGENT, PROFILING.LOGIN_NAME, PROFILING.USECASE_ID, PROFILING.ZEBRA_VERSION, PROFILING.SYS_DATETIME, PROFILING.TOTAL_EXECUTION_TIME_MS, PROFILING.TOTAL_FETCH_TIME_MS, PROFILING.TOTAL_DATABASE_TIME_MS from PROFILING PROFILING where PROFILING.ID in (select PROFILING.ID from PROFILING PROFILING where PROFILING.ID between ? and ?) and PROFILING.CLIENT = ? and PROFILING.ENVIRONMENT = ? order by PROFILING.ID asc
]]></system-out>
  <system-err><![CDATA[]]></system-err>
</testsuite>
