<?xml version="1.0" encoding="UTF-8"?>
<testsuite name="ch.ergon.zebra.monitoring.arff.LineParserTest" tests="3" skipped="0" failures="0" errors="0" timestamp="2015-05-29T08:09:17" hostname="SESA" time="0.001">
  <properties/>
  <testcase name="testGetTokensEmptyString" classname="ch.ergon.zebra.monitoring.arff.LineParserTest" time="0.0"/>
  <testcase name="testGetTokens" classname="ch.ergon.zebra.monitoring.arff.LineParserTest" time="0.001"/>
  <testcase name="testGetTokensNull" classname="ch.ergon.zebra.monitoring.arff.LineParserTest" time="0.0"/>
  <system-out><![CDATA[]]></system-out>
  <system-err><![CDATA[]]></system-err>
</testsuite>
